INFO 2024-04-26 14:19:20,491 autoreload 67300 8302721728 Watching for file changes with StatReloader
INFO 2024-04-26 14:19:31,332 views 67300 6200913920 Index page accessed
INFO 2024-04-26 14:19:31,334 basehttp 67300 6200913920 "GET /prefix/prefix/ HTTP/1.1" 200 13
WARNING 2024-04-26 14:19:31,356 log 67300 6200913920 Not Found: /favicon.ico
WARNING 2024-04-26 14:19:31,356 basehttp 67300 6200913920 "GET /favicon.ico HTTP/1.1" 404 2220
ERROR 2024-04-26 14:19:37,547 views 67300 6200913920 Error in about page: division by zero
Traceback (most recent call last):
  File "/Users/ainurshamsutdinov/Projects/geekbrains/django/1-lecture-django/myproject/myapp/views.py", line 18, in about
    result = 1 / 0
             ~~^~~
ZeroDivisionError: division by zero
INFO 2024-04-26 14:19:37,549 basehttp 67300 6200913920 "GET /prefix/about/ HTTP/1.1" 200 27
INFO 2024-04-26 14:19:58,749 basehttp 67300 6234566656 "GET /prefix/about HTTP/1.1" 301 0
ERROR 2024-04-26 14:19:58,908 views 67300 6234566656 Error in about page: division by zero
Traceback (most recent call last):
  File "/Users/ainurshamsutdinov/Projects/geekbrains/django/1-lecture-django/myproject/myapp/views.py", line 18, in about
    result = 1 / 0
             ~~^~~
ZeroDivisionError: division by zero
INFO 2024-04-26 14:19:58,910 basehttp 67300 6234566656 "GET /prefix/about/ HTTP/1.1" 200 27
ERROR 2024-04-26 14:20:12,903 views 67300 6234566656 Error in about page: division by zero
Traceback (most recent call last):
  File "/Users/ainurshamsutdinov/Projects/geekbrains/django/1-lecture-django/myproject/myapp/views.py", line 18, in about
    result = 1 / 0
             ~~^~~
ZeroDivisionError: division by zero
INFO 2024-04-26 14:20:12,905 basehttp 67300 6234566656 "GET /prefix/about/ HTTP/1.1" 200 27
INFO 2024-04-26 14:20:21,825 basehttp 67300 6234566656 - Broken pipe from ('192.168.1.6', 56222)
INFO 2024-04-26 14:23:13,757 basehttp 67300 6217740288 code 400, message Bad request version ('WG%hnsväWN\x86¨(Éô\x92Wû2\x07')
ERROR 2024-04-26 14:23:13,758 basehttp 67300 6217740288 You're accessing the development server over HTTPS, but it only supports HTTP.
INFO 2024-04-26 14:23:13,759 basehttp 67300 6217740288 code 400, message Bad request version ('úú\x13\x01\x13\x02\x13\x03À+À/À,À0Ì©Ì¨À\x13À\x14\x00\x9c\x00\x9d\x00/\x005\x01\x00\x06s')
ERROR 2024-04-26 14:23:13,759 basehttp 67300 6217740288 You're accessing the development server over HTTPS, but it only supports HTTP.
ERROR 2024-04-26 14:35:13,134 views 67300 6200913920 Error in about page: division by zero
Traceback (most recent call last):
  File "/Users/ainurshamsutdinov/Projects/geekbrains/django/1-lecture-django/myproject/myapp/views.py", line 18, in about
    result = 1 / 0
             ~~^~~
ZeroDivisionError: division by zero
INFO 2024-04-26 14:35:13,135 basehttp 67300 6200913920 "GET /prefix/about/ HTTP/1.1" 200 27
ERROR 2024-04-26 14:35:20,346 views 67300 6200913920 Error in about page: division by zero
Traceback (most recent call last):
  File "/Users/ainurshamsutdinov/Projects/geekbrains/django/1-lecture-django/myproject/myapp/views.py", line 18, in about
    result = 1 / 0
             ~~^~~
ZeroDivisionError: division by zero
INFO 2024-04-26 14:35:20,347 basehttp 67300 6200913920 "GET /prefix/about/ HTTP/1.1" 200 27
INFO 2024-04-27 14:53:06,517 autoreload 76751 8302721728 Watching for file changes with StatReloader
INFO 2024-04-27 14:55:19,712 autoreload 76776 8302721728 Watching for file changes with StatReloader
INFO 2024-04-30 12:03:58,993 autoreload 21634 8346892992 Watching for file changes with StatReloader
INFO 2024-04-30 12:15:24,411 autoreload 21860 8346892992 Watching for file changes with StatReloader
INFO 2024-04-30 12:15:56,843 autoreload 21860 8346892992 /Users/ainurshamsutdinov/Projects/geekbrains/django/1-lecture-django/myproject/myproject/urls.py changed, reloading.
INFO 2024-04-30 12:15:56,997 autoreload 21895 8346892992 Watching for file changes with StatReloader
INFO 2024-04-30 12:16:28,416 basehttp 21895 6188986368 "GET /les3/hello HTTP/1.1" 301 0
INFO 2024-04-30 12:16:28,418 basehttp 21895 6205812736 "GET /les3/hello/ HTTP/1.1" 200 26
WARNING 2024-04-30 12:16:28,468 log 21895 6205812736 Not Found: /favicon.ico
WARNING 2024-04-30 12:16:28,468 basehttp 21895 6205812736 "GET /favicon.ico HTTP/1.1" 404 2325
INFO 2024-04-30 12:16:39,675 basehttp 21895 6205812736 "GET /les3/hello2/ HTTP/1.1" 200 23
INFO 2024-04-30 12:24:32,566 autoreload 21895 8346892992 /Users/ainurshamsutdinov/Projects/geekbrains/django/1-lecture-django/myproject/myapp3/urls.py changed, reloading.
INFO 2024-04-30 12:24:32,712 autoreload 21998 8346892992 Watching for file changes with StatReloader
INFO 2024-04-30 12:54:24,270 autoreload 22502 8346892992 Watching for file changes with StatReloader
INFO 2024-04-30 12:57:39,434 autoreload 22502 8346892992 /Users/ainurshamsutdinov/Projects/geekbrains/django/1-lecture-django/myproject/myapp3/views.py changed, reloading.
INFO 2024-04-30 12:57:39,590 autoreload 22603 8346892992 Watching for file changes with StatReloader
WARNING 2024-04-30 12:57:54,046 log 22603 6199586816 Not Found: /les3/
WARNING 2024-04-30 12:57:54,046 basehttp 22603 6199586816 "GET /les3/ HTTP/1.1" 404 3176
WARNING 2024-04-30 12:58:04,447 log 22603 6199586816 Not Found: /les3/posts
WARNING 2024-04-30 12:58:04,447 basehttp 22603 6199586816 "GET /les3/posts HTTP/1.1" 404 3191
INFO 2024-04-30 12:58:16,591 basehttp 22603 6199586816 "GET /les3/posts/2002 HTTP/1.1" 200 59
WARNING 2024-04-30 12:58:38,174 log 22603 6199586816 Not Found: /les3/posts/2002/20/a;sldkfjpwoiejlk
WARNING 2024-04-30 12:58:38,174 basehttp 22603 6199586816 "GET /les3/posts/2002/20/a;sldkfjpwoiejlk HTTP/1.1" 404 3268
WARNING 2024-04-30 12:59:09,077 log 22603 6199586816 Not Found: /les3/posts/2002/20/a;sldkfjpwoiejlk
WARNING 2024-04-30 12:59:09,078 basehttp 22603 6199586816 "GET /les3/posts/2002/20/a;sldkfjpwoiejlk HTTP/1.1" 404 3268
INFO 2024-04-30 12:59:15,243 basehttp 22603 6199586816 "GET /les3/posts/2002/20/asldkfjpwoiejlk HTTP/1.1" 200 61
INFO 2024-04-30 13:00:14,829 autoreload 22603 8346892992 /Users/ainurshamsutdinov/Projects/geekbrains/django/1-lecture-django/myproject/myapp3/views.py changed, reloading.
INFO 2024-04-30 13:00:14,957 autoreload 22654 8346892992 Watching for file changes with StatReloader
INFO 2024-04-30 13:00:49,417 autoreload 22654 8346892992 /Users/ainurshamsutdinov/Projects/geekbrains/django/1-lecture-django/myproject/myapp3/views.py changed, reloading.
INFO 2024-04-30 13:00:49,556 autoreload 22692 8346892992 Watching for file changes with StatReloader
INFO 2024-04-30 13:01:19,053 basehttp 22692 6168375296 "GET /les3/posts/2002/20/asldkfjpwoiejlk HTTP/1.1" 200 89
INFO 2024-04-30 13:01:37,353 basehttp 22692 6168375296 "GET /les3/posts/2002/20/asldkfjpwoiejlk HTTP/1.1" 200 89
INFO 2024-04-30 13:01:38,533 basehttp 22692 6168375296 "GET /les3/posts/2002/20/asldkfjpwoiejlk HTTP/1.1" 200 89
INFO 2024-04-30 13:01:39,287 basehttp 22692 6168375296 "GET /les3/posts/2002/20/asldkfjpwoiejlk HTTP/1.1" 200 89
INFO 2024-04-30 13:01:40,368 autoreload 22692 8346892992 /Users/ainurshamsutdinov/Projects/geekbrains/django/1-lecture-django/myproject/myapp3/views.py changed, reloading.
INFO 2024-04-30 13:01:40,520 autoreload 22707 8346892992 Watching for file changes with StatReloader
INFO 2024-04-30 13:01:49,652 basehttp 22707 6130839552 "GET /les3/posts/2002/20/asldkfjpwoiejlk HTTP/1.1" 200 89
INFO 2024-04-30 13:15:17,917 basehttp 22707 6130839552 "GET /les3/posts/2002/20/asldkfjpwoiejlk HTTP/1.1" 200 89
INFO 2024-04-30 13:15:21,907 basehttp 22707 6130839552 "GET /les3/posts/2002/20 HTTP/1.1" 200 60
INFO 2024-04-30 13:15:27,639 basehttp 22707 6130839552 "GET /les3/posts/2002 HTTP/1.1" 200 59
INFO 2024-04-30 13:18:41,195 autoreload 22707 8346892992 /Users/ainurshamsutdinov/Projects/geekbrains/django/1-lecture-django/myproject/myapp3/views.py changed, reloading.
INFO 2024-04-30 13:18:41,347 autoreload 22943 8346892992 Watching for file changes with StatReloader
INFO 2024-04-30 13:18:48,008 basehttp 22943 6135115776 "GET /les3/posts/2002/20/asldkfjpwoiejlk HTTP/1.1" 200 152
INFO 2024-04-30 13:19:55,658 basehttp 22943 6168768512 "GET /les3/posts/2002/20/asldkfjpwoiejlk HTTP/1.1" 200 152
INFO 2024-04-30 13:21:13,198 basehttp 22943 6168768512 "GET /les3/posts/2002/20/asldkfjpwoiejlk HTTP/1.1" 200 152
INFO 2024-04-30 13:21:16,580 autoreload 22943 8346892992 /Users/ainurshamsutdinov/Projects/geekbrains/django/1-lecture-django/myproject/myapp3/views.py changed, reloading.
INFO 2024-04-30 13:21:16,717 autoreload 22988 8346892992 Watching for file changes with StatReloader
INFO 2024-04-30 13:21:18,745 basehttp 22988 6201503744 "GET /les3/posts/2002/20/asldkfjpwoiejlk HTTP/1.1" 200 179
INFO 2024-04-30 13:21:35,052 autoreload 22988 8346892992 /Users/ainurshamsutdinov/Projects/geekbrains/django/1-lecture-django/myproject/myapp3/views.py changed, reloading.
INFO 2024-04-30 13:21:35,189 autoreload 22997 8346892992 Watching for file changes with StatReloader
INFO 2024-04-30 13:21:37,380 basehttp 22997 6203273216 "GET /les3/posts/2002/20/asldkfjpwoiejlk HTTP/1.1" 200 295
INFO 2024-04-30 13:31:54,547 autoreload 22997 8346892992 /Users/ainurshamsutdinov/Projects/geekbrains/django/1-lecture-django/myproject/myapp3/views.py changed, reloading.
INFO 2024-04-30 13:31:54,704 autoreload 23132 8346892992 Watching for file changes with StatReloader
INFO 2024-04-30 13:33:53,209 autoreload 23132 8346892992 /Users/ainurshamsutdinov/Projects/geekbrains/django/1-lecture-django/myproject/myapp3/views.py changed, reloading.
INFO 2024-04-30 13:33:53,361 autoreload 23191 8346892992 Watching for file changes with StatReloader
INFO 2024-04-30 13:33:58,776 basehttp 23191 6156660736 "GET /les3/ HTTP/1.1" 200 170
INFO 2024-04-30 13:35:05,576 basehttp 23191 6156660736 "GET /les3/ HTTP/1.1" 200 170
INFO 2024-04-30 13:35:08,392 autoreload 23191 8346892992 /Users/ainurshamsutdinov/Projects/geekbrains/django/1-lecture-django/myproject/myapp3/views.py changed, reloading.
INFO 2024-04-30 13:35:08,546 autoreload 23238 8346892992 Watching for file changes with StatReloader
INFO 2024-04-30 13:35:13,285 basehttp 23238 6191165440 "GET /les3/ HTTP/1.1" 200 216
INFO 2024-04-30 13:40:15,467 autoreload 23238 8346892992 /Users/ainurshamsutdinov/Projects/geekbrains/django/1-lecture-django/myproject/myapp3/views.py changed, reloading.
INFO 2024-04-30 13:40:15,626 autoreload 23357 8346892992 Watching for file changes with StatReloader
ERROR 2024-04-30 13:40:17,635 log 23357 6203387904 Internal Server Error: /les3/
Traceback (most recent call last):
  File "/Users/ainurshamsutdinov/Projects/geekbrains/django/1-lecture-django/.venv/lib/python3.12/site-packages/django/template/smartif.py", line 180, in translate_token
    op = OPERATORS[token]
         ~~~~~~~~~^^^^^^^
KeyError: '>=2'

During handling of the above exception, another exception occurred:

Traceback (most recent call last):
  File "/Users/ainurshamsutdinov/Projects/geekbrains/django/1-lecture-django/.venv/lib/python3.12/site-packages/django/core/handlers/exception.py", line 55, in inner
    response = get_response(request)
               ^^^^^^^^^^^^^^^^^^^^^
  File "/Users/ainurshamsutdinov/Projects/geekbrains/django/1-lecture-django/.venv/lib/python3.12/site-packages/django/core/handlers/base.py", line 197, in _get_response
    response = wrapped_callback(request, *callback_args, **callback_kwargs)
               ^^^^^^^^^^^^^^^^^^^^^^^^^^^^^^^^^^^^^^^^^^^^^^^^^^^^^^^^^^^^
  File "/Users/ainurshamsutdinov/Projects/geekbrains/django/1-lecture-django/myproject/myapp3/views.py", line 50, in my_view
    return render(request, 'myapp3/my_template.html', context)
           ^^^^^^^^^^^^^^^^^^^^^^^^^^^^^^^^^^^^^^^^^^^^^^^^^^^
  File "/Users/ainurshamsutdinov/Projects/geekbrains/django/1-lecture-django/.venv/lib/python3.12/site-packages/django/shortcuts.py", line 25, in render
    content = loader.render_to_string(template_name, context, request, using=using)
              ^^^^^^^^^^^^^^^^^^^^^^^^^^^^^^^^^^^^^^^^^^^^^^^^^^^^^^^^^^^^^^^^^^^^^
  File "/Users/ainurshamsutdinov/Projects/geekbrains/django/1-lecture-django/.venv/lib/python3.12/site-packages/django/template/loader.py", line 61, in render_to_string
    template = get_template(template_name, using=using)
               ^^^^^^^^^^^^^^^^^^^^^^^^^^^^^^^^^^^^^^^^
  File "/Users/ainurshamsutdinov/Projects/geekbrains/django/1-lecture-django/.venv/lib/python3.12/site-packages/django/template/loader.py", line 15, in get_template
    return engine.get_template(template_name)
           ^^^^^^^^^^^^^^^^^^^^^^^^^^^^^^^^^^
  File "/Users/ainurshamsutdinov/Projects/geekbrains/django/1-lecture-django/.venv/lib/python3.12/site-packages/django/template/backends/django.py", line 33, in get_template
    return Template(self.engine.get_template(template_name), self)
                    ^^^^^^^^^^^^^^^^^^^^^^^^^^^^^^^^^^^^^^^
  File "/Users/ainurshamsutdinov/Projects/geekbrains/django/1-lecture-django/.venv/lib/python3.12/site-packages/django/template/engine.py", line 177, in get_template
    template, origin = self.find_template(template_name)
                       ^^^^^^^^^^^^^^^^^^^^^^^^^^^^^^^^^
  File "/Users/ainurshamsutdinov/Projects/geekbrains/django/1-lecture-django/.venv/lib/python3.12/site-packages/django/template/engine.py", line 159, in find_template
    template = loader.get_template(name, skip=skip)
               ^^^^^^^^^^^^^^^^^^^^^^^^^^^^^^^^^^^^
  File "/Users/ainurshamsutdinov/Projects/geekbrains/django/1-lecture-django/.venv/lib/python3.12/site-packages/django/template/loaders/cached.py", line 57, in get_template
    template = super().get_template(template_name, skip)
               ^^^^^^^^^^^^^^^^^^^^^^^^^^^^^^^^^^^^^^^^^
  File "/Users/ainurshamsutdinov/Projects/geekbrains/django/1-lecture-django/.venv/lib/python3.12/site-packages/django/template/loaders/base.py", line 28, in get_template
    return Template(
           ^^^^^^^^^
  File "/Users/ainurshamsutdinov/Projects/geekbrains/django/1-lecture-django/.venv/lib/python3.12/site-packages/django/template/base.py", line 154, in __init__
    self.nodelist = self.compile_nodelist()
                    ^^^^^^^^^^^^^^^^^^^^^^^
  File "/Users/ainurshamsutdinov/Projects/geekbrains/django/1-lecture-django/.venv/lib/python3.12/site-packages/django/template/base.py", line 196, in compile_nodelist
    return parser.parse()
           ^^^^^^^^^^^^^^
  File "/Users/ainurshamsutdinov/Projects/geekbrains/django/1-lecture-django/.venv/lib/python3.12/site-packages/django/template/base.py", line 510, in parse
    raise self.error(token, e)
  File "/Users/ainurshamsutdinov/Projects/geekbrains/django/1-lecture-django/.venv/lib/python3.12/site-packages/django/template/base.py", line 508, in parse
    compiled_result = compile_func(self, token)
                      ^^^^^^^^^^^^^^^^^^^^^^^^^
  File "/Users/ainurshamsutdinov/Projects/geekbrains/django/1-lecture-django/.venv/lib/python3.12/site-packages/django/template/defaulttags.py", line 968, in do_if
    condition = TemplateIfParser(parser, bits).parse()
                ^^^^^^^^^^^^^^^^^^^^^^^^^^^^^^
  File "/Users/ainurshamsutdinov/Projects/geekbrains/django/1-lecture-django/.venv/lib/python3.12/site-packages/django/template/defaulttags.py", line 893, in __init__
    super().__init__(*args, **kwargs)
  File "/Users/ainurshamsutdinov/Projects/geekbrains/django/1-lecture-django/.venv/lib/python3.12/site-packages/django/template/smartif.py", line 171, in __init__
    mapped_tokens.append(self.translate_token(token))
                         ^^^^^^^^^^^^^^^^^^^^^^^^^^^
  File "/Users/ainurshamsutdinov/Projects/geekbrains/django/1-lecture-django/.venv/lib/python3.12/site-packages/django/template/smartif.py", line 182, in translate_token
    return self.create_var(token)
           ^^^^^^^^^^^^^^^^^^^^^^
  File "/Users/ainurshamsutdinov/Projects/geekbrains/django/1-lecture-django/.venv/lib/python3.12/site-packages/django/template/defaulttags.py", line 896, in create_var
    return TemplateLiteral(self.template_parser.compile_filter(value), value)
                           ^^^^^^^^^^^^^^^^^^^^^^^^^^^^^^^^^^^^^^^^^^
  File "/Users/ainurshamsutdinov/Projects/geekbrains/django/1-lecture-django/.venv/lib/python3.12/site-packages/django/template/base.py", line 597, in compile_filter
    return FilterExpression(token, self)
           ^^^^^^^^^^^^^^^^^^^^^^^^^^^^^
  File "/Users/ainurshamsutdinov/Projects/geekbrains/django/1-lecture-django/.venv/lib/python3.12/site-packages/django/template/base.py", line 698, in __init__
    raise TemplateSyntaxError(
django.template.exceptions.TemplateSyntaxError: Could not parse the remainder: '>=2' from '>=2'
ERROR 2024-04-30 13:40:17,640 basehttp 23357 6203387904 "GET /les3/ HTTP/1.1" 500 163663
INFO 2024-04-30 13:41:37,384 basehttp 23357 6203387904 "GET /les3/ HTTP/1.1" 200 281
INFO 2024-04-30 13:41:57,189 autoreload 23357 8346892992 /Users/ainurshamsutdinov/Projects/geekbrains/django/1-lecture-django/myproject/myapp3/views.py changed, reloading.
INFO 2024-04-30 13:41:57,341 autoreload 23381 8346892992 Watching for file changes with StatReloader
INFO 2024-04-30 13:41:59,271 basehttp 23381 6168440832 "GET /les3/ HTTP/1.1" 200 292
INFO 2024-04-30 13:43:33,655 autoreload 23381 8346892992 /Users/ainurshamsutdinov/Projects/geekbrains/django/1-lecture-django/myproject/myapp3/views.py changed, reloading.
INFO 2024-04-30 13:43:33,810 autoreload 23423 8346892992 Watching for file changes with StatReloader
INFO 2024-04-30 13:43:39,881 basehttp 23423 6126907392 "GET /les3/ HTTP/1.1" 200 339
INFO 2024-04-30 13:55:32,710 autoreload 23423 8346892992 /Users/ainurshamsutdinov/Projects/geekbrains/django/1-lecture-django/myproject/myapp3/urls.py changed, reloading.
INFO 2024-04-30 13:55:32,871 autoreload 23632 8346892992 Watching for file changes with StatReloader
INFO 2024-04-30 13:55:37,905 basehttp 23632 6156775424 "GET /les3/if HTTP/1.1" 301 0
ERROR 2024-04-30 13:55:37,929 log 23632 6173601792 Internal Server Error: /les3/if/
Traceback (most recent call last):
  File "/Users/ainurshamsutdinov/Projects/geekbrains/django/1-lecture-django/.venv/lib/python3.12/site-packages/django/core/handlers/exception.py", line 55, in inner
    response = get_response(request)
               ^^^^^^^^^^^^^^^^^^^^^
  File "/Users/ainurshamsutdinov/Projects/geekbrains/django/1-lecture-django/.venv/lib/python3.12/site-packages/django/core/handlers/base.py", line 197, in _get_response
    response = wrapped_callback(request, *callback_args, **callback_kwargs)
               ^^^^^^^^^^^^^^^^^^^^^^^^^^^^^^^^^^^^^^^^^^^^^^^^^^^^^^^^^^^^
  File "/Users/ainurshamsutdinov/Projects/geekbrains/django/1-lecture-django/.venv/lib/python3.12/site-packages/django/views/generic/base.py", line 104, in view
    return self.dispatch(request, *args, **kwargs)
           ^^^^^^^^^^^^^^^^^^^^^^^^^^^^^^^^^^^^^^^
  File "/Users/ainurshamsutdinov/Projects/geekbrains/django/1-lecture-django/.venv/lib/python3.12/site-packages/django/views/generic/base.py", line 143, in dispatch
    return handler(request, *args, **kwargs)
           ^^^^^^^^^^^^^^^^^^^^^^^^^^^^^^^^^
  File "/Users/ainurshamsutdinov/Projects/geekbrains/django/1-lecture-django/.venv/lib/python3.12/site-packages/django/views/generic/base.py", line 226, in get
    context = self.get_context_data(**kwargs)
              ^^^^^^^^^^^^^^^^^^^^^^^^^^^^^^^
  File "/Users/ainurshamsutdinov/Projects/geekbrains/django/1-lecture-django/myproject/myapp3/views.py", line 60, in get_context_data
    context = super.get_context_data(**kwargs)
              ^^^^^^^^^^^^^^^^^^^^^^
AttributeError: type object 'super' has no attribute 'get_context_data'
ERROR 2024-04-30 13:55:37,931 basehttp 23632 6173601792 "GET /les3/if/ HTTP/1.1" 500 75380
WARNING 2024-04-30 13:55:50,016 log 23632 6173601792 Not Found: /les3/if/asdf
WARNING 2024-04-30 13:55:50,017 basehttp 23632 6173601792 "GET /les3/if/asdf HTTP/1.1" 404 3535
ERROR 2024-04-30 13:56:20,415 log 23632 6173601792 Internal Server Error: /les3/if/
Traceback (most recent call last):
  File "/Users/ainurshamsutdinov/Projects/geekbrains/django/1-lecture-django/.venv/lib/python3.12/site-packages/django/core/handlers/exception.py", line 55, in inner
    response = get_response(request)
               ^^^^^^^^^^^^^^^^^^^^^
  File "/Users/ainurshamsutdinov/Projects/geekbrains/django/1-lecture-django/.venv/lib/python3.12/site-packages/django/core/handlers/base.py", line 197, in _get_response
    response = wrapped_callback(request, *callback_args, **callback_kwargs)
               ^^^^^^^^^^^^^^^^^^^^^^^^^^^^^^^^^^^^^^^^^^^^^^^^^^^^^^^^^^^^
  File "/Users/ainurshamsutdinov/Projects/geekbrains/django/1-lecture-django/.venv/lib/python3.12/site-packages/django/views/generic/base.py", line 104, in view
    return self.dispatch(request, *args, **kwargs)
           ^^^^^^^^^^^^^^^^^^^^^^^^^^^^^^^^^^^^^^^
  File "/Users/ainurshamsutdinov/Projects/geekbrains/django/1-lecture-django/.venv/lib/python3.12/site-packages/django/views/generic/base.py", line 143, in dispatch
    return handler(request, *args, **kwargs)
           ^^^^^^^^^^^^^^^^^^^^^^^^^^^^^^^^^
  File "/Users/ainurshamsutdinov/Projects/geekbrains/django/1-lecture-django/.venv/lib/python3.12/site-packages/django/views/generic/base.py", line 226, in get
    context = self.get_context_data(**kwargs)
              ^^^^^^^^^^^^^^^^^^^^^^^^^^^^^^^
  File "/Users/ainurshamsutdinov/Projects/geekbrains/django/1-lecture-django/myproject/myapp3/views.py", line 60, in get_context_data
    context = super.get_context_data(**kwargs)
              ^^^^^^^^^^^^^^^^^^^^^^
AttributeError: type object 'super' has no attribute 'get_context_data'
ERROR 2024-04-30 13:56:20,417 basehttp 23632 6173601792 "GET /les3/if/ HTTP/1.1" 500 75380
INFO 2024-04-30 13:57:01,114 autoreload 23632 8346892992 /Users/ainurshamsutdinov/Projects/geekbrains/django/1-lecture-django/myproject/myapp3/urls.py changed, reloading.
INFO 2024-04-30 13:57:01,265 autoreload 23659 8346892992 Watching for file changes with StatReloader
ERROR 2024-04-30 13:57:05,002 log 23659 6127824896 Internal Server Error: /les3/if/
Traceback (most recent call last):
  File "/Users/ainurshamsutdinov/Projects/geekbrains/django/1-lecture-django/.venv/lib/python3.12/site-packages/django/core/handlers/exception.py", line 55, in inner
    response = get_response(request)
               ^^^^^^^^^^^^^^^^^^^^^
  File "/Users/ainurshamsutdinov/Projects/geekbrains/django/1-lecture-django/.venv/lib/python3.12/site-packages/django/core/handlers/base.py", line 220, in _get_response
    response = response.render()
               ^^^^^^^^^^^^^^^^^
  File "/Users/ainurshamsutdinov/Projects/geekbrains/django/1-lecture-django/.venv/lib/python3.12/site-packages/django/template/response.py", line 114, in render
    self.content = self.rendered_content
                   ^^^^^^^^^^^^^^^^^^^^^
  File "/Users/ainurshamsutdinov/Projects/geekbrains/django/1-lecture-django/.venv/lib/python3.12/site-packages/django/template/response.py", line 90, in rendered_content
    template = self.resolve_template(self.template_name)
               ^^^^^^^^^^^^^^^^^^^^^^^^^^^^^^^^^^^^^^^^^
  File "/Users/ainurshamsutdinov/Projects/geekbrains/django/1-lecture-django/.venv/lib/python3.12/site-packages/django/template/response.py", line 72, in resolve_template
    return select_template(template, using=self.using)
           ^^^^^^^^^^^^^^^^^^^^^^^^^^^^^^^^^^^^^^^^^^^
  File "/Users/ainurshamsutdinov/Projects/geekbrains/django/1-lecture-django/.venv/lib/python3.12/site-packages/django/template/loader.py", line 47, in select_template
    raise TemplateDoesNotExist(", ".join(template_name_list), chain=chain)
django.template.exceptions.TemplateDoesNotExist: myapp3/templ_if.html
ERROR 2024-04-30 13:57:05,004 basehttp 23659 6127824896 "GET /les3/if/ HTTP/1.1" 500 76793
INFO 2024-04-30 13:59:28,384 basehttp 23659 6127824896 "GET /les3/if/ HTTP/1.1" 200 286
INFO 2024-04-30 14:11:01,055 autoreload 23659 8346892992 /Users/ainurshamsutdinov/Projects/geekbrains/django/1-lecture-django/myproject/myapp3/views.py changed, reloading.
INFO 2024-04-30 14:11:01,215 autoreload 23869 8346892992 Watching for file changes with StatReloader
WARNING 2024-04-30 14:11:11,811 log 23869 6121861120 Not Found: /les3/for/
WARNING 2024-04-30 14:11:11,812 basehttp 23869 6121861120 "GET /les3/for/ HTTP/1.1" 404 3526
WARNING 2024-04-30 14:12:08,535 log 23869 6121861120 Not Found: /les3/for/
WARNING 2024-04-30 14:12:08,535 basehttp 23869 6121861120 "GET /les3/for/ HTTP/1.1" 404 3526
WARNING 2024-04-30 14:12:09,344 log 23869 6121861120 Not Found: /les3/for/
WARNING 2024-04-30 14:12:09,345 basehttp 23869 6121861120 "GET /les3/for/ HTTP/1.1" 404 3526
INFO 2024-04-30 14:12:11,253 autoreload 23869 8346892992 /Users/ainurshamsutdinov/Projects/geekbrains/django/1-lecture-django/myproject/myapp3/urls.py changed, reloading.
INFO 2024-04-30 14:12:11,403 autoreload 23910 8346892992 Watching for file changes with StatReloader
ERROR 2024-04-30 14:12:13,425 log 23910 6125072384 Internal Server Error: /les3/for/
Traceback (most recent call last):
  File "/Users/ainurshamsutdinov/Projects/geekbrains/django/1-lecture-django/.venv/lib/python3.12/site-packages/django/core/handlers/exception.py", line 55, in inner
    response = get_response(request)
               ^^^^^^^^^^^^^^^^^^^^^
  File "/Users/ainurshamsutdinov/Projects/geekbrains/django/1-lecture-django/.venv/lib/python3.12/site-packages/django/core/handlers/base.py", line 204, in _get_response
    self.check_response(response, callback)
  File "/Users/ainurshamsutdinov/Projects/geekbrains/django/1-lecture-django/.venv/lib/python3.12/site-packages/django/core/handlers/base.py", line 332, in check_response
    raise ValueError(
ValueError: The view myapp3.views.view_for didn't return an HttpResponse object. It returned None instead.
ERROR 2024-04-30 14:12:13,426 basehttp 23910 6125072384 "GET /les3/for/ HTTP/1.1" 500 63005
INFO 2024-04-30 14:12:44,879 autoreload 23910 8346892992 /Users/ainurshamsutdinov/Projects/geekbrains/django/1-lecture-django/myproject/myapp3/views.py changed, reloading.
INFO 2024-04-30 14:12:45,035 autoreload 23920 8346892992 Watching for file changes with StatReloader
ERROR 2024-04-30 14:12:46,431 log 23920 6127415296 Internal Server Error: /les3/for/
Traceback (most recent call last):
  File "/Users/ainurshamsutdinov/Projects/geekbrains/django/1-lecture-django/.venv/lib/python3.12/site-packages/django/core/handlers/exception.py", line 55, in inner
    response = get_response(request)
               ^^^^^^^^^^^^^^^^^^^^^
  File "/Users/ainurshamsutdinov/Projects/geekbrains/django/1-lecture-django/.venv/lib/python3.12/site-packages/django/utils/deprecation.py", line 136, in __call__
    response = self.process_response(request, response)
               ^^^^^^^^^^^^^^^^^^^^^^^^^^^^^^^^^^^^^^^^
  File "/Users/ainurshamsutdinov/Projects/geekbrains/django/1-lecture-django/.venv/lib/python3.12/site-packages/django/middleware/clickjacking.py", line 34, in process_response
    response.headers["X-Frame-Options"] = self.get_xframe_options_value(
    ^^^^^^^^^^^^^^^^
AttributeError: 'dict' object has no attribute 'headers'
ERROR 2024-04-30 14:12:46,432 basehttp 23920 6127415296 "GET /les3/for/ HTTP/1.1" 500 62087
ERROR 2024-04-30 14:13:25,774 log 23920 6127415296 Internal Server Error: /les3/for/
Traceback (most recent call last):
  File "/Users/ainurshamsutdinov/Projects/geekbrains/django/1-lecture-django/.venv/lib/python3.12/site-packages/django/core/handlers/exception.py", line 55, in inner
    response = get_response(request)
               ^^^^^^^^^^^^^^^^^^^^^
  File "/Users/ainurshamsutdinov/Projects/geekbrains/django/1-lecture-django/.venv/lib/python3.12/site-packages/django/utils/deprecation.py", line 136, in __call__
    response = self.process_response(request, response)
               ^^^^^^^^^^^^^^^^^^^^^^^^^^^^^^^^^^^^^^^^
  File "/Users/ainurshamsutdinov/Projects/geekbrains/django/1-lecture-django/.venv/lib/python3.12/site-packages/django/middleware/clickjacking.py", line 34, in process_response
    response.headers["X-Frame-Options"] = self.get_xframe_options_value(
    ^^^^^^^^^^^^^^^^
AttributeError: 'dict' object has no attribute 'headers'
ERROR 2024-04-30 14:13:25,775 basehttp 23920 6127415296 "GET /les3/for/ HTTP/1.1" 500 62087
ERROR 2024-04-30 14:13:26,548 log 23920 6127415296 Internal Server Error: /les3/for/
Traceback (most recent call last):
  File "/Users/ainurshamsutdinov/Projects/geekbrains/django/1-lecture-django/.venv/lib/python3.12/site-packages/django/core/handlers/exception.py", line 55, in inner
    response = get_response(request)
               ^^^^^^^^^^^^^^^^^^^^^
  File "/Users/ainurshamsutdinov/Projects/geekbrains/django/1-lecture-django/.venv/lib/python3.12/site-packages/django/utils/deprecation.py", line 136, in __call__
    response = self.process_response(request, response)
               ^^^^^^^^^^^^^^^^^^^^^^^^^^^^^^^^^^^^^^^^
  File "/Users/ainurshamsutdinov/Projects/geekbrains/django/1-lecture-django/.venv/lib/python3.12/site-packages/django/middleware/clickjacking.py", line 34, in process_response
    response.headers["X-Frame-Options"] = self.get_xframe_options_value(
    ^^^^^^^^^^^^^^^^
AttributeError: 'dict' object has no attribute 'headers'
ERROR 2024-04-30 14:13:26,550 basehttp 23920 6127415296 "GET /les3/for/ HTTP/1.1" 500 62087
INFO 2024-04-30 14:13:32,723 autoreload 23920 8346892992 /Users/ainurshamsutdinov/Projects/geekbrains/django/1-lecture-django/myproject/myapp3/views.py changed, reloading.
INFO 2024-04-30 14:13:32,881 autoreload 23954 8346892992 Watching for file changes with StatReloader
INFO 2024-04-30 14:13:34,906 basehttp 23954 6190313472 "GET /les3/for/ HTTP/1.1" 200 232
INFO 2024-04-30 14:14:46,260 basehttp 23954 6190313472 "GET /les3/for/ HTTP/1.1" 200 232
INFO 2024-04-30 14:14:47,350 basehttp 23954 6190313472 "GET /les3/for/ HTTP/1.1" 200 232
INFO 2024-04-30 14:14:57,604 autoreload 23984 8346892992 Watching for file changes with StatReloader
INFO 2024-04-30 14:14:59,372 basehttp 23984 6190034944 "GET /les3/for/ HTTP/1.1" 200 657
INFO 2024-04-30 14:50:35,817 autoreload 23984 8346892992 /Users/ainurshamsutdinov/Projects/geekbrains/django/1-lecture-django/myproject/myapp3/views.py changed, reloading.
INFO 2024-04-30 14:50:36,002 autoreload 24402 8346892992 Watching for file changes with StatReloader
WARNING 2024-04-30 14:50:47,987 log 24402 6123646976 Not Found: /les3/index/
WARNING 2024-04-30 14:50:47,987 basehttp 24402 6123646976 "GET /les3/index/ HTTP/1.1" 404 3706
INFO 2024-04-30 14:52:11,272 autoreload 24402 8346892992 /Users/ainurshamsutdinov/Projects/geekbrains/django/1-lecture-django/myproject/myapp3/urls.py changed, reloading.
INFO 2024-04-30 14:52:11,419 autoreload 24456 8346892992 Watching for file changes with StatReloader
INFO 2024-04-30 14:52:13,741 basehttp 24456 6170062848 "GET /les3/index/ HTTP/1.1" 200 199
INFO 2024-04-30 14:52:18,768 basehttp 24456 6170062848 "GET /les3/about/ HTTP/1.1" 200 185
INFO 2024-04-30 16:11:15,520 autoreload 25039 8346892992 Watching for file changes with StatReloader
ERROR 2024-04-30 16:11:18,945 log 25039 6123319296 Internal Server Error: /les3/about/
Traceback (most recent call last):
  File "/Users/ainurshamsutdinov/Projects/geekbrains/django/1-lecture-django/.venv/lib/python3.12/site-packages/django/template/backends/django.py", line 61, in render
    return self.template.render(context)
           ^^^^^^^^^^^^^^^^^^^^^^^^^^^^^
  File "/Users/ainurshamsutdinov/Projects/geekbrains/django/1-lecture-django/.venv/lib/python3.12/site-packages/django/template/base.py", line 171, in render
    return self._render(context)
           ^^^^^^^^^^^^^^^^^^^^^
  File "/Users/ainurshamsutdinov/Projects/geekbrains/django/1-lecture-django/.venv/lib/python3.12/site-packages/django/template/base.py", line 163, in _render
    return self.nodelist.render(context)
           ^^^^^^^^^^^^^^^^^^^^^^^^^^^^^
  File "/Users/ainurshamsutdinov/Projects/geekbrains/django/1-lecture-django/.venv/lib/python3.12/site-packages/django/template/base.py", line 1000, in render
    return SafeString("".join([node.render_annotated(context) for node in self]))
                               ^^^^^^^^^^^^^^^^^^^^^^^^^^^^^^
  File "/Users/ainurshamsutdinov/Projects/geekbrains/django/1-lecture-django/.venv/lib/python3.12/site-packages/django/template/base.py", line 961, in render_annotated
    return self.render(context)
           ^^^^^^^^^^^^^^^^^^^^
  File "/Users/ainurshamsutdinov/Projects/geekbrains/django/1-lecture-django/.venv/lib/python3.12/site-packages/django/template/loader_tags.py", line 134, in render
    compiled_parent = self.get_parent(context)
                      ^^^^^^^^^^^^^^^^^^^^^^^^
  File "/Users/ainurshamsutdinov/Projects/geekbrains/django/1-lecture-django/.venv/lib/python3.12/site-packages/django/template/loader_tags.py", line 131, in get_parent
    return self.find_template(parent, context)
           ^^^^^^^^^^^^^^^^^^^^^^^^^^^^^^^^^^^
  File "/Users/ainurshamsutdinov/Projects/geekbrains/django/1-lecture-django/.venv/lib/python3.12/site-packages/django/template/loader_tags.py", line 109, in find_template
    template, origin = context.template.engine.find_template(
                       ^^^^^^^^^^^^^^^^^^^^^^^^^^^^^^^^^^^^^^
  File "/Users/ainurshamsutdinov/Projects/geekbrains/django/1-lecture-django/.venv/lib/python3.12/site-packages/django/template/engine.py", line 163, in find_template
    raise TemplateDoesNotExist(name, tried=tried)
django.template.exceptions.TemplateDoesNotExist: base.html

The above exception was the direct cause of the following exception:

Traceback (most recent call last):
  File "/Users/ainurshamsutdinov/Projects/geekbrains/django/1-lecture-django/.venv/lib/python3.12/site-packages/django/core/handlers/exception.py", line 55, in inner
    response = get_response(request)
               ^^^^^^^^^^^^^^^^^^^^^
  File "/Users/ainurshamsutdinov/Projects/geekbrains/django/1-lecture-django/.venv/lib/python3.12/site-packages/django/core/handlers/base.py", line 197, in _get_response
    response = wrapped_callback(request, *callback_args, **callback_kwargs)
               ^^^^^^^^^^^^^^^^^^^^^^^^^^^^^^^^^^^^^^^^^^^^^^^^^^^^^^^^^^^^
  File "/Users/ainurshamsutdinov/Projects/geekbrains/django/1-lecture-django/myproject/myapp3/views.py", line 87, in about
    return render(request, 'myapp3/about.html')
           ^^^^^^^^^^^^^^^^^^^^^^^^^^^^^^^^^^^^
  File "/Users/ainurshamsutdinov/Projects/geekbrains/django/1-lecture-django/.venv/lib/python3.12/site-packages/django/shortcuts.py", line 25, in render
    content = loader.render_to_string(template_name, context, request, using=using)
              ^^^^^^^^^^^^^^^^^^^^^^^^^^^^^^^^^^^^^^^^^^^^^^^^^^^^^^^^^^^^^^^^^^^^^
  File "/Users/ainurshamsutdinov/Projects/geekbrains/django/1-lecture-django/.venv/lib/python3.12/site-packages/django/template/loader.py", line 62, in render_to_string
    return template.render(context, request)
           ^^^^^^^^^^^^^^^^^^^^^^^^^^^^^^^^^
  File "/Users/ainurshamsutdinov/Projects/geekbrains/django/1-lecture-django/.venv/lib/python3.12/site-packages/django/template/backends/django.py", line 63, in render
    reraise(exc, self.backend)
  File "/Users/ainurshamsutdinov/Projects/geekbrains/django/1-lecture-django/.venv/lib/python3.12/site-packages/django/template/backends/django.py", line 84, in reraise
    raise new from exc
django.template.exceptions.TemplateDoesNotExist: base.html
ERROR 2024-04-30 16:11:18,955 basehttp 25039 6123319296 "GET /les3/about/ HTTP/1.1" 500 120904
ERROR 2024-04-30 16:11:33,414 log 25039 6123319296 Internal Server Error: /les3/about/
Traceback (most recent call last):
  File "/Users/ainurshamsutdinov/Projects/geekbrains/django/1-lecture-django/.venv/lib/python3.12/site-packages/django/template/backends/django.py", line 61, in render
    return self.template.render(context)
           ^^^^^^^^^^^^^^^^^^^^^^^^^^^^^
  File "/Users/ainurshamsutdinov/Projects/geekbrains/django/1-lecture-django/.venv/lib/python3.12/site-packages/django/template/base.py", line 171, in render
    return self._render(context)
           ^^^^^^^^^^^^^^^^^^^^^
  File "/Users/ainurshamsutdinov/Projects/geekbrains/django/1-lecture-django/.venv/lib/python3.12/site-packages/django/template/base.py", line 163, in _render
    return self.nodelist.render(context)
           ^^^^^^^^^^^^^^^^^^^^^^^^^^^^^
  File "/Users/ainurshamsutdinov/Projects/geekbrains/django/1-lecture-django/.venv/lib/python3.12/site-packages/django/template/base.py", line 1000, in render
    return SafeString("".join([node.render_annotated(context) for node in self]))
                               ^^^^^^^^^^^^^^^^^^^^^^^^^^^^^^
  File "/Users/ainurshamsutdinov/Projects/geekbrains/django/1-lecture-django/.venv/lib/python3.12/site-packages/django/template/base.py", line 961, in render_annotated
    return self.render(context)
           ^^^^^^^^^^^^^^^^^^^^
  File "/Users/ainurshamsutdinov/Projects/geekbrains/django/1-lecture-django/.venv/lib/python3.12/site-packages/django/template/loader_tags.py", line 134, in render
    compiled_parent = self.get_parent(context)
                      ^^^^^^^^^^^^^^^^^^^^^^^^
  File "/Users/ainurshamsutdinov/Projects/geekbrains/django/1-lecture-django/.venv/lib/python3.12/site-packages/django/template/loader_tags.py", line 131, in get_parent
    return self.find_template(parent, context)
           ^^^^^^^^^^^^^^^^^^^^^^^^^^^^^^^^^^^
  File "/Users/ainurshamsutdinov/Projects/geekbrains/django/1-lecture-django/.venv/lib/python3.12/site-packages/django/template/loader_tags.py", line 109, in find_template
    template, origin = context.template.engine.find_template(
                       ^^^^^^^^^^^^^^^^^^^^^^^^^^^^^^^^^^^^^^
  File "/Users/ainurshamsutdinov/Projects/geekbrains/django/1-lecture-django/.venv/lib/python3.12/site-packages/django/template/engine.py", line 163, in find_template
    raise TemplateDoesNotExist(name, tried=tried)
django.template.exceptions.TemplateDoesNotExist: base.html

The above exception was the direct cause of the following exception:

Traceback (most recent call last):
  File "/Users/ainurshamsutdinov/Projects/geekbrains/django/1-lecture-django/.venv/lib/python3.12/site-packages/django/core/handlers/exception.py", line 55, in inner
    response = get_response(request)
               ^^^^^^^^^^^^^^^^^^^^^
  File "/Users/ainurshamsutdinov/Projects/geekbrains/django/1-lecture-django/.venv/lib/python3.12/site-packages/django/core/handlers/base.py", line 197, in _get_response
    response = wrapped_callback(request, *callback_args, **callback_kwargs)
               ^^^^^^^^^^^^^^^^^^^^^^^^^^^^^^^^^^^^^^^^^^^^^^^^^^^^^^^^^^^^
  File "/Users/ainurshamsutdinov/Projects/geekbrains/django/1-lecture-django/myproject/myapp3/views.py", line 87, in about
    return render(request, 'myapp3/about.html')
           ^^^^^^^^^^^^^^^^^^^^^^^^^^^^^^^^^^^^
  File "/Users/ainurshamsutdinov/Projects/geekbrains/django/1-lecture-django/.venv/lib/python3.12/site-packages/django/shortcuts.py", line 25, in render
    content = loader.render_to_string(template_name, context, request, using=using)
              ^^^^^^^^^^^^^^^^^^^^^^^^^^^^^^^^^^^^^^^^^^^^^^^^^^^^^^^^^^^^^^^^^^^^^
  File "/Users/ainurshamsutdinov/Projects/geekbrains/django/1-lecture-django/.venv/lib/python3.12/site-packages/django/template/loader.py", line 62, in render_to_string
    return template.render(context, request)
           ^^^^^^^^^^^^^^^^^^^^^^^^^^^^^^^^^
  File "/Users/ainurshamsutdinov/Projects/geekbrains/django/1-lecture-django/.venv/lib/python3.12/site-packages/django/template/backends/django.py", line 63, in render
    reraise(exc, self.backend)
  File "/Users/ainurshamsutdinov/Projects/geekbrains/django/1-lecture-django/.venv/lib/python3.12/site-packages/django/template/backends/django.py", line 84, in reraise
    raise new from exc
django.template.exceptions.TemplateDoesNotExist: base.html
ERROR 2024-04-30 16:11:33,419 basehttp 25039 6123319296 "GET /les3/about/ HTTP/1.1" 500 120904
ERROR 2024-04-30 16:11:34,098 log 25039 6123319296 Internal Server Error: /les3/about/
Traceback (most recent call last):
  File "/Users/ainurshamsutdinov/Projects/geekbrains/django/1-lecture-django/.venv/lib/python3.12/site-packages/django/template/backends/django.py", line 61, in render
    return self.template.render(context)
           ^^^^^^^^^^^^^^^^^^^^^^^^^^^^^
  File "/Users/ainurshamsutdinov/Projects/geekbrains/django/1-lecture-django/.venv/lib/python3.12/site-packages/django/template/base.py", line 171, in render
    return self._render(context)
           ^^^^^^^^^^^^^^^^^^^^^
  File "/Users/ainurshamsutdinov/Projects/geekbrains/django/1-lecture-django/.venv/lib/python3.12/site-packages/django/template/base.py", line 163, in _render
    return self.nodelist.render(context)
           ^^^^^^^^^^^^^^^^^^^^^^^^^^^^^
  File "/Users/ainurshamsutdinov/Projects/geekbrains/django/1-lecture-django/.venv/lib/python3.12/site-packages/django/template/base.py", line 1000, in render
    return SafeString("".join([node.render_annotated(context) for node in self]))
                               ^^^^^^^^^^^^^^^^^^^^^^^^^^^^^^
  File "/Users/ainurshamsutdinov/Projects/geekbrains/django/1-lecture-django/.venv/lib/python3.12/site-packages/django/template/base.py", line 961, in render_annotated
    return self.render(context)
           ^^^^^^^^^^^^^^^^^^^^
  File "/Users/ainurshamsutdinov/Projects/geekbrains/django/1-lecture-django/.venv/lib/python3.12/site-packages/django/template/loader_tags.py", line 134, in render
    compiled_parent = self.get_parent(context)
                      ^^^^^^^^^^^^^^^^^^^^^^^^
  File "/Users/ainurshamsutdinov/Projects/geekbrains/django/1-lecture-django/.venv/lib/python3.12/site-packages/django/template/loader_tags.py", line 131, in get_parent
    return self.find_template(parent, context)
           ^^^^^^^^^^^^^^^^^^^^^^^^^^^^^^^^^^^
  File "/Users/ainurshamsutdinov/Projects/geekbrains/django/1-lecture-django/.venv/lib/python3.12/site-packages/django/template/loader_tags.py", line 109, in find_template
    template, origin = context.template.engine.find_template(
                       ^^^^^^^^^^^^^^^^^^^^^^^^^^^^^^^^^^^^^^
  File "/Users/ainurshamsutdinov/Projects/geekbrains/django/1-lecture-django/.venv/lib/python3.12/site-packages/django/template/engine.py", line 163, in find_template
    raise TemplateDoesNotExist(name, tried=tried)
django.template.exceptions.TemplateDoesNotExist: base.html

The above exception was the direct cause of the following exception:

Traceback (most recent call last):
  File "/Users/ainurshamsutdinov/Projects/geekbrains/django/1-lecture-django/.venv/lib/python3.12/site-packages/django/core/handlers/exception.py", line 55, in inner
    response = get_response(request)
               ^^^^^^^^^^^^^^^^^^^^^
  File "/Users/ainurshamsutdinov/Projects/geekbrains/django/1-lecture-django/.venv/lib/python3.12/site-packages/django/core/handlers/base.py", line 197, in _get_response
    response = wrapped_callback(request, *callback_args, **callback_kwargs)
               ^^^^^^^^^^^^^^^^^^^^^^^^^^^^^^^^^^^^^^^^^^^^^^^^^^^^^^^^^^^^
  File "/Users/ainurshamsutdinov/Projects/geekbrains/django/1-lecture-django/myproject/myapp3/views.py", line 87, in about
    return render(request, 'myapp3/about.html')
           ^^^^^^^^^^^^^^^^^^^^^^^^^^^^^^^^^^^^
  File "/Users/ainurshamsutdinov/Projects/geekbrains/django/1-lecture-django/.venv/lib/python3.12/site-packages/django/shortcuts.py", line 25, in render
    content = loader.render_to_string(template_name, context, request, using=using)
              ^^^^^^^^^^^^^^^^^^^^^^^^^^^^^^^^^^^^^^^^^^^^^^^^^^^^^^^^^^^^^^^^^^^^^
  File "/Users/ainurshamsutdinov/Projects/geekbrains/django/1-lecture-django/.venv/lib/python3.12/site-packages/django/template/loader.py", line 62, in render_to_string
    return template.render(context, request)
           ^^^^^^^^^^^^^^^^^^^^^^^^^^^^^^^^^
  File "/Users/ainurshamsutdinov/Projects/geekbrains/django/1-lecture-django/.venv/lib/python3.12/site-packages/django/template/backends/django.py", line 63, in render
    reraise(exc, self.backend)
  File "/Users/ainurshamsutdinov/Projects/geekbrains/django/1-lecture-django/.venv/lib/python3.12/site-packages/django/template/backends/django.py", line 84, in reraise
    raise new from exc
django.template.exceptions.TemplateDoesNotExist: base.html
ERROR 2024-04-30 16:11:34,104 basehttp 25039 6123319296 "GET /les3/about/ HTTP/1.1" 500 120904
INFO 2024-04-30 16:12:20,905 autoreload 25075 8346892992 Watching for file changes with StatReloader
ERROR 2024-04-30 16:12:24,020 log 25075 6160199680 Internal Server Error: /les3/about/
Traceback (most recent call last):
  File "/Users/ainurshamsutdinov/Projects/geekbrains/django/1-lecture-django/.venv/lib/python3.12/site-packages/django/template/backends/django.py", line 61, in render
    return self.template.render(context)
           ^^^^^^^^^^^^^^^^^^^^^^^^^^^^^
  File "/Users/ainurshamsutdinov/Projects/geekbrains/django/1-lecture-django/.venv/lib/python3.12/site-packages/django/template/base.py", line 171, in render
    return self._render(context)
           ^^^^^^^^^^^^^^^^^^^^^
  File "/Users/ainurshamsutdinov/Projects/geekbrains/django/1-lecture-django/.venv/lib/python3.12/site-packages/django/template/base.py", line 163, in _render
    return self.nodelist.render(context)
           ^^^^^^^^^^^^^^^^^^^^^^^^^^^^^
  File "/Users/ainurshamsutdinov/Projects/geekbrains/django/1-lecture-django/.venv/lib/python3.12/site-packages/django/template/base.py", line 1000, in render
    return SafeString("".join([node.render_annotated(context) for node in self]))
                               ^^^^^^^^^^^^^^^^^^^^^^^^^^^^^^
  File "/Users/ainurshamsutdinov/Projects/geekbrains/django/1-lecture-django/.venv/lib/python3.12/site-packages/django/template/base.py", line 961, in render_annotated
    return self.render(context)
           ^^^^^^^^^^^^^^^^^^^^
  File "/Users/ainurshamsutdinov/Projects/geekbrains/django/1-lecture-django/.venv/lib/python3.12/site-packages/django/template/loader_tags.py", line 134, in render
    compiled_parent = self.get_parent(context)
                      ^^^^^^^^^^^^^^^^^^^^^^^^
  File "/Users/ainurshamsutdinov/Projects/geekbrains/django/1-lecture-django/.venv/lib/python3.12/site-packages/django/template/loader_tags.py", line 131, in get_parent
    return self.find_template(parent, context)
           ^^^^^^^^^^^^^^^^^^^^^^^^^^^^^^^^^^^
  File "/Users/ainurshamsutdinov/Projects/geekbrains/django/1-lecture-django/.venv/lib/python3.12/site-packages/django/template/loader_tags.py", line 109, in find_template
    template, origin = context.template.engine.find_template(
                       ^^^^^^^^^^^^^^^^^^^^^^^^^^^^^^^^^^^^^^
  File "/Users/ainurshamsutdinov/Projects/geekbrains/django/1-lecture-django/.venv/lib/python3.12/site-packages/django/template/engine.py", line 163, in find_template
    raise TemplateDoesNotExist(name, tried=tried)
django.template.exceptions.TemplateDoesNotExist: base.html

The above exception was the direct cause of the following exception:

Traceback (most recent call last):
  File "/Users/ainurshamsutdinov/Projects/geekbrains/django/1-lecture-django/.venv/lib/python3.12/site-packages/django/core/handlers/exception.py", line 55, in inner
    response = get_response(request)
               ^^^^^^^^^^^^^^^^^^^^^
  File "/Users/ainurshamsutdinov/Projects/geekbrains/django/1-lecture-django/.venv/lib/python3.12/site-packages/django/core/handlers/base.py", line 197, in _get_response
    response = wrapped_callback(request, *callback_args, **callback_kwargs)
               ^^^^^^^^^^^^^^^^^^^^^^^^^^^^^^^^^^^^^^^^^^^^^^^^^^^^^^^^^^^^
  File "/Users/ainurshamsutdinov/Projects/geekbrains/django/1-lecture-django/myproject/myapp3/views.py", line 87, in about
    return render(request, 'myapp3/about.html')
           ^^^^^^^^^^^^^^^^^^^^^^^^^^^^^^^^^^^^
  File "/Users/ainurshamsutdinov/Projects/geekbrains/django/1-lecture-django/.venv/lib/python3.12/site-packages/django/shortcuts.py", line 25, in render
    content = loader.render_to_string(template_name, context, request, using=using)
              ^^^^^^^^^^^^^^^^^^^^^^^^^^^^^^^^^^^^^^^^^^^^^^^^^^^^^^^^^^^^^^^^^^^^^
  File "/Users/ainurshamsutdinov/Projects/geekbrains/django/1-lecture-django/.venv/lib/python3.12/site-packages/django/template/loader.py", line 62, in render_to_string
    return template.render(context, request)
           ^^^^^^^^^^^^^^^^^^^^^^^^^^^^^^^^^
  File "/Users/ainurshamsutdinov/Projects/geekbrains/django/1-lecture-django/.venv/lib/python3.12/site-packages/django/template/backends/django.py", line 63, in render
    reraise(exc, self.backend)
  File "/Users/ainurshamsutdinov/Projects/geekbrains/django/1-lecture-django/.venv/lib/python3.12/site-packages/django/template/backends/django.py", line 84, in reraise
    raise new from exc
django.template.exceptions.TemplateDoesNotExist: base.html
ERROR 2024-04-30 16:12:24,026 basehttp 25075 6160199680 "GET /les3/about/ HTTP/1.1" 500 120904
ERROR 2024-04-30 16:12:57,021 log 25075 6160199680 Internal Server Error: /les3/index/
Traceback (most recent call last):
  File "/Users/ainurshamsutdinov/Projects/geekbrains/django/1-lecture-django/.venv/lib/python3.12/site-packages/django/template/backends/django.py", line 61, in render
    return self.template.render(context)
           ^^^^^^^^^^^^^^^^^^^^^^^^^^^^^
  File "/Users/ainurshamsutdinov/Projects/geekbrains/django/1-lecture-django/.venv/lib/python3.12/site-packages/django/template/base.py", line 171, in render
    return self._render(context)
           ^^^^^^^^^^^^^^^^^^^^^
  File "/Users/ainurshamsutdinov/Projects/geekbrains/django/1-lecture-django/.venv/lib/python3.12/site-packages/django/template/base.py", line 163, in _render
    return self.nodelist.render(context)
           ^^^^^^^^^^^^^^^^^^^^^^^^^^^^^
  File "/Users/ainurshamsutdinov/Projects/geekbrains/django/1-lecture-django/.venv/lib/python3.12/site-packages/django/template/base.py", line 1000, in render
    return SafeString("".join([node.render_annotated(context) for node in self]))
                               ^^^^^^^^^^^^^^^^^^^^^^^^^^^^^^
  File "/Users/ainurshamsutdinov/Projects/geekbrains/django/1-lecture-django/.venv/lib/python3.12/site-packages/django/template/base.py", line 961, in render_annotated
    return self.render(context)
           ^^^^^^^^^^^^^^^^^^^^
  File "/Users/ainurshamsutdinov/Projects/geekbrains/django/1-lecture-django/.venv/lib/python3.12/site-packages/django/template/loader_tags.py", line 134, in render
    compiled_parent = self.get_parent(context)
                      ^^^^^^^^^^^^^^^^^^^^^^^^
  File "/Users/ainurshamsutdinov/Projects/geekbrains/django/1-lecture-django/.venv/lib/python3.12/site-packages/django/template/loader_tags.py", line 131, in get_parent
    return self.find_template(parent, context)
           ^^^^^^^^^^^^^^^^^^^^^^^^^^^^^^^^^^^
  File "/Users/ainurshamsutdinov/Projects/geekbrains/django/1-lecture-django/.venv/lib/python3.12/site-packages/django/template/loader_tags.py", line 109, in find_template
    template, origin = context.template.engine.find_template(
                       ^^^^^^^^^^^^^^^^^^^^^^^^^^^^^^^^^^^^^^
  File "/Users/ainurshamsutdinov/Projects/geekbrains/django/1-lecture-django/.venv/lib/python3.12/site-packages/django/template/engine.py", line 163, in find_template
    raise TemplateDoesNotExist(name, tried=tried)
django.template.exceptions.TemplateDoesNotExist: base.html

The above exception was the direct cause of the following exception:

Traceback (most recent call last):
  File "/Users/ainurshamsutdinov/Projects/geekbrains/django/1-lecture-django/.venv/lib/python3.12/site-packages/django/core/handlers/exception.py", line 55, in inner
    response = get_response(request)
               ^^^^^^^^^^^^^^^^^^^^^
  File "/Users/ainurshamsutdinov/Projects/geekbrains/django/1-lecture-django/.venv/lib/python3.12/site-packages/django/core/handlers/base.py", line 197, in _get_response
    response = wrapped_callback(request, *callback_args, **callback_kwargs)
               ^^^^^^^^^^^^^^^^^^^^^^^^^^^^^^^^^^^^^^^^^^^^^^^^^^^^^^^^^^^^
  File "/Users/ainurshamsutdinov/Projects/geekbrains/django/1-lecture-django/myproject/myapp3/views.py", line 83, in index
    return render(request, 'myapp3/index.html')
           ^^^^^^^^^^^^^^^^^^^^^^^^^^^^^^^^^^^^
  File "/Users/ainurshamsutdinov/Projects/geekbrains/django/1-lecture-django/.venv/lib/python3.12/site-packages/django/shortcuts.py", line 25, in render
    content = loader.render_to_string(template_name, context, request, using=using)
              ^^^^^^^^^^^^^^^^^^^^^^^^^^^^^^^^^^^^^^^^^^^^^^^^^^^^^^^^^^^^^^^^^^^^^
  File "/Users/ainurshamsutdinov/Projects/geekbrains/django/1-lecture-django/.venv/lib/python3.12/site-packages/django/template/loader.py", line 62, in render_to_string
    return template.render(context, request)
           ^^^^^^^^^^^^^^^^^^^^^^^^^^^^^^^^^
  File "/Users/ainurshamsutdinov/Projects/geekbrains/django/1-lecture-django/.venv/lib/python3.12/site-packages/django/template/backends/django.py", line 63, in render
    reraise(exc, self.backend)
  File "/Users/ainurshamsutdinov/Projects/geekbrains/django/1-lecture-django/.venv/lib/python3.12/site-packages/django/template/backends/django.py", line 84, in reraise
    raise new from exc
django.template.exceptions.TemplateDoesNotExist: base.html
ERROR 2024-04-30 16:12:57,028 basehttp 25075 6160199680 "GET /les3/index/ HTTP/1.1" 500 121510
INFO 2024-04-30 16:19:14,570 autoreload 25125 8346892992 Watching for file changes with StatReloader
ERROR 2024-04-30 16:19:25,145 log 25125 6168309760 Internal Server Error: /les3/index/
Traceback (most recent call last):
  File "/Users/ainurshamsutdinov/Projects/geekbrains/django/1-lecture-django/.venv/lib/python3.12/site-packages/django/template/backends/django.py", line 61, in render
    return self.template.render(context)
           ^^^^^^^^^^^^^^^^^^^^^^^^^^^^^
  File "/Users/ainurshamsutdinov/Projects/geekbrains/django/1-lecture-django/.venv/lib/python3.12/site-packages/django/template/base.py", line 171, in render
    return self._render(context)
           ^^^^^^^^^^^^^^^^^^^^^
  File "/Users/ainurshamsutdinov/Projects/geekbrains/django/1-lecture-django/.venv/lib/python3.12/site-packages/django/template/base.py", line 163, in _render
    return self.nodelist.render(context)
           ^^^^^^^^^^^^^^^^^^^^^^^^^^^^^
  File "/Users/ainurshamsutdinov/Projects/geekbrains/django/1-lecture-django/.venv/lib/python3.12/site-packages/django/template/base.py", line 1000, in render
    return SafeString("".join([node.render_annotated(context) for node in self]))
                               ^^^^^^^^^^^^^^^^^^^^^^^^^^^^^^
  File "/Users/ainurshamsutdinov/Projects/geekbrains/django/1-lecture-django/.venv/lib/python3.12/site-packages/django/template/base.py", line 961, in render_annotated
    return self.render(context)
           ^^^^^^^^^^^^^^^^^^^^
  File "/Users/ainurshamsutdinov/Projects/geekbrains/django/1-lecture-django/.venv/lib/python3.12/site-packages/django/template/loader_tags.py", line 134, in render
    compiled_parent = self.get_parent(context)
                      ^^^^^^^^^^^^^^^^^^^^^^^^
  File "/Users/ainurshamsutdinov/Projects/geekbrains/django/1-lecture-django/.venv/lib/python3.12/site-packages/django/template/loader_tags.py", line 131, in get_parent
    return self.find_template(parent, context)
           ^^^^^^^^^^^^^^^^^^^^^^^^^^^^^^^^^^^
  File "/Users/ainurshamsutdinov/Projects/geekbrains/django/1-lecture-django/.venv/lib/python3.12/site-packages/django/template/loader_tags.py", line 109, in find_template
    template, origin = context.template.engine.find_template(
                       ^^^^^^^^^^^^^^^^^^^^^^^^^^^^^^^^^^^^^^
  File "/Users/ainurshamsutdinov/Projects/geekbrains/django/1-lecture-django/.venv/lib/python3.12/site-packages/django/template/engine.py", line 163, in find_template
    raise TemplateDoesNotExist(name, tried=tried)
django.template.exceptions.TemplateDoesNotExist: base.html

The above exception was the direct cause of the following exception:

Traceback (most recent call last):
  File "/Users/ainurshamsutdinov/Projects/geekbrains/django/1-lecture-django/.venv/lib/python3.12/site-packages/django/core/handlers/exception.py", line 55, in inner
    response = get_response(request)
               ^^^^^^^^^^^^^^^^^^^^^
  File "/Users/ainurshamsutdinov/Projects/geekbrains/django/1-lecture-django/.venv/lib/python3.12/site-packages/django/core/handlers/base.py", line 197, in _get_response
    response = wrapped_callback(request, *callback_args, **callback_kwargs)
               ^^^^^^^^^^^^^^^^^^^^^^^^^^^^^^^^^^^^^^^^^^^^^^^^^^^^^^^^^^^^
  File "/Users/ainurshamsutdinov/Projects/geekbrains/django/1-lecture-django/myproject/myapp3/views.py", line 83, in index
    return render(request, 'myapp3/index.html')
           ^^^^^^^^^^^^^^^^^^^^^^^^^^^^^^^^^^^^
  File "/Users/ainurshamsutdinov/Projects/geekbrains/django/1-lecture-django/.venv/lib/python3.12/site-packages/django/shortcuts.py", line 25, in render
    content = loader.render_to_string(template_name, context, request, using=using)
              ^^^^^^^^^^^^^^^^^^^^^^^^^^^^^^^^^^^^^^^^^^^^^^^^^^^^^^^^^^^^^^^^^^^^^
  File "/Users/ainurshamsutdinov/Projects/geekbrains/django/1-lecture-django/.venv/lib/python3.12/site-packages/django/template/loader.py", line 62, in render_to_string
    return template.render(context, request)
           ^^^^^^^^^^^^^^^^^^^^^^^^^^^^^^^^^
  File "/Users/ainurshamsutdinov/Projects/geekbrains/django/1-lecture-django/.venv/lib/python3.12/site-packages/django/template/backends/django.py", line 63, in render
    reraise(exc, self.backend)
  File "/Users/ainurshamsutdinov/Projects/geekbrains/django/1-lecture-django/.venv/lib/python3.12/site-packages/django/template/backends/django.py", line 84, in reraise
    raise new from exc
django.template.exceptions.TemplateDoesNotExist: base.html
ERROR 2024-04-30 16:19:25,150 basehttp 25125 6168309760 "GET /les3/index/ HTTP/1.1" 500 121647
INFO 2024-04-30 16:26:58,585 autoreload 25257 8346892992 Watching for file changes with StatReloader
INFO 2024-04-30 16:27:03,867 basehttp 25257 6132985856 "GET /les3/index/ HTTP/1.1" 200 126
INFO 2024-04-30 16:27:24,739 basehttp 25257 6132985856 "GET /les3/about/ HTTP/1.1" 200 126
INFO 2024-04-30 16:28:27,824 autoreload 25257 8346892992 /Users/ainurshamsutdinov/Projects/geekbrains/django/1-lecture-django/myproject/myproject/settings.py changed, reloading.
INFO 2024-04-30 16:28:27,965 autoreload 25272 8346892992 Watching for file changes with StatReloader
INFO 2024-04-30 16:28:32,151 basehttp 25272 6197751808 "GET /les3/about/ HTTP/1.1" 200 221
INFO 2024-04-30 16:28:36,759 basehttp 25272 6197751808 "GET /les3/index/ HTTP/1.1" 200 235
INFO 2024-04-30 16:31:47,523 autoreload 25272 8346892992 /Users/ainurshamsutdinov/Projects/geekbrains/django/1-lecture-django/myproject/myproject/urls.py changed, reloading.
INFO 2024-04-30 16:31:47,659 autoreload 25305 8346892992 Watching for file changes with StatReloader
WARNING 2024-04-30 16:31:56,898 log 25305 6124662784 Not Found: /index
WARNING 2024-04-30 16:31:56,899 basehttp 25305 6124662784 "GET /index HTTP/1.1" 404 2407
INFO 2024-04-30 16:33:21,143 autoreload 25305 8346892992 /Users/ainurshamsutdinov/Projects/geekbrains/django/1-lecture-django/myproject/myproject/urls.py changed, reloading.
INFO 2024-04-30 16:33:21,294 autoreload 25323 8346892992 Watching for file changes with StatReloader
INFO 2024-04-30 16:34:15,690 autoreload 25342 8346892992 Watching for file changes with StatReloader
INFO 2024-04-30 16:34:41,034 autoreload 25342 8346892992 /Users/ainurshamsutdinov/Projects/geekbrains/django/1-lecture-django/myproject/myproject/urls.py changed, reloading.
INFO 2024-04-30 16:34:41,204 autoreload 25349 8346892992 Watching for file changes with StatReloader
WARNING 2024-04-30 16:34:43,563 log 25349 6169702400 Not Found: /index
WARNING 2024-04-30 16:34:43,563 basehttp 25349 6169702400 "GET /index HTTP/1.1" 404 2407
WARNING 2024-04-30 16:34:54,459 log 25349 6169702400 Not Found: /index
WARNING 2024-04-30 16:34:54,459 basehttp 25349 6169702400 "GET /index HTTP/1.1" 404 2407
INFO 2024-04-30 16:34:54,549 autoreload 25349 8346892992 /Users/ainurshamsutdinov/Projects/geekbrains/django/1-lecture-django/myproject/myproject/urls.py changed, reloading.
INFO 2024-04-30 16:34:54,709 autoreload 25356 8346892992 Watching for file changes with StatReloader
WARNING 2024-04-30 16:34:55,663 log 25356 6168408064 Not Found: /index
WARNING 2024-04-30 16:34:55,663 basehttp 25356 6168408064 "GET /index HTTP/1.1" 404 2407
WARNING 2024-04-30 16:34:56,532 log 25356 6168408064 Not Found: /index
WARNING 2024-04-30 16:34:56,533 basehttp 25356 6168408064 "GET /index HTTP/1.1" 404 2407
WARNING 2024-04-30 16:34:57,293 log 25356 6168408064 Not Found: /index
WARNING 2024-04-30 16:34:57,294 basehttp 25356 6168408064 "GET /index HTTP/1.1" 404 2407
WARNING 2024-04-30 16:34:57,497 log 25356 6168408064 Not Found: /index
WARNING 2024-04-30 16:34:57,497 basehttp 25356 6168408064 "GET /index HTTP/1.1" 404 2407
WARNING 2024-04-30 16:34:57,712 log 25356 6168408064 Not Found: /index
WARNING 2024-04-30 16:34:57,713 basehttp 25356 6168408064 "GET /index HTTP/1.1" 404 2407
WARNING 2024-04-30 16:35:08,835 log 25356 6168408064 Not Found: /index
WARNING 2024-04-30 16:35:08,835 basehttp 25356 6168408064 "GET /index HTTP/1.1" 404 2407
INFO 2024-04-30 16:35:09,005 autoreload 25356 8346892992 /Users/ainurshamsutdinov/Projects/geekbrains/django/1-lecture-django/myproject/myproject/urls.py changed, reloading.
INFO 2024-04-30 16:35:09,173 autoreload 25367 8346892992 Watching for file changes with StatReloader
WARNING 2024-04-30 16:35:11,815 log 25367 6194671616 Not Found: /index
WARNING 2024-04-30 16:35:11,816 basehttp 25367 6194671616 "GET /index HTTP/1.1" 404 2408
INFO 2024-04-30 16:39:24,167 autoreload 25367 8346892992 /Users/ainurshamsutdinov/Projects/geekbrains/django/1-lecture-django/myproject/myproject/urls.py changed, reloading.
INFO 2024-04-30 16:39:24,319 autoreload 25399 8346892992 Watching for file changes with StatReloader
INFO 2024-04-30 16:41:42,095 autoreload 25399 8346892992 /Users/ainurshamsutdinov/Projects/geekbrains/django/1-lecture-django/myproject/myproject/urls.py changed, reloading.
INFO 2024-04-30 16:41:42,266 autoreload 25418 8346892992 Watching for file changes with StatReloader
INFO 2024-04-30 16:42:32,840 autoreload 25418 8346892992 /Users/ainurshamsutdinov/Projects/geekbrains/django/1-lecture-django/myproject/myproject/urls.py changed, reloading.
INFO 2024-04-30 16:42:32,993 autoreload 25438 8346892992 Watching for file changes with StatReloader
INFO 2024-04-30 16:45:24,092 autoreload 25461 8346892992 Watching for file changes with StatReloader
INFO 2024-04-30 16:46:42,194 autoreload 25461 8346892992 /Users/ainurshamsutdinov/Projects/geekbrains/django/1-lecture-django/myproject/myproject/urls.py changed, reloading.
INFO 2024-04-30 16:46:42,332 autoreload 25474 8346892992 Watching for file changes with StatReloader
WARNING 2024-04-30 16:46:47,133 log 25474 6200455168 Not Found: /index
WARNING 2024-04-30 16:46:47,134 basehttp 25474 6200455168 "GET /index HTTP/1.1" 404 2408
INFO 2024-04-30 16:47:43,215 autoreload 25474 8346892992 /Users/ainurshamsutdinov/Projects/geekbrains/django/1-lecture-django/myproject/myproject/settings.py changed, reloading.
INFO 2024-04-30 16:47:43,351 autoreload 25515 8346892992 Watching for file changes with StatReloader
INFO 2024-04-30 16:48:02,977 autoreload 25526 8346892992 Watching for file changes with StatReloader
INFO 2024-04-30 16:49:19,829 autoreload 25526 8346892992 /Users/ainurshamsutdinov/Projects/geekbrains/django/1-lecture-django/myproject/myproject/settings.py changed, reloading.
INFO 2024-04-30 16:49:19,965 autoreload 25547 8346892992 Watching for file changes with StatReloader
INFO 2024-04-30 16:50:17,755 autoreload 25547 8346892992 /Users/ainurshamsutdinov/Projects/geekbrains/django/1-lecture-django/myproject/myproject/settings.py changed, reloading.
INFO 2024-04-30 16:50:17,907 autoreload 25573 8346892992 Watching for file changes with StatReloader
INFO 2024-04-30 16:50:34,653 autoreload 25586 8346892992 Watching for file changes with StatReloader
INFO 2024-04-30 16:50:45,337 autoreload 25573 8346892992 /Users/ainurshamsutdinov/Projects/geekbrains/django/1-lecture-django/myproject/myproject/urls.py changed, reloading.
INFO 2024-04-30 16:50:45,488 autoreload 25598 8346892992 Watching for file changes with StatReloader
INFO 2024-04-30 16:50:47,409 autoreload 25600 8346892992 Watching for file changes with StatReloader
INFO 2024-04-30 16:51:00,811 autoreload 25609 8346892992 Watching for file changes with StatReloader
WARNING 2024-04-30 16:51:18,970 log 25609 6203584512 Not Found: /index
WARNING 2024-04-30 16:51:18,971 basehttp 25609 6203584512 "GET /index HTTP/1.1" 404 2407
INFO 2024-04-30 16:54:44,873 autoreload 25688 8346892992 Watching for file changes with StatReloader
WARNING 2024-04-30 16:54:59,325 log 25688 6200209408 Not Found: /index
WARNING 2024-04-30 16:54:59,326 basehttp 25688 6200209408 "GET /index HTTP/1.1" 404 2407
INFO 2024-04-30 16:55:09,776 basehttp 25688 6200209408 "GET / HTTP/1.1" 200 235
INFO 2024-04-30 16:55:54,715 autoreload 25722 8346892992 Watching for file changes with StatReloader
INFO 2024-04-30 16:56:02,465 basehttp 25722 6199373824 "GET / HTTP/1.1" 200 235
INFO 2024-04-30 16:56:04,573 basehttp 25722 6199373824 "GET / HTTP/1.1" 200 235
INFO 2024-04-30 16:56:51,592 autoreload 25722 8346892992 /Users/ainurshamsutdinov/Projects/geekbrains/django/1-lecture-django/myproject/myapp3/models.py changed, reloading.
INFO 2024-04-30 16:56:51,771 autoreload 25741 8346892992 Watching for file changes with StatReloader
INFO 2024-04-30 17:06:29,923 autoreload 25741 8346892992 /Users/ainurshamsutdinov/Projects/geekbrains/django/1-lecture-django/myproject/myapp3/models.py changed, reloading.
INFO 2024-04-30 17:06:30,057 autoreload 25891 8346892992 Watching for file changes with StatReloader
INFO 2024-04-30 17:08:40,662 autoreload 25891 8346892992 /Users/ainurshamsutdinov/Projects/geekbrains/django/1-lecture-django/myproject/myapp3/models.py changed, reloading.
INFO 2024-04-30 17:08:40,806 autoreload 25970 8346892992 Watching for file changes with StatReloader
INFO 2024-04-30 21:39:13,058 autoreload 29723 8346892992 Watching for file changes with StatReloader
INFO 2024-04-30 21:39:27,636 basehttp 29723 6130774016 "GET / HTTP/1.1" 200 235
INFO 2024-04-30 21:39:43,060 basehttp 29723 6130774016 "GET /les3/author/2 HTTP/1.1" 301 0
INFO 2024-04-30 21:39:43,069 basehttp 29723 6147600384 "GET /les3/author/2/ HTTP/1.1" 200 246
INFO 2024-04-30 21:40:01,229 basehttp 29723 6147600384 "GET /les3/author/5/ HTTP/1.1" 200 1232
INFO 2024-04-30 21:40:09,743 basehttp 29723 6147600384 "GET /les3/post/26/ HTTP/1.1" 200 590
INFO 2024-04-30 21:40:13,446 basehttp 29723 6147600384 "GET /les3/post/27/ HTTP/1.1" 200 607
INFO 2024-04-30 21:40:15,370 basehttp 29723 6147600384 "GET /les3/post/29/ HTTP/1.1" 200 607
INFO 2024-04-30 21:40:17,554 basehttp 29723 6147600384 "GET /les3/post/30/ HTTP/1.1" 200 627
INFO 2024-04-30 21:40:20,467 basehttp 29723 6147600384 "GET /les3/post/28/ HTTP/1.1" 200 639
INFO 2024-04-30 21:43:16,063 basehttp 29723 6147600384 "GET /les3/author/8/ HTTP/1.1" 200 1215
INFO 2024-05-03 15:18:39,210 autoreload 75513 8346892992 Watching for file changes with StatReloader
INFO 2024-05-03 15:18:44,857 basehttp 75513 6203076608 "GET / HTTP/1.1" 200 235
INFO 2024-05-03 15:19:12,470 basehttp 75513 6203076608 "GET /les4/user/add HTTP/1.1" 301 0
INFO 2024-05-03 15:19:12,482 basehttp 75513 6219902976 "GET /les4/user/add/ HTTP/1.1" 200 446
INFO 2024-05-03 15:19:59,697 autoreload 75513 8346892992 /Users/ainurshamsutdinov/Projects/geekbrains/django/1-lecture-django/myproject/myapp4/forms.py changed, reloading.
INFO 2024-05-03 15:19:59,853 autoreload 75534 8346892992 Watching for file changes with StatReloader
INFO 2024-05-03 15:20:01,706 basehttp 75534 6125711360 "GET /les4/user/add/ HTTP/1.1" 200 584
INFO 2024-05-03 15:23:49,814 autoreload 75581 8346892992 Watching for file changes with StatReloader
INFO 2024-05-03 15:23:52,345 basehttp 75581 6122483712 "GET /les4/user/add/ HTTP/1.1" 200 788
INFO 2024-05-03 15:24:05,826 basehttp 75581 6122483712 "POST /les4/user/add/ HTTP/1.1" 200 833
INFO 2024-05-03 15:26:11,738 basehttp 75581 6122483712 "POST /les4/user/add/ HTTP/1.1" 200 833
INFO 2024-05-03 15:26:27,687 basehttp 75581 6122483712 "POST /les4/user/add/ HTTP/1.1" 200 834
INFO 2024-05-03 15:27:00,664 basehttp 75581 6122483712 "POST /les4/user/add/ HTTP/1.1" 200 834
INFO 2024-05-03 15:27:22,555 autoreload 75633 8346892992 Watching for file changes with StatReloader
INFO 2024-05-03 15:27:27,982 basehttp 75633 6137982976 "POST /les4/user/add/ HTTP/1.1" 200 834
INFO 2024-05-03 15:27:31,078 basehttp 75633 6137982976 "POST /les4/user/add/ HTTP/1.1" 200 834
INFO 2024-05-03 15:27:33,792 basehttp 75633 6137982976 "POST /les4/user/add/ HTTP/1.1" 200 834
INFO 2024-05-03 15:27:34,234 basehttp 75633 6137982976 "POST /les4/user/add/ HTTP/1.1" 200 834
INFO 2024-05-03 15:27:34,438 basehttp 75633 6137982976 "POST /les4/user/add/ HTTP/1.1" 200 834
INFO 2024-05-03 15:27:34,600 basehttp 75633 6137982976 "POST /les4/user/add/ HTTP/1.1" 200 834
INFO 2024-05-03 15:27:34,769 basehttp 75633 6137982976 "POST /les4/user/add/ HTTP/1.1" 200 834
INFO 2024-05-03 15:27:34,941 basehttp 75633 6137982976 "POST /les4/user/add/ HTTP/1.1" 200 834
INFO 2024-05-03 15:27:35,155 basehttp 75633 6137982976 "POST /les4/user/add/ HTTP/1.1" 200 834
INFO 2024-05-03 15:27:35,356 basehttp 75633 6137982976 "POST /les4/user/add/ HTTP/1.1" 200 834
INFO 2024-05-03 15:27:35,545 basehttp 75633 6137982976 "POST /les4/user/add/ HTTP/1.1" 200 834
INFO 2024-05-03 15:27:35,740 basehttp 75633 6137982976 "POST /les4/user/add/ HTTP/1.1" 200 834
INFO 2024-05-03 15:27:35,932 basehttp 75633 6137982976 "POST /les4/user/add/ HTTP/1.1" 200 834
INFO 2024-05-03 15:27:36,120 basehttp 75633 6137982976 "POST /les4/user/add/ HTTP/1.1" 200 834
INFO 2024-05-03 15:27:36,312 basehttp 75633 6137982976 "POST /les4/user/add/ HTTP/1.1" 200 834
INFO 2024-05-03 15:27:36,543 basehttp 75633 6137982976 "POST /les4/user/add/ HTTP/1.1" 200 834
INFO 2024-05-03 15:28:10,325 autoreload 75633 8346892992 /Users/ainurshamsutdinov/Projects/geekbrains/django/1-lecture-django/myproject/myapp4/views.py changed, reloading.
INFO 2024-05-03 15:28:10,465 autoreload 75653 8346892992 Watching for file changes with StatReloader
INFO 2024-05-03 15:28:12,721 basehttp 75653 6122942464 "POST /les4/user/add/ HTTP/1.1" 200 834
INFO 2024-05-03 15:28:15,708 basehttp 75653 6122942464 "POST /les4/user/add/ HTTP/1.1" 200 834
INFO 2024-05-03 15:28:17,848 basehttp 75653 6122942464 "POST /les4/user/add/ HTTP/1.1" 200 834
INFO 2024-05-03 15:28:18,734 basehttp 75653 6122942464 "POST /les4/user/add/ HTTP/1.1" 200 834
INFO 2024-05-03 15:28:18,918 basehttp 75653 6122942464 "POST /les4/user/add/ HTTP/1.1" 200 834
INFO 2024-05-03 15:28:19,337 basehttp 75653 6122942464 "POST /les4/user/add/ HTTP/1.1" 200 834
INFO 2024-05-03 15:28:19,505 basehttp 75653 6122942464 "POST /les4/user/add/ HTTP/1.1" 200 834
INFO 2024-05-03 15:28:19,695 basehttp 75653 6122942464 "POST /les4/user/add/ HTTP/1.1" 200 834
INFO 2024-05-03 15:28:19,871 basehttp 75653 6122942464 "POST /les4/user/add/ HTTP/1.1" 200 834
INFO 2024-05-03 15:28:20,063 basehttp 75653 6122942464 "POST /les4/user/add/ HTTP/1.1" 200 834
INFO 2024-05-03 15:28:20,256 basehttp 75653 6122942464 "POST /les4/user/add/ HTTP/1.1" 200 834
INFO 2024-05-03 15:28:20,435 basehttp 75653 6122942464 "POST /les4/user/add/ HTTP/1.1" 200 834
INFO 2024-05-03 15:28:20,618 basehttp 75653 6122942464 "POST /les4/user/add/ HTTP/1.1" 200 834
INFO 2024-05-03 15:28:20,783 basehttp 75653 6122942464 "POST /les4/user/add/ HTTP/1.1" 200 834
INFO 2024-05-03 15:28:20,959 basehttp 75653 6122942464 "POST /les4/user/add/ HTTP/1.1" 200 834
INFO 2024-05-03 15:28:21,165 basehttp 75653 6122942464 "POST /les4/user/add/ HTTP/1.1" 200 834
INFO 2024-05-03 15:28:21,347 basehttp 75653 6122942464 "POST /les4/user/add/ HTTP/1.1" 200 834
INFO 2024-05-03 15:28:21,512 basehttp 75653 6122942464 "POST /les4/user/add/ HTTP/1.1" 200 834
INFO 2024-05-03 15:28:21,883 basehttp 75653 6122942464 "POST /les4/user/add/ HTTP/1.1" 200 834
INFO 2024-05-03 15:28:22,065 basehttp 75653 6122942464 "POST /les4/user/add/ HTTP/1.1" 200 834
INFO 2024-05-03 15:28:22,239 basehttp 75653 6122942464 "POST /les4/user/add/ HTTP/1.1" 200 834
INFO 2024-05-03 15:28:22,424 basehttp 75653 6122942464 "POST /les4/user/add/ HTTP/1.1" 200 834
INFO 2024-05-03 15:28:22,604 basehttp 75653 6122942464 "POST /les4/user/add/ HTTP/1.1" 200 834
INFO 2024-05-03 15:28:22,798 basehttp 75653 6122942464 "POST /les4/user/add/ HTTP/1.1" 200 834
INFO 2024-05-03 15:28:22,985 basehttp 75653 6122942464 "POST /les4/user/add/ HTTP/1.1" 200 834
INFO 2024-05-03 15:28:23,157 basehttp 75653 6122942464 "POST /les4/user/add/ HTTP/1.1" 200 834
INFO 2024-05-03 15:28:23,351 basehttp 75653 6122942464 "POST /les4/user/add/ HTTP/1.1" 200 834
INFO 2024-05-03 15:28:23,516 basehttp 75653 6122942464 "POST /les4/user/add/ HTTP/1.1" 200 834
INFO 2024-05-03 15:28:23,696 basehttp 75653 6122942464 "POST /les4/user/add/ HTTP/1.1" 200 834
INFO 2024-05-03 15:28:23,867 basehttp 75653 6122942464 "POST /les4/user/add/ HTTP/1.1" 200 834
INFO 2024-05-03 15:28:24,056 basehttp 75653 6122942464 "POST /les4/user/add/ HTTP/1.1" 200 834
INFO 2024-05-03 15:28:24,226 basehttp 75653 6122942464 "POST /les4/user/add/ HTTP/1.1" 200 834
INFO 2024-05-03 15:28:24,405 basehttp 75653 6122942464 "POST /les4/user/add/ HTTP/1.1" 200 834
INFO 2024-05-03 15:28:24,586 basehttp 75653 6122942464 "POST /les4/user/add/ HTTP/1.1" 200 834
INFO 2024-05-03 15:28:24,775 basehttp 75653 6122942464 "POST /les4/user/add/ HTTP/1.1" 200 834
INFO 2024-05-03 15:28:24,983 basehttp 75653 6122942464 "POST /les4/user/add/ HTTP/1.1" 200 834
INFO 2024-05-03 15:28:25,172 basehttp 75653 6122942464 "POST /les4/user/add/ HTTP/1.1" 200 834
INFO 2024-05-03 15:28:45,011 autoreload 75653 8346892992 /Users/ainurshamsutdinov/Projects/geekbrains/django/1-lecture-django/myproject/myapp4/views.py changed, reloading.
INFO 2024-05-03 15:28:45,181 autoreload 75664 8346892992 Watching for file changes with StatReloader
INFO 2024-05-03 15:28:48,715 basehttp 75664 6190149632 "POST /les4/user/add/ HTTP/1.1" 200 834
INFO 2024-05-03 16:01:45,275 autoreload 75664 8346892992 /Users/ainurshamsutdinov/Projects/geekbrains/django/1-lecture-django/myproject/myapp4/forms.py changed, reloading.
INFO 2024-05-03 16:01:45,534 autoreload 75935 8346892992 Watching for file changes with StatReloader
INFO 2024-05-03 16:40:00,508 autoreload 76181 8346892992 Watching for file changes with StatReloader
ERROR 2024-05-03 16:40:27,460 log 76181 6137753600 Internal Server Error: /les4/forms/
Traceback (most recent call last):
  File "/Users/ainurshamsutdinov/Projects/geekbrains/django/1-lecture-django/.venv/lib/python3.12/site-packages/django/core/handlers/exception.py", line 55, in inner
    response = get_response(request)
               ^^^^^^^^^^^^^^^^^^^^^
  File "/Users/ainurshamsutdinov/Projects/geekbrains/django/1-lecture-django/.venv/lib/python3.12/site-packages/django/core/handlers/base.py", line 197, in _get_response
    response = wrapped_callback(request, *callback_args, **callback_kwargs)
               ^^^^^^^^^^^^^^^^^^^^^^^^^^^^^^^^^^^^^^^^^^^^^^^^^^^^^^^^^^^^
  File "/Users/ainurshamsutdinov/Projects/geekbrains/django/1-lecture-django/myproject/myapp4/views.py", line 35, in many_fields_form
    return render(request, 'myapp4/many_fields_form.html', {'form': form})
           ^^^^^^^^^^^^^^^^^^^^^^^^^^^^^^^^^^^^^^^^^^^^^^^^^^^^^^^^^^^^^^^
  File "/Users/ainurshamsutdinov/Projects/geekbrains/django/1-lecture-django/.venv/lib/python3.12/site-packages/django/shortcuts.py", line 25, in render
    content = loader.render_to_string(template_name, context, request, using=using)
              ^^^^^^^^^^^^^^^^^^^^^^^^^^^^^^^^^^^^^^^^^^^^^^^^^^^^^^^^^^^^^^^^^^^^^
  File "/Users/ainurshamsutdinov/Projects/geekbrains/django/1-lecture-django/.venv/lib/python3.12/site-packages/django/template/loader.py", line 61, in render_to_string
    template = get_template(template_name, using=using)
               ^^^^^^^^^^^^^^^^^^^^^^^^^^^^^^^^^^^^^^^^
  File "/Users/ainurshamsutdinov/Projects/geekbrains/django/1-lecture-django/.venv/lib/python3.12/site-packages/django/template/loader.py", line 19, in get_template
    raise TemplateDoesNotExist(template_name, chain=chain)
django.template.exceptions.TemplateDoesNotExist: myapp4/many_fields_form.html
ERROR 2024-05-03 16:40:27,461 basehttp 76181 6137753600 "GET /les4/forms/ HTTP/1.1" 500 78182
ERROR 2024-05-03 16:40:59,047 log 76181 6137753600 Internal Server Error: /les4/forms/
Traceback (most recent call last):
  File "/Users/ainurshamsutdinov/Projects/geekbrains/django/1-lecture-django/.venv/lib/python3.12/site-packages/django/core/handlers/exception.py", line 55, in inner
    response = get_response(request)
               ^^^^^^^^^^^^^^^^^^^^^
  File "/Users/ainurshamsutdinov/Projects/geekbrains/django/1-lecture-django/.venv/lib/python3.12/site-packages/django/core/handlers/base.py", line 197, in _get_response
    response = wrapped_callback(request, *callback_args, **callback_kwargs)
               ^^^^^^^^^^^^^^^^^^^^^^^^^^^^^^^^^^^^^^^^^^^^^^^^^^^^^^^^^^^^
  File "/Users/ainurshamsutdinov/Projects/geekbrains/django/1-lecture-django/myproject/myapp4/views.py", line 35, in many_fields_form
    return render(request, 'myapp4/many_fields_form.html', {'form': form})
           ^^^^^^^^^^^^^^^^^^^^^^^^^^^^^^^^^^^^^^^^^^^^^^^^^^^^^^^^^^^^^^^
  File "/Users/ainurshamsutdinov/Projects/geekbrains/django/1-lecture-django/.venv/lib/python3.12/site-packages/django/shortcuts.py", line 25, in render
    content = loader.render_to_string(template_name, context, request, using=using)
              ^^^^^^^^^^^^^^^^^^^^^^^^^^^^^^^^^^^^^^^^^^^^^^^^^^^^^^^^^^^^^^^^^^^^^
  File "/Users/ainurshamsutdinov/Projects/geekbrains/django/1-lecture-django/.venv/lib/python3.12/site-packages/django/template/loader.py", line 61, in render_to_string
    template = get_template(template_name, using=using)
               ^^^^^^^^^^^^^^^^^^^^^^^^^^^^^^^^^^^^^^^^
  File "/Users/ainurshamsutdinov/Projects/geekbrains/django/1-lecture-django/.venv/lib/python3.12/site-packages/django/template/loader.py", line 15, in get_template
    return engine.get_template(template_name)
           ^^^^^^^^^^^^^^^^^^^^^^^^^^^^^^^^^^
  File "/Users/ainurshamsutdinov/Projects/geekbrains/django/1-lecture-django/.venv/lib/python3.12/site-packages/django/template/backends/django.py", line 33, in get_template
    return Template(self.engine.get_template(template_name), self)
                    ^^^^^^^^^^^^^^^^^^^^^^^^^^^^^^^^^^^^^^^
  File "/Users/ainurshamsutdinov/Projects/geekbrains/django/1-lecture-django/.venv/lib/python3.12/site-packages/django/template/engine.py", line 177, in get_template
    template, origin = self.find_template(template_name)
                       ^^^^^^^^^^^^^^^^^^^^^^^^^^^^^^^^^
  File "/Users/ainurshamsutdinov/Projects/geekbrains/django/1-lecture-django/.venv/lib/python3.12/site-packages/django/template/engine.py", line 159, in find_template
    template = loader.get_template(name, skip=skip)
               ^^^^^^^^^^^^^^^^^^^^^^^^^^^^^^^^^^^^
  File "/Users/ainurshamsutdinov/Projects/geekbrains/django/1-lecture-django/.venv/lib/python3.12/site-packages/django/template/loaders/cached.py", line 57, in get_template
    template = super().get_template(template_name, skip)
               ^^^^^^^^^^^^^^^^^^^^^^^^^^^^^^^^^^^^^^^^^
  File "/Users/ainurshamsutdinov/Projects/geekbrains/django/1-lecture-django/.venv/lib/python3.12/site-packages/django/template/loaders/base.py", line 28, in get_template
    return Template(
           ^^^^^^^^^
  File "/Users/ainurshamsutdinov/Projects/geekbrains/django/1-lecture-django/.venv/lib/python3.12/site-packages/django/template/base.py", line 154, in __init__
    self.nodelist = self.compile_nodelist()
                    ^^^^^^^^^^^^^^^^^^^^^^^
  File "/Users/ainurshamsutdinov/Projects/geekbrains/django/1-lecture-django/.venv/lib/python3.12/site-packages/django/template/base.py", line 196, in compile_nodelist
    return parser.parse()
           ^^^^^^^^^^^^^^
  File "/Users/ainurshamsutdinov/Projects/geekbrains/django/1-lecture-django/.venv/lib/python3.12/site-packages/django/template/base.py", line 510, in parse
    raise self.error(token, e)
  File "/Users/ainurshamsutdinov/Projects/geekbrains/django/1-lecture-django/.venv/lib/python3.12/site-packages/django/template/base.py", line 508, in parse
    compiled_result = compile_func(self, token)
                      ^^^^^^^^^^^^^^^^^^^^^^^^^
  File "/Users/ainurshamsutdinov/Projects/geekbrains/django/1-lecture-django/.venv/lib/python3.12/site-packages/django/template/loader_tags.py", line 295, in do_extends
    nodelist = parser.parse()
               ^^^^^^^^^^^^^^
  File "/Users/ainurshamsutdinov/Projects/geekbrains/django/1-lecture-django/.venv/lib/python3.12/site-packages/django/template/base.py", line 510, in parse
    raise self.error(token, e)
  File "/Users/ainurshamsutdinov/Projects/geekbrains/django/1-lecture-django/.venv/lib/python3.12/site-packages/django/template/base.py", line 508, in parse
    compiled_result = compile_func(self, token)
                      ^^^^^^^^^^^^^^^^^^^^^^^^^
  File "/Users/ainurshamsutdinov/Projects/geekbrains/django/1-lecture-django/.venv/lib/python3.12/site-packages/django/template/loader_tags.py", line 234, in do_block
    nodelist = parser.parse(("endblock",))
               ^^^^^^^^^^^^^^^^^^^^^^^^^^^
  File "/Users/ainurshamsutdinov/Projects/geekbrains/django/1-lecture-django/.venv/lib/python3.12/site-packages/django/template/base.py", line 515, in parse
    self.unclosed_block_tag(parse_until)
  File "/Users/ainurshamsutdinov/Projects/geekbrains/django/1-lecture-django/.venv/lib/python3.12/site-packages/django/template/base.py", line 578, in unclosed_block_tag
    raise self.error(token, msg)
django.template.exceptions.TemplateSyntaxError: Unclosed tag on line 5: 'block'. Looking for one of: endblock.
ERROR 2024-05-03 16:40:59,051 basehttp 76181 6137753600 "GET /les4/forms/ HTTP/1.1" 500 154093
INFO 2024-05-03 16:41:33,365 basehttp 76181 6137753600 "GET /les4/forms/ HTTP/1.1" 200 1457
INFO 2024-05-03 16:41:57,096 basehttp 76181 6137753600 "POST /les4/forms/ HTTP/1.1" 200 1532
INFO 2024-05-03 16:42:57,232 autoreload 76181 8346892992 /Users/ainurshamsutdinov/Projects/geekbrains/django/1-lecture-django/myproject/myapp4/views.py changed, reloading.
INFO 2024-05-03 16:42:57,373 autoreload 76236 8346892992 Watching for file changes with StatReloader
INFO 2024-05-03 16:43:36,237 basehttp 76236 6191296512 "POST /les4/forms/ HTTP/1.1" 200 1532
INFO 2024-05-03 16:43:38,390 basehttp 76236 6191296512 "POST /les4/forms/ HTTP/1.1" 200 1532
INFO 2024-05-03 16:43:39,138 basehttp 76236 6191296512 "POST /les4/forms/ HTTP/1.1" 200 1532
INFO 2024-05-03 16:43:48,877 basehttp 76236 6191296512 "POST /les4/forms/ HTTP/1.1" 200 1532
INFO 2024-05-03 16:43:53,796 basehttp 76236 6191296512 "POST /les4/forms/ HTTP/1.1" 200 1532
INFO 2024-05-03 16:43:54,228 basehttp 76236 6191296512 "POST /les4/forms/ HTTP/1.1" 200 1532
INFO 2024-05-03 16:43:54,430 basehttp 76236 6191296512 "POST /les4/forms/ HTTP/1.1" 200 1532
INFO 2024-05-03 16:43:54,763 basehttp 76236 6191296512 "POST /les4/forms/ HTTP/1.1" 200 1532
INFO 2024-05-03 16:43:54,959 basehttp 76236 6191296512 "POST /les4/forms/ HTTP/1.1" 200 1532
INFO 2024-05-03 16:44:09,437 basehttp 76236 6191296512 "POST /les4/forms/ HTTP/1.1" 200 1608
INFO 2024-05-03 16:44:13,262 basehttp 76236 6191296512 "POST /les4/forms/ HTTP/1.1" 200 1531
INFO 2024-05-03 16:44:21,556 basehttp 76236 6191296512 "POST /les4/forms/ HTTP/1.1" 200 1607
INFO 2024-05-03 16:44:25,610 basehttp 76236 6191296512 "POST /les4/forms/ HTTP/1.1" 200 1532
INFO 2024-05-03 16:44:29,310 basehttp 76236 6191296512 "POST /les4/forms/ HTTP/1.1" 200 1607
INFO 2024-05-03 16:44:32,657 basehttp 76236 6191296512 "POST /les4/forms/ HTTP/1.1" 200 1532
INFO 2024-05-03 16:44:42,411 basehttp 76236 6191296512 "POST /les4/forms/ HTTP/1.1" 200 1532
INFO 2024-05-03 16:44:43,496 basehttp 76236 6191296512 "POST /les4/forms/ HTTP/1.1" 200 1532
INFO 2024-05-03 16:44:43,966 basehttp 76236 6191296512 "POST /les4/forms/ HTTP/1.1" 200 1532
INFO 2024-05-03 16:44:44,446 basehttp 76236 6191296512 "POST /les4/forms/ HTTP/1.1" 200 1532
INFO 2024-05-03 16:59:14,412 autoreload 76236 8346892992 /Users/ainurshamsutdinov/Projects/geekbrains/django/1-lecture-django/myproject/myapp4/forms.py changed, reloading.
INFO 2024-05-03 16:59:14,640 autoreload 76505 8346892992 Watching for file changes with StatReloader
INFO 2024-05-03 17:01:31,040 autoreload 76545 8346892992 Watching for file changes with StatReloader
INFO 2024-05-03 17:02:09,491 autoreload 76559 8346892992 Watching for file changes with StatReloader
INFO 2024-05-03 17:04:03,880 autoreload 76576 8346892992 Watching for file changes with StatReloader
INFO 2024-05-03 17:04:11,607 basehttp 76576 6129692672 "POST /les4/forms/ HTTP/1.1" 200 2200
INFO 2024-05-03 17:04:23,957 basehttp 76576 6129692672 "POST /les4/forms/ HTTP/1.1" 200 2136
INFO 2024-05-03 17:04:57,951 basehttp 76576 6129692672 "POST /les4/forms/ HTTP/1.1" 200 2202
INFO 2024-05-03 17:06:01,832 autoreload 76576 8346892992 /Users/ainurshamsutdinov/Projects/geekbrains/django/1-lecture-django/myproject/myapp4/forms.py changed, reloading.
INFO 2024-05-03 17:06:01,996 autoreload 76603 8346892992 Watching for file changes with StatReloader
INFO 2024-05-03 17:06:05,538 basehttp 76603 6168719360 "POST /les4/forms/ HTTP/1.1" 200 2202
INFO 2024-05-03 17:06:20,245 basehttp 76603 6168719360 "POST /les4/forms/ HTTP/1.1" 200 2146
INFO 2024-05-03 17:06:36,596 basehttp 76603 6168719360 "POST /les4/forms/ HTTP/1.1" 200 2146
INFO 2024-05-03 17:13:54,142 autoreload 76603 8346892992 /Users/ainurshamsutdinov/Projects/geekbrains/django/1-lecture-django/myproject/myapp4/forms.py changed, reloading.
INFO 2024-05-03 17:13:54,329 autoreload 76665 8346892992 Watching for file changes with StatReloader
INFO 2024-05-03 17:14:00,829 basehttp 76665 6197407744 "POST /les4/forms/ HTTP/1.1" 200 2146
INFO 2024-05-03 17:14:08,272 basehttp 76665 6197407744 "POST /les4/user/add/ HTTP/1.1" 200 910
INFO 2024-05-03 17:14:25,343 basehttp 76665 6197407744 "POST /les4/user/add/ HTTP/1.1" 200 924
INFO 2024-05-03 17:14:34,189 basehttp 76665 6197407744 "POST /les4/user/add/ HTTP/1.1" 200 832
INFO 2024-05-03 17:18:48,760 autoreload 76665 8346892992 /Users/ainurshamsutdinov/Projects/geekbrains/django/1-lecture-django/myproject/myapp4/models.py changed, reloading.
INFO 2024-05-03 17:18:48,998 autoreload 76773 8346892992 Watching for file changes with StatReloader
INFO 2024-05-03 17:28:47,968 autoreload 77001 8346892992 Watching for file changes with StatReloader
INFO 2024-05-03 17:28:50,023 basehttp 77001 6160855040 "POST /les4/user/add/ HTTP/1.1" 200 842
INFO 2024-05-03 17:29:03,150 basehttp 77001 6160855040 "POST /les4/user/add/ HTTP/1.1" 200 842
INFO 2024-05-03 17:29:33,142 basehttp 77001 6160855040 "POST /les4/user/add/ HTTP/1.1" 200 842
INFO 2024-05-03 17:29:33,705 autoreload 77001 8346892992 /Users/ainurshamsutdinov/Projects/geekbrains/django/1-lecture-django/myproject/myapp4/views.py changed, reloading.
INFO 2024-05-03 17:29:33,881 autoreload 77012 8346892992 Watching for file changes with StatReloader
INFO 2024-05-03 17:29:36,029 basehttp 77012 6137196544 "POST /les4/user/add/ HTTP/1.1" 200 842
INFO 2024-05-03 17:29:55,234 basehttp 77012 6137196544 "POST /les4/user/add/ HTTP/1.1" 200 842
INFO 2024-05-03 17:29:56,019 basehttp 77012 6137196544 "POST /les4/user/add/ HTTP/1.1" 200 842
INFO 2024-05-03 17:29:56,679 basehttp 77012 6137196544 "POST /les4/user/add/ HTTP/1.1" 200 842
INFO 2024-05-03 17:29:57,298 basehttp 77012 6137196544 "POST /les4/user/add/ HTTP/1.1" 200 842
INFO 2024-05-03 17:29:57,894 basehttp 77012 6137196544 "POST /les4/user/add/ HTTP/1.1" 200 842
INFO 2024-05-03 17:29:58,492 basehttp 77012 6137196544 "POST /les4/user/add/ HTTP/1.1" 200 842
INFO 2024-05-03 17:29:58,987 basehttp 77012 6137196544 "POST /les4/user/add/ HTTP/1.1" 200 842
INFO 2024-05-03 17:31:02,100 autoreload 77012 8346892992 /Users/ainurshamsutdinov/Projects/geekbrains/django/1-lecture-django/myproject/myapp4/views.py changed, reloading.
INFO 2024-05-03 17:31:04,219 autoreload 77042 8346892992 Watching for file changes with StatReloader
INFO 2024-05-03 17:31:06,217 basehttp 77042 6171291648 "POST /les4/user/add/ HTTP/1.1" 200 842
INFO 2024-05-03 17:31:59,126 autoreload 77042 8346892992 /Users/ainurshamsutdinov/Projects/geekbrains/django/1-lecture-django/myproject/myapp4/urls.py changed, reloading.
INFO 2024-05-03 17:31:59,342 autoreload 77076 8346892992 Watching for file changes with StatReloader
INFO 2024-05-03 17:32:01,039 basehttp 77076 6121779200 "POST /les4/user/add/ HTTP/1.1" 200 842
INFO 2024-05-03 17:32:21,850 autoreload 77076 8346892992 /Users/ainurshamsutdinov/Projects/geekbrains/django/1-lecture-django/myproject/myapp4/urls.py changed, reloading.
INFO 2024-05-03 17:32:22,011 autoreload 77089 8346892992 Watching for file changes with StatReloader
INFO 2024-05-03 17:32:35,220 basehttp 77089 6192345088 "GET /les4/user/ HTTP/1.1" 200 811
INFO 2024-05-03 17:32:46,613 basehttp 77089 6192345088 "POST /les4/user/ HTTP/1.1" 200 932
INFO 2024-05-03 17:33:07,726 basehttp 77089 6192345088 "POST /les4/user/ HTTP/1.1" 200 855
INFO 2024-05-03 17:33:11,230 basehttp 77089 6192345088 "POST /les4/user/ HTTP/1.1" 200 855
INFO 2024-05-03 17:33:20,573 basehttp 77089 6192345088 "POST /les4/user/ HTTP/1.1" 200 855
INFO 2024-05-03 17:33:22,850 basehttp 77089 6192345088 "GET /les4/user/ HTTP/1.1" 200 811
INFO 2024-05-03 17:34:12,894 basehttp 77089 6192345088 "GET /les4/user/ HTTP/1.1" 200 811
INFO 2024-05-03 17:34:14,032 basehttp 77089 6192345088 "GET /les4/user/ HTTP/1.1" 200 811
INFO 2024-05-03 17:34:15,008 basehttp 77089 6192345088 "GET /les4/user/ HTTP/1.1" 200 811
INFO 2024-05-03 17:34:15,704 basehttp 77089 6192345088 "GET /les4/user/ HTTP/1.1" 200 811
INFO 2024-05-03 17:34:16,223 basehttp 77089 6192345088 "GET /les4/user/ HTTP/1.1" 200 811
INFO 2024-05-03 17:34:16,449 basehttp 77089 6192345088 "GET /les4/user/ HTTP/1.1" 200 811
INFO 2024-05-03 17:34:16,655 basehttp 77089 6192345088 "GET /les4/user/ HTTP/1.1" 200 811
INFO 2024-05-03 17:34:16,843 basehttp 77089 6192345088 "GET /les4/user/ HTTP/1.1" 200 811
INFO 2024-05-03 17:34:17,036 basehttp 77089 6192345088 "GET /les4/user/ HTTP/1.1" 200 811
INFO 2024-05-03 17:34:17,572 basehttp 77089 6192345088 "GET /les4/user/ HTTP/1.1" 200 811
INFO 2024-05-03 17:34:17,754 basehttp 77089 6192345088 "GET /les4/user/ HTTP/1.1" 200 811
INFO 2024-05-03 17:34:17,946 basehttp 77089 6192345088 "GET /les4/user/ HTTP/1.1" 200 811
INFO 2024-05-03 17:34:18,124 basehttp 77089 6192345088 "GET /les4/user/ HTTP/1.1" 200 811
INFO 2024-05-03 17:34:18,327 basehttp 77089 6192345088 "GET /les4/user/ HTTP/1.1" 200 811
INFO 2024-05-03 17:34:18,498 basehttp 77089 6192345088 "GET /les4/user/ HTTP/1.1" 200 811
INFO 2024-05-03 17:34:18,691 basehttp 77089 6192345088 "GET /les4/user/ HTTP/1.1" 200 811
INFO 2024-05-03 17:34:18,880 basehttp 77089 6192345088 "GET /les4/user/ HTTP/1.1" 200 811
INFO 2024-05-03 17:34:19,072 basehttp 77089 6192345088 "GET /les4/user/ HTTP/1.1" 200 811
INFO 2024-05-03 17:34:19,275 basehttp 77089 6192345088 "GET /les4/user/ HTTP/1.1" 200 811
INFO 2024-05-03 17:34:19,463 basehttp 77089 6192345088 "GET /les4/user/ HTTP/1.1" 200 811
INFO 2024-05-03 17:34:19,670 basehttp 77089 6192345088 "GET /les4/user/ HTTP/1.1" 200 811
INFO 2024-05-03 17:34:19,848 basehttp 77089 6192345088 "GET /les4/user/ HTTP/1.1" 200 811
INFO 2024-05-03 17:34:20,005 basehttp 77089 6192345088 "GET /les4/user/ HTTP/1.1" 200 811
INFO 2024-05-03 17:34:20,241 basehttp 77089 6192345088 "GET /les4/user/ HTTP/1.1" 200 811
INFO 2024-05-03 17:34:20,420 basehttp 77089 6192345088 "GET /les4/user/ HTTP/1.1" 200 811
INFO 2024-05-03 17:34:20,626 basehttp 77089 6192345088 "GET /les4/user/ HTTP/1.1" 200 811
INFO 2024-05-03 17:34:20,805 basehttp 77089 6192345088 "GET /les4/user/ HTTP/1.1" 200 811
INFO 2024-05-03 17:34:20,981 basehttp 77089 6192345088 "GET /les4/user/ HTTP/1.1" 200 811
INFO 2024-05-03 17:34:21,191 basehttp 77089 6192345088 "GET /les4/user/ HTTP/1.1" 200 811
INFO 2024-05-03 17:34:21,375 basehttp 77089 6192345088 "GET /les4/user/ HTTP/1.1" 200 811
INFO 2024-05-03 17:40:47,087 autoreload 77089 8346892992 /Users/ainurshamsutdinov/Projects/geekbrains/django/1-lecture-django/myproject/myapp4/views.py changed, reloading.
INFO 2024-05-03 17:40:47,238 autoreload 77146 8346892992 Watching for file changes with StatReloader
INFO 2024-05-03 17:40:49,295 autoreload 77146 8346892992 /Users/ainurshamsutdinov/Projects/geekbrains/django/1-lecture-django/myproject/myapp4/views.py changed, reloading.
INFO 2024-05-03 17:40:49,426 autoreload 77154 8346892992 Watching for file changes with StatReloader
INFO 2024-05-03 17:46:34,527 autoreload 77267 8346892992 Watching for file changes with StatReloader
INFO 2024-05-03 17:47:12,699 autoreload 77277 8346892992 Watching for file changes with StatReloader
INFO 2024-05-03 17:48:01,457 autoreload 77277 8346892992 /Users/ainurshamsutdinov/Projects/geekbrains/django/1-lecture-django/myproject/myproject/settings.py changed, reloading.
INFO 2024-05-03 17:48:01,627 autoreload 77292 8346892992 Watching for file changes with StatReloader
INFO 2024-05-03 17:48:04,360 autoreload 77297 8346892992 Watching for file changes with StatReloader
INFO 2024-05-03 17:49:14,240 autoreload 77297 8346892992 /Users/ainurshamsutdinov/Projects/geekbrains/django/1-lecture-django/myproject/myapp4/urls.py changed, reloading.
INFO 2024-05-03 17:49:14,391 autoreload 77335 8346892992 Watching for file changes with StatReloader
ERROR 2024-05-03 17:49:41,388 log 77335 6130577408 Internal Server Error: /les4/image/
Traceback (most recent call last):
  File "/Users/ainurshamsutdinov/Projects/geekbrains/django/1-lecture-django/.venv/lib/python3.12/site-packages/django/core/handlers/exception.py", line 55, in inner
    response = get_response(request)
               ^^^^^^^^^^^^^^^^^^^^^
  File "/Users/ainurshamsutdinov/Projects/geekbrains/django/1-lecture-django/.venv/lib/python3.12/site-packages/django/core/handlers/base.py", line 197, in _get_response
    response = wrapped_callback(request, *callback_args, **callback_kwargs)
               ^^^^^^^^^^^^^^^^^^^^^^^^^^^^^^^^^^^^^^^^^^^^^^^^^^^^^^^^^^^^
  File "/Users/ainurshamsutdinov/Projects/geekbrains/django/1-lecture-django/myproject/myapp4/views.py", line 72, in image_form
    return render(request, 'myapp4/upload_image.html', {'form': form})
           ^^^^^^^^^^^^^^^^^^^^^^^^^^^^^^^^^^^^^^^^^^^^^^^^^^^^^^^^^^^
  File "/Users/ainurshamsutdinov/Projects/geekbrains/django/1-lecture-django/.venv/lib/python3.12/site-packages/django/shortcuts.py", line 25, in render
    content = loader.render_to_string(template_name, context, request, using=using)
              ^^^^^^^^^^^^^^^^^^^^^^^^^^^^^^^^^^^^^^^^^^^^^^^^^^^^^^^^^^^^^^^^^^^^^
  File "/Users/ainurshamsutdinov/Projects/geekbrains/django/1-lecture-django/.venv/lib/python3.12/site-packages/django/template/loader.py", line 61, in render_to_string
    template = get_template(template_name, using=using)
               ^^^^^^^^^^^^^^^^^^^^^^^^^^^^^^^^^^^^^^^^
  File "/Users/ainurshamsutdinov/Projects/geekbrains/django/1-lecture-django/.venv/lib/python3.12/site-packages/django/template/loader.py", line 19, in get_template
    raise TemplateDoesNotExist(template_name, chain=chain)
django.template.exceptions.TemplateDoesNotExist: myapp4/upload_image.html
ERROR 2024-05-03 17:49:41,389 basehttp 77335 6130577408 "GET /les4/image/ HTTP/1.1" 500 77878
INFO 2024-05-03 17:50:04,804 basehttp 77335 6130577408 "GET /les4/image/ HTTP/1.1" 200 461
INFO 2024-05-03 17:50:22,179 autoreload 77373 8346892992 Watching for file changes with StatReloader
INFO 2024-05-03 17:50:24,383 basehttp 77373 6135803904 "GET /les4/image/ HTTP/1.1" 200 476
INFO 2024-05-03 17:51:21,604 basehttp 77373 6135803904 "GET /les4/image/ HTTP/1.1" 200 476
INFO 2024-05-03 17:53:25,831 autoreload 77373 8346892992 /Users/ainurshamsutdinov/Projects/geekbrains/django/1-lecture-django/myproject/myapp4/views.py changed, reloading.
INFO 2024-05-03 17:53:26,070 autoreload 77410 8346892992 Watching for file changes with StatReloader
INFO 2024-05-03 17:53:29,114 basehttp 77410 6131544064 "GET /les4/image/ HTTP/1.1" 200 519
INFO 2024-05-03 17:53:35,193 basehttp 77410 6131544064 "GET /les4/image/?csrfmiddlewaretoken=Pc2BSeNuBEFoihUIifsvKhiqaQ33ogRwCPTdnFo1Bm7SLpFT1QEK8xoPKLUAdjnX&image=1710871249232551742.jpg HTTP/1.1" 200 519
INFO 2024-05-03 17:54:17,889 autoreload 77425 8346892992 Watching for file changes with StatReloader
INFO 2024-05-03 17:54:19,497 basehttp 77425 6198439936 "GET /les4/image/?csrfmiddlewaretoken=Pc2BSeNuBEFoihUIifsvKhiqaQ33ogRwCPTdnFo1Bm7SLpFT1QEK8xoPKLUAdjnX&image=1710871249232551742.jpg HTTP/1.1" 200 563
INFO 2024-05-03 17:54:25,117 basehttp 77425 6198439936 "POST /les4/image/?csrfmiddlewaretoken=Pc2BSeNuBEFoihUIifsvKhiqaQ33ogRwCPTdnFo1Bm7SLpFT1QEK8xoPKLUAdjnX&image=1710871249232551742.jpg HTTP/1.1" 200 563
INFO 2024-05-06 12:24:56,886 autoreload 19232 8346892992 Watching for file changes with StatReloader
INFO 2024-05-06 12:25:17,113 basehttp 19232 6159020032 "GET / HTTP/1.1" 200 235
WARNING 2024-05-06 12:25:17,139 log 19232 6159020032 Not Found: /favicon.ico
WARNING 2024-05-06 12:25:17,139 basehttp 19232 6159020032 "GET /favicon.ico HTTP/1.1" 404 2530
INFO 2024-05-06 12:25:23,301 basehttp 19232 6159020032 "GET /admin HTTP/1.1" 301 0
INFO 2024-05-06 12:25:23,311 basehttp 19232 6175846400 "GET /admin/ HTTP/1.1" 302 0
INFO 2024-05-06 12:25:23,331 basehttp 19232 6175846400 "GET /admin/login/?next=/admin/ HTTP/1.1" 200 4158
INFO 2024-05-06 12:25:23,352 basehttp 19232 6159020032 "GET /static/admin/css/dark_mode.css HTTP/1.1" 200 2682
INFO 2024-05-06 12:25:23,352 basehttp 19232 6192672768 "GET /static/admin/css/nav_sidebar.css HTTP/1.1" 200 2810
INFO 2024-05-06 12:25:23,353 basehttp 19232 6209499136 "GET /static/admin/css/login.css HTTP/1.1" 200 958
INFO 2024-05-06 12:25:23,353 basehttp 19232 6175846400 "GET /static/admin/css/base.css HTTP/1.1" 200 21544
INFO 2024-05-06 12:25:23,354 basehttp 19232 6243151872 "GET /static/admin/js/theme.js HTTP/1.1" 200 1943
INFO 2024-05-06 12:25:23,354 basehttp 19232 6226325504 "GET /static/admin/css/responsive.css HTTP/1.1" 200 17905
INFO 2024-05-06 12:25:23,354 basehttp 19232 6175846400 "GET /static/admin/js/nav_sidebar.js HTTP/1.1" 200 3063
INFO 2024-05-06 12:25:53,963 autoreload 19232 8346892992 /Users/ainurshamsutdinov/Projects/geekbrains/django/1-lecture-django/myproject/myproject/settings.py changed, reloading.
INFO 2024-05-06 12:25:54,187 autoreload 19255 8346892992 Watching for file changes with StatReloader
INFO 2024-05-06 12:45:30,947 autoreload 19392 8346892992 Watching for file changes with StatReloader
WARNING 2024-05-06 12:46:08,599 log 19392 6170800128 Not Found: /sem_4/edit/item/3
WARNING 2024-05-06 12:46:08,599 basehttp 19392 6170800128 "GET /sem_4/edit/item/3 HTTP/1.1" 404 2548
INFO 2024-05-06 12:46:13,336 basehttp 19392 6170800128 "GET /admin/ HTTP/1.1" 302 0
INFO 2024-05-06 12:46:13,364 basehttp 19392 6170800128 "GET /admin/login/?next=/admin/ HTTP/1.1" 200 4359
INFO 2024-05-06 12:46:13,390 basehttp 19392 6221279232 "GET /static/admin/css/login.css HTTP/1.1" 200 958
INFO 2024-05-06 12:46:13,390 basehttp 19392 6204452864 "GET /static/admin/css/nav_sidebar.css HTTP/1.1" 200 2810
INFO 2024-05-06 12:46:13,390 basehttp 19392 6187626496 "GET /static/admin/css/dark_mode.css HTTP/1.1" 200 2682
INFO 2024-05-06 12:46:13,390 basehttp 19392 6170800128 "GET /static/admin/css/base.css HTTP/1.1" 200 21544
INFO 2024-05-06 12:46:13,395 basehttp 19392 6254931968 "GET /static/admin/js/theme.js HTTP/1.1" 200 1943
INFO 2024-05-06 12:46:13,395 basehttp 19392 6238105600 "GET /static/admin/css/responsive.css HTTP/1.1" 200 17905
INFO 2024-05-06 12:46:13,395 basehttp 19392 6204452864 "GET /static/admin/js/nav_sidebar.js HTTP/1.1" 200 3063
INFO 2024-05-06 12:52:32,096 autoreload 19470 8346892992 Watching for file changes with StatReloader
INFO 2024-05-06 12:52:35,714 basehttp 19470 6124056576 "GET /admin/login/?next=/admin/ HTTP/1.1" 200 4359
ERROR 2024-05-06 12:52:47,493 log 19470 6124056576 Internal Server Error: /admin/login/
Traceback (most recent call last):
  File "/Users/ainurshamsutdinov/Projects/geekbrains/django/1-lecture-django/.venv/lib/python3.12/site-packages/django/db/backends/base/base.py", line 299, in _commit
    return self.connection.commit()
           ^^^^^^^^^^^^^^^^^^^^^^^^
sqlite3.OperationalError: database is locked

The above exception was the direct cause of the following exception:

Traceback (most recent call last):
  File "/Users/ainurshamsutdinov/Projects/geekbrains/django/1-lecture-django/.venv/lib/python3.12/site-packages/django/core/handlers/exception.py", line 55, in inner
    response = get_response(request)
               ^^^^^^^^^^^^^^^^^^^^^
  File "/Users/ainurshamsutdinov/Projects/geekbrains/django/1-lecture-django/.venv/lib/python3.12/site-packages/django/core/handlers/base.py", line 197, in _get_response
    response = wrapped_callback(request, *callback_args, **callback_kwargs)
               ^^^^^^^^^^^^^^^^^^^^^^^^^^^^^^^^^^^^^^^^^^^^^^^^^^^^^^^^^^^^
  File "/Users/ainurshamsutdinov/Projects/geekbrains/django/1-lecture-django/.venv/lib/python3.12/site-packages/django/utils/decorators.py", line 48, in _wrapper
    return bound_method(*args, **kwargs)
           ^^^^^^^^^^^^^^^^^^^^^^^^^^^^^
  File "/Users/ainurshamsutdinov/Projects/geekbrains/django/1-lecture-django/.venv/lib/python3.12/site-packages/django/views/decorators/cache.py", line 80, in _view_wrapper
    response = view_func(request, *args, **kwargs)
               ^^^^^^^^^^^^^^^^^^^^^^^^^^^^^^^^^^^
  File "/Users/ainurshamsutdinov/Projects/geekbrains/django/1-lecture-django/.venv/lib/python3.12/site-packages/django/contrib/admin/sites.py", line 440, in login
    return LoginView.as_view(**defaults)(request)
           ^^^^^^^^^^^^^^^^^^^^^^^^^^^^^^^^^^^^^^
  File "/Users/ainurshamsutdinov/Projects/geekbrains/django/1-lecture-django/.venv/lib/python3.12/site-packages/django/views/generic/base.py", line 104, in view
    return self.dispatch(request, *args, **kwargs)
           ^^^^^^^^^^^^^^^^^^^^^^^^^^^^^^^^^^^^^^^
  File "/Users/ainurshamsutdinov/Projects/geekbrains/django/1-lecture-django/.venv/lib/python3.12/site-packages/django/utils/decorators.py", line 48, in _wrapper
    return bound_method(*args, **kwargs)
           ^^^^^^^^^^^^^^^^^^^^^^^^^^^^^
  File "/Users/ainurshamsutdinov/Projects/geekbrains/django/1-lecture-django/.venv/lib/python3.12/site-packages/django/views/decorators/debug.py", line 143, in sensitive_post_parameters_wrapper
    return view(request, *args, **kwargs)
           ^^^^^^^^^^^^^^^^^^^^^^^^^^^^^^
  File "/Users/ainurshamsutdinov/Projects/geekbrains/django/1-lecture-django/.venv/lib/python3.12/site-packages/django/utils/decorators.py", line 48, in _wrapper
    return bound_method(*args, **kwargs)
           ^^^^^^^^^^^^^^^^^^^^^^^^^^^^^
  File "/Users/ainurshamsutdinov/Projects/geekbrains/django/1-lecture-django/.venv/lib/python3.12/site-packages/django/utils/decorators.py", line 188, in _view_wrapper
    result = _process_exception(request, e)
             ^^^^^^^^^^^^^^^^^^^^^^^^^^^^^^
  File "/Users/ainurshamsutdinov/Projects/geekbrains/django/1-lecture-django/.venv/lib/python3.12/site-packages/django/utils/decorators.py", line 186, in _view_wrapper
    response = view_func(request, *args, **kwargs)
               ^^^^^^^^^^^^^^^^^^^^^^^^^^^^^^^^^^^
  File "/Users/ainurshamsutdinov/Projects/geekbrains/django/1-lecture-django/.venv/lib/python3.12/site-packages/django/utils/decorators.py", line 48, in _wrapper
    return bound_method(*args, **kwargs)
           ^^^^^^^^^^^^^^^^^^^^^^^^^^^^^
  File "/Users/ainurshamsutdinov/Projects/geekbrains/django/1-lecture-django/.venv/lib/python3.12/site-packages/django/views/decorators/cache.py", line 80, in _view_wrapper
    response = view_func(request, *args, **kwargs)
               ^^^^^^^^^^^^^^^^^^^^^^^^^^^^^^^^^^^
  File "/Users/ainurshamsutdinov/Projects/geekbrains/django/1-lecture-django/.venv/lib/python3.12/site-packages/django/contrib/auth/views.py", line 88, in dispatch
    return super().dispatch(request, *args, **kwargs)
           ^^^^^^^^^^^^^^^^^^^^^^^^^^^^^^^^^^^^^^^^^^
  File "/Users/ainurshamsutdinov/Projects/geekbrains/django/1-lecture-django/.venv/lib/python3.12/site-packages/django/views/generic/base.py", line 143, in dispatch
    return handler(request, *args, **kwargs)
           ^^^^^^^^^^^^^^^^^^^^^^^^^^^^^^^^^
  File "/Users/ainurshamsutdinov/Projects/geekbrains/django/1-lecture-django/.venv/lib/python3.12/site-packages/django/views/generic/edit.py", line 151, in post
    return self.form_valid(form)
           ^^^^^^^^^^^^^^^^^^^^^
  File "/Users/ainurshamsutdinov/Projects/geekbrains/django/1-lecture-django/.venv/lib/python3.12/site-packages/django/contrib/auth/views.py", line 107, in form_valid
    auth_login(self.request, form.get_user())
  File "/Users/ainurshamsutdinov/Projects/geekbrains/django/1-lecture-django/.venv/lib/python3.12/site-packages/django/contrib/auth/__init__.py", line 126, in login
    request.session.cycle_key()
  File "/Users/ainurshamsutdinov/Projects/geekbrains/django/1-lecture-django/.venv/lib/python3.12/site-packages/django/contrib/sessions/backends/base.py", line 304, in cycle_key
    self.create()
  File "/Users/ainurshamsutdinov/Projects/geekbrains/django/1-lecture-django/.venv/lib/python3.12/site-packages/django/contrib/sessions/backends/db.py", line 54, in create
    self.save(must_create=True)
  File "/Users/ainurshamsutdinov/Projects/geekbrains/django/1-lecture-django/.venv/lib/python3.12/site-packages/django/contrib/sessions/backends/db.py", line 85, in save
    with transaction.atomic(using=using):
  File "/Users/ainurshamsutdinov/Projects/geekbrains/django/1-lecture-django/.venv/lib/python3.12/site-packages/django/db/transaction.py", line 263, in __exit__
    connection.commit()
  File "/Users/ainurshamsutdinov/Projects/geekbrains/django/1-lecture-django/.venv/lib/python3.12/site-packages/django/utils/asyncio.py", line 26, in inner
    return func(*args, **kwargs)
           ^^^^^^^^^^^^^^^^^^^^^
  File "/Users/ainurshamsutdinov/Projects/geekbrains/django/1-lecture-django/.venv/lib/python3.12/site-packages/django/db/backends/base/base.py", line 323, in commit
    self._commit()
  File "/Users/ainurshamsutdinov/Projects/geekbrains/django/1-lecture-django/.venv/lib/python3.12/site-packages/django/db/backends/base/base.py", line 298, in _commit
    with debug_transaction(self, "COMMIT"), self.wrap_database_errors:
  File "/Users/ainurshamsutdinov/Projects/geekbrains/django/1-lecture-django/.venv/lib/python3.12/site-packages/django/db/utils.py", line 91, in __exit__
    raise dj_exc_value.with_traceback(traceback) from exc_value
  File "/Users/ainurshamsutdinov/Projects/geekbrains/django/1-lecture-django/.venv/lib/python3.12/site-packages/django/db/backends/base/base.py", line 299, in _commit
    return self.connection.commit()
           ^^^^^^^^^^^^^^^^^^^^^^^^
django.db.utils.OperationalError: database is locked
ERROR 2024-05-06 12:52:47,499 basehttp 19470 6124056576 "POST /admin/login/?next=/admin/ HTTP/1.1" 500 179822
INFO 2024-05-06 12:52:47,499 basehttp 19470 6124056576 - Broken pipe from ('127.0.0.1', 64698)
ERROR 2024-05-06 12:52:52,860 log 19470 6140882944 Internal Server Error: /admin/login/
Traceback (most recent call last):
  File "/Users/ainurshamsutdinov/Projects/geekbrains/django/1-lecture-django/.venv/lib/python3.12/site-packages/django/db/backends/base/base.py", line 299, in _commit
    return self.connection.commit()
           ^^^^^^^^^^^^^^^^^^^^^^^^
sqlite3.OperationalError: database is locked

The above exception was the direct cause of the following exception:

Traceback (most recent call last):
  File "/Users/ainurshamsutdinov/Projects/geekbrains/django/1-lecture-django/.venv/lib/python3.12/site-packages/django/core/handlers/exception.py", line 55, in inner
    response = get_response(request)
               ^^^^^^^^^^^^^^^^^^^^^
  File "/Users/ainurshamsutdinov/Projects/geekbrains/django/1-lecture-django/.venv/lib/python3.12/site-packages/django/core/handlers/base.py", line 197, in _get_response
    response = wrapped_callback(request, *callback_args, **callback_kwargs)
               ^^^^^^^^^^^^^^^^^^^^^^^^^^^^^^^^^^^^^^^^^^^^^^^^^^^^^^^^^^^^
  File "/Users/ainurshamsutdinov/Projects/geekbrains/django/1-lecture-django/.venv/lib/python3.12/site-packages/django/utils/decorators.py", line 48, in _wrapper
    return bound_method(*args, **kwargs)
           ^^^^^^^^^^^^^^^^^^^^^^^^^^^^^
  File "/Users/ainurshamsutdinov/Projects/geekbrains/django/1-lecture-django/.venv/lib/python3.12/site-packages/django/views/decorators/cache.py", line 80, in _view_wrapper
    response = view_func(request, *args, **kwargs)
               ^^^^^^^^^^^^^^^^^^^^^^^^^^^^^^^^^^^
  File "/Users/ainurshamsutdinov/Projects/geekbrains/django/1-lecture-django/.venv/lib/python3.12/site-packages/django/contrib/admin/sites.py", line 440, in login
    return LoginView.as_view(**defaults)(request)
           ^^^^^^^^^^^^^^^^^^^^^^^^^^^^^^^^^^^^^^
  File "/Users/ainurshamsutdinov/Projects/geekbrains/django/1-lecture-django/.venv/lib/python3.12/site-packages/django/views/generic/base.py", line 104, in view
    return self.dispatch(request, *args, **kwargs)
           ^^^^^^^^^^^^^^^^^^^^^^^^^^^^^^^^^^^^^^^
  File "/Users/ainurshamsutdinov/Projects/geekbrains/django/1-lecture-django/.venv/lib/python3.12/site-packages/django/utils/decorators.py", line 48, in _wrapper
    return bound_method(*args, **kwargs)
           ^^^^^^^^^^^^^^^^^^^^^^^^^^^^^
  File "/Users/ainurshamsutdinov/Projects/geekbrains/django/1-lecture-django/.venv/lib/python3.12/site-packages/django/views/decorators/debug.py", line 143, in sensitive_post_parameters_wrapper
    return view(request, *args, **kwargs)
           ^^^^^^^^^^^^^^^^^^^^^^^^^^^^^^
  File "/Users/ainurshamsutdinov/Projects/geekbrains/django/1-lecture-django/.venv/lib/python3.12/site-packages/django/utils/decorators.py", line 48, in _wrapper
    return bound_method(*args, **kwargs)
           ^^^^^^^^^^^^^^^^^^^^^^^^^^^^^
  File "/Users/ainurshamsutdinov/Projects/geekbrains/django/1-lecture-django/.venv/lib/python3.12/site-packages/django/utils/decorators.py", line 188, in _view_wrapper
    result = _process_exception(request, e)
             ^^^^^^^^^^^^^^^^^^^^^^^^^^^^^^
  File "/Users/ainurshamsutdinov/Projects/geekbrains/django/1-lecture-django/.venv/lib/python3.12/site-packages/django/utils/decorators.py", line 186, in _view_wrapper
    response = view_func(request, *args, **kwargs)
               ^^^^^^^^^^^^^^^^^^^^^^^^^^^^^^^^^^^
  File "/Users/ainurshamsutdinov/Projects/geekbrains/django/1-lecture-django/.venv/lib/python3.12/site-packages/django/utils/decorators.py", line 48, in _wrapper
    return bound_method(*args, **kwargs)
           ^^^^^^^^^^^^^^^^^^^^^^^^^^^^^
  File "/Users/ainurshamsutdinov/Projects/geekbrains/django/1-lecture-django/.venv/lib/python3.12/site-packages/django/views/decorators/cache.py", line 80, in _view_wrapper
    response = view_func(request, *args, **kwargs)
               ^^^^^^^^^^^^^^^^^^^^^^^^^^^^^^^^^^^
  File "/Users/ainurshamsutdinov/Projects/geekbrains/django/1-lecture-django/.venv/lib/python3.12/site-packages/django/contrib/auth/views.py", line 88, in dispatch
    return super().dispatch(request, *args, **kwargs)
           ^^^^^^^^^^^^^^^^^^^^^^^^^^^^^^^^^^^^^^^^^^
  File "/Users/ainurshamsutdinov/Projects/geekbrains/django/1-lecture-django/.venv/lib/python3.12/site-packages/django/views/generic/base.py", line 143, in dispatch
    return handler(request, *args, **kwargs)
           ^^^^^^^^^^^^^^^^^^^^^^^^^^^^^^^^^
  File "/Users/ainurshamsutdinov/Projects/geekbrains/django/1-lecture-django/.venv/lib/python3.12/site-packages/django/views/generic/edit.py", line 151, in post
    return self.form_valid(form)
           ^^^^^^^^^^^^^^^^^^^^^
  File "/Users/ainurshamsutdinov/Projects/geekbrains/django/1-lecture-django/.venv/lib/python3.12/site-packages/django/contrib/auth/views.py", line 107, in form_valid
    auth_login(self.request, form.get_user())
  File "/Users/ainurshamsutdinov/Projects/geekbrains/django/1-lecture-django/.venv/lib/python3.12/site-packages/django/contrib/auth/__init__.py", line 126, in login
    request.session.cycle_key()
  File "/Users/ainurshamsutdinov/Projects/geekbrains/django/1-lecture-django/.venv/lib/python3.12/site-packages/django/contrib/sessions/backends/base.py", line 304, in cycle_key
    self.create()
  File "/Users/ainurshamsutdinov/Projects/geekbrains/django/1-lecture-django/.venv/lib/python3.12/site-packages/django/contrib/sessions/backends/db.py", line 54, in create
    self.save(must_create=True)
  File "/Users/ainurshamsutdinov/Projects/geekbrains/django/1-lecture-django/.venv/lib/python3.12/site-packages/django/contrib/sessions/backends/db.py", line 85, in save
    with transaction.atomic(using=using):
  File "/Users/ainurshamsutdinov/Projects/geekbrains/django/1-lecture-django/.venv/lib/python3.12/site-packages/django/db/transaction.py", line 263, in __exit__
    connection.commit()
  File "/Users/ainurshamsutdinov/Projects/geekbrains/django/1-lecture-django/.venv/lib/python3.12/site-packages/django/utils/asyncio.py", line 26, in inner
    return func(*args, **kwargs)
           ^^^^^^^^^^^^^^^^^^^^^
  File "/Users/ainurshamsutdinov/Projects/geekbrains/django/1-lecture-django/.venv/lib/python3.12/site-packages/django/db/backends/base/base.py", line 323, in commit
    self._commit()
  File "/Users/ainurshamsutdinov/Projects/geekbrains/django/1-lecture-django/.venv/lib/python3.12/site-packages/django/db/backends/base/base.py", line 298, in _commit
    with debug_transaction(self, "COMMIT"), self.wrap_database_errors:
  File "/Users/ainurshamsutdinov/Projects/geekbrains/django/1-lecture-django/.venv/lib/python3.12/site-packages/django/db/utils.py", line 91, in __exit__
    raise dj_exc_value.with_traceback(traceback) from exc_value
  File "/Users/ainurshamsutdinov/Projects/geekbrains/django/1-lecture-django/.venv/lib/python3.12/site-packages/django/db/backends/base/base.py", line 299, in _commit
    return self.connection.commit()
           ^^^^^^^^^^^^^^^^^^^^^^^^
django.db.utils.OperationalError: database is locked
ERROR 2024-05-06 12:52:52,865 basehttp 19470 6140882944 "POST /admin/login/?next=/admin/ HTTP/1.1" 500 179822
INFO 2024-05-06 12:53:06,745 basehttp 19470 6140882944 "GET /admin/login/?next=/admin/ HTTP/1.1" 200 4359
INFO 2024-05-06 12:53:12,046 basehttp 19470 6140882944 "POST /admin/login/?next=/admin/ HTTP/1.1" 302 0
INFO 2024-05-06 12:53:12,053 basehttp 19470 6140882944 "GET /admin/ HTTP/1.1" 200 5944
INFO 2024-05-06 12:53:12,071 basehttp 19470 6140882944 "GET /static/admin/css/dashboard.css HTTP/1.1" 200 441
INFO 2024-05-06 12:53:12,074 basehttp 19470 6157709312 "GET /static/admin/img/icon-changelink.svg HTTP/1.1" 200 380
INFO 2024-05-06 12:53:12,075 basehttp 19470 6140882944 "GET /static/admin/img/icon-addlink.svg HTTP/1.1" 200 331
INFO 2024-05-06 12:53:25,630 basehttp 19470 6140882944 "GET /admin/auth/group/add/ HTTP/1.1" 200 14125
INFO 2024-05-06 12:53:25,651 basehttp 19470 6140882944 "GET /static/admin/css/forms.css HTTP/1.1" 200 9090
INFO 2024-05-06 12:53:25,659 basehttp 19470 6174535680 "GET /static/admin/js/jquery.init.js HTTP/1.1" 200 347
INFO 2024-05-06 12:53:25,659 basehttp 19470 6191362048 "GET /static/admin/js/core.js HTTP/1.1" 200 6208
INFO 2024-05-06 12:53:25,660 basehttp 19470 6208188416 "GET /static/admin/js/admin/RelatedObjectLookups.js HTTP/1.1" 200 9042
INFO 2024-05-06 12:53:25,662 basehttp 19470 6140882944 "GET /static/admin/js/SelectBox.js HTTP/1.1" 200 4530
INFO 2024-05-06 12:53:25,662 basehttp 19470 6157709312 "GET /admin/jsi18n/ HTTP/1.1" 200 17546
INFO 2024-05-06 12:53:25,663 basehttp 19470 6174535680 "GET /static/admin/js/actions.js HTTP/1.1" 200 8067
INFO 2024-05-06 12:53:25,664 basehttp 19470 6191362048 "GET /static/admin/js/SelectFilter2.js HTTP/1.1" 200 15492
INFO 2024-05-06 12:53:25,664 basehttp 19470 6140882944 "GET /static/admin/js/urlify.js HTTP/1.1" 200 7887
INFO 2024-05-06 12:53:25,665 basehttp 19470 6208188416 "GET /static/admin/css/widgets.css HTTP/1.1" 200 11800
INFO 2024-05-06 12:53:25,667 basehttp 19470 6191362048 "GET /static/admin/js/prepopulate_init.js HTTP/1.1" 200 586
INFO 2024-05-06 12:53:25,667 basehttp 19470 6157709312 "GET /static/admin/js/prepopulate.js HTTP/1.1" 200 1531
INFO 2024-05-06 12:53:25,669 basehttp 19470 6124056576 "GET /static/admin/js/vendor/jquery/jquery.js HTTP/1.1" 200 285314
INFO 2024-05-06 12:53:25,670 basehttp 19470 6174535680 "GET /static/admin/js/vendor/xregexp/xregexp.js HTTP/1.1" 200 325171
INFO 2024-05-06 12:53:25,670 basehttp 19470 6124056576 "GET /static/admin/js/change_form.js HTTP/1.1" 200 606
INFO 2024-05-06 12:53:25,697 basehttp 19470 6124056576 "GET /static/admin/img/search.svg HTTP/1.1" 200 458
INFO 2024-05-06 12:53:25,697 basehttp 19470 6174535680 "GET /static/admin/img/selector-icons.svg HTTP/1.1" 200 3291
INFO 2024-05-06 12:56:37,021 basehttp 19470 6140882944 "GET /static/admin/img/icon-unknown-alt.svg HTTP/1.1" 200 655
INFO 2024-05-06 12:56:37,021 basehttp 19470 6124056576 "GET /static/admin/img/icon-unknown.svg HTTP/1.1" 200 655
INFO 2024-05-06 12:57:15,163 basehttp 19470 6124056576 "GET /admin/auth/user/add/ HTTP/1.1" 200 11238
INFO 2024-05-06 12:57:15,185 basehttp 19470 6124056576 "GET /admin/jsi18n/ HTTP/1.1" 200 17546
INFO 2024-05-06 12:57:35,878 basehttp 19470 6124056576 "POST /admin/auth/user/add/ HTTP/1.1" 200 11484
INFO 2024-05-06 12:57:35,898 basehttp 19470 6124056576 "GET /admin/jsi18n/ HTTP/1.1" 200 17546
INFO 2024-05-06 12:57:59,245 basehttp 19470 6124056576 "POST /admin/auth/user/add/ HTTP/1.1" 200 11484
INFO 2024-05-06 12:57:59,266 basehttp 19470 6124056576 "GET /admin/jsi18n/ HTTP/1.1" 200 17546
INFO 2024-05-06 12:58:51,640 basehttp 19470 6124056576 "POST /admin/auth/user/add/ HTTP/1.1" 200 11515
INFO 2024-05-06 12:58:51,667 basehttp 19470 6124056576 "GET /admin/jsi18n/ HTTP/1.1" 200 17546
INFO 2024-05-06 12:59:41,678 basehttp 19470 6124056576 "POST /admin/auth/user/add/ HTTP/1.1" 302 0
INFO 2024-05-06 12:59:41,692 basehttp 19470 6124056576 "GET /admin/auth/user/2/change/ HTTP/1.1" 200 25011
INFO 2024-05-06 12:59:41,709 basehttp 19470 6140882944 "GET /static/admin/js/calendar.js HTTP/1.1" 200 9141
INFO 2024-05-06 12:59:41,710 basehttp 19470 6157709312 "GET /static/admin/js/admin/DateTimeShortcuts.js HTTP/1.1" 200 19319
INFO 2024-05-06 12:59:41,710 basehttp 19470 6124056576 "GET /admin/jsi18n/ HTTP/1.1" 200 17546
INFO 2024-05-06 12:59:41,722 basehttp 19470 6124056576 "GET /static/admin/img/icon-yes.svg HTTP/1.1" 200 436
INFO 2024-05-06 12:59:41,737 basehttp 19470 6124056576 "GET /static/admin/img/icon-calendar.svg HTTP/1.1" 200 1086
INFO 2024-05-06 12:59:41,737 basehttp 19470 6157709312 "GET /static/admin/img/icon-clock.svg HTTP/1.1" 200 677
INFO 2024-05-06 13:00:37,940 basehttp 19470 6157709312 "POST /admin/auth/user/2/change/ HTTP/1.1" 302 0
INFO 2024-05-06 13:00:37,959 basehttp 19470 6157709312 "GET /admin/auth/user/ HTTP/1.1" 200 12671
INFO 2024-05-06 13:00:37,984 basehttp 19470 6157709312 "GET /static/admin/css/changelists.css HTTP/1.1" 200 6811
INFO 2024-05-06 13:00:37,988 basehttp 19470 6124056576 "GET /admin/jsi18n/ HTTP/1.1" 200 17546
INFO 2024-05-06 13:00:37,988 basehttp 19470 6157709312 "GET /static/admin/js/filters.js HTTP/1.1" 200 978
INFO 2024-05-06 13:00:37,999 basehttp 19470 6124056576 "GET /static/admin/img/tooltag-add.svg HTTP/1.1" 200 331
INFO 2024-05-06 13:00:37,999 basehttp 19470 6140882944 "GET /static/admin/img/icon-viewlink.svg HTTP/1.1" 200 581
INFO 2024-05-06 13:00:38,000 basehttp 19470 6157709312 "GET /static/admin/img/sorting-icons.svg HTTP/1.1" 200 1097
INFO 2024-05-06 13:00:43,377 basehttp 19470 6157709312 "POST /admin/logout/ HTTP/1.1" 200 3817
INFO 2024-05-06 13:00:46,867 basehttp 19470 6157709312 "GET /admin/ HTTP/1.1" 302 0
INFO 2024-05-06 13:00:46,872 basehttp 19470 6157709312 "GET /admin/login/?next=/admin/ HTTP/1.1" 200 4359
INFO 2024-05-06 13:01:03,544 basehttp 19470 6157709312 "POST /admin/login/?next=/admin/ HTTP/1.1" 302 0
INFO 2024-05-06 13:01:03,550 basehttp 19470 6157709312 "GET /admin/ HTTP/1.1" 200 4889
INFO 2024-05-06 13:01:12,657 basehttp 19470 6157709312 "GET / HTTP/1.1" 200 235
INFO 2024-05-06 13:01:13,773 basehttp 19470 6157709312 "GET /admin/ HTTP/1.1" 200 4889
INFO 2024-05-06 13:01:30,643 basehttp 19470 6157709312 "POST /admin/logout/ HTTP/1.1" 200 3817
INFO 2024-05-06 13:01:32,490 basehttp 19470 6157709312 "GET /admin/ HTTP/1.1" 302 0
INFO 2024-05-06 13:01:32,497 basehttp 19470 6157709312 "GET /admin/login/?next=/admin/ HTTP/1.1" 200 4359
INFO 2024-05-06 13:01:47,343 basehttp 19470 6157709312 "POST /admin/login/?next=/admin/ HTTP/1.1" 302 0
INFO 2024-05-06 13:01:47,349 basehttp 19470 6157709312 "GET /admin/ HTTP/1.1" 200 6716
INFO 2024-05-06 13:01:55,686 basehttp 19470 6157709312 "GET /admin/auth/user/add/ HTTP/1.1" 200 11238
INFO 2024-05-06 13:01:55,711 basehttp 19470 6157709312 "GET /admin/jsi18n/ HTTP/1.1" 200 17546
INFO 2024-05-06 13:02:00,946 basehttp 19470 6157709312 "GET /admin/ HTTP/1.1" 200 6716
INFO 2024-05-06 13:02:04,096 basehttp 19470 6157709312 "GET /admin/auth/user/2/change/ HTTP/1.1" 200 24804
INFO 2024-05-06 13:02:04,116 basehttp 19470 6157709312 "GET /admin/jsi18n/ HTTP/1.1" 200 17546
INFO 2024-05-06 13:02:51,016 basehttp 19470 6157709312 "POST /admin/auth/user/2/change/ HTTP/1.1" 302 0
INFO 2024-05-06 13:02:51,032 basehttp 19470 6157709312 "GET /admin/auth/user/ HTTP/1.1" 200 12671
INFO 2024-05-06 13:02:51,062 basehttp 19470 6157709312 "GET /admin/jsi18n/ HTTP/1.1" 200 17546
INFO 2024-05-06 13:02:56,409 basehttp 19470 6157709312 "POST /admin/logout/ HTTP/1.1" 200 3817
INFO 2024-05-06 13:02:57,740 basehttp 19470 6157709312 "GET /admin/ HTTP/1.1" 302 0
INFO 2024-05-06 13:02:57,746 basehttp 19470 6157709312 "GET /admin/login/?next=/admin/ HTTP/1.1" 200 4359
INFO 2024-05-06 13:03:07,251 basehttp 19470 6157709312 "POST /admin/login/?next=/admin/ HTTP/1.1" 302 0
INFO 2024-05-06 13:03:07,256 basehttp 19470 6157709312 "GET /admin/ HTTP/1.1" 200 5497
INFO 2024-05-06 13:03:08,996 basehttp 19470 6157709312 "GET /admin/auth/group/ HTTP/1.1" 200 7472
INFO 2024-05-06 13:03:09,022 basehttp 19470 6157709312 "GET /admin/jsi18n/ HTTP/1.1" 200 17546
INFO 2024-05-06 13:03:11,257 basehttp 19470 6157709312 "GET /admin/auth/group/add/ HTTP/1.1" 200 13814
INFO 2024-05-06 13:03:11,280 basehttp 19470 6157709312 "GET /admin/jsi18n/ HTTP/1.1" 200 17546
INFO 2024-05-06 13:03:13,389 basehttp 19470 6157709312 "GET /admin/auth/group/ HTTP/1.1" 200 7472
INFO 2024-05-06 13:09:17,995 autoreload 19470 8346892992 /Users/ainurshamsutdinov/Projects/geekbrains/django/1-lecture-django/myproject/myapp5/models.py changed, reloading.
INFO 2024-05-06 13:09:18,211 autoreload 19599 8346892992 Watching for file changes with StatReloader
INFO 2024-05-06 13:20:23,983 autoreload 19804 8346892992 Watching for file changes with StatReloader
INFO 2024-05-06 13:20:32,164 basehttp 19804 6130216960 "GET /admin/ HTTP/1.1" 200 5497
INFO 2024-05-06 13:21:08,607 basehttp 19804 6130216960 "GET /admin/ HTTP/1.1" 200 5497
INFO 2024-05-06 13:21:11,202 basehttp 19804 6130216960 "POST /admin/logout/ HTTP/1.1" 200 3817
INFO 2024-05-06 13:21:12,986 basehttp 19804 6130216960 "GET /admin/ HTTP/1.1" 302 0
INFO 2024-05-06 13:21:13,001 basehttp 19804 6130216960 "GET /admin/login/?next=/admin/ HTTP/1.1" 200 4359
INFO 2024-05-06 13:21:21,970 basehttp 19804 6130216960 "POST /admin/login/?next=/admin/ HTTP/1.1" 302 0
INFO 2024-05-06 13:21:21,975 basehttp 19804 6130216960 "GET /admin/ HTTP/1.1" 200 12452
INFO 2024-05-06 13:21:51,504 basehttp 19804 6130216960 "GET /admin/myapp5/product/add/ HTTP/1.1" 200 14008
INFO 2024-05-06 13:21:51,526 basehttp 19804 6130216960 "GET /admin/jsi18n/ HTTP/1.1" 200 17546
INFO 2024-05-06 13:22:03,462 basehttp 19804 6130216960 "POST /admin/myapp5/product/add/ HTTP/1.1" 200 14231
INFO 2024-05-06 13:22:03,488 basehttp 19804 6130216960 "GET /admin/jsi18n/ HTTP/1.1" 200 17546
INFO 2024-05-06 13:22:06,198 basehttp 19804 6130216960 "GET /admin/myapp5/product/add/ HTTP/1.1" 200 14008
INFO 2024-05-06 13:22:07,125 basehttp 19804 6130216960 "GET /admin/ HTTP/1.1" 200 12452
INFO 2024-05-06 13:22:09,866 basehttp 19804 6130216960 "GET /admin/myapp5/category/add/ HTTP/1.1" 200 12221
INFO 2024-05-06 13:22:09,884 basehttp 19804 6130216960 "GET /admin/jsi18n/ HTTP/1.1" 200 17546
INFO 2024-05-06 13:22:18,656 basehttp 19804 6130216960 "POST /admin/myapp5/category/add/ HTTP/1.1" 302 0
INFO 2024-05-06 13:22:18,687 basehttp 19804 6130216960 "GET /admin/myapp5/category/ HTTP/1.1" 200 13107
INFO 2024-05-06 13:22:18,712 basehttp 19804 6130216960 "GET /admin/jsi18n/ HTTP/1.1" 200 17546
INFO 2024-05-06 13:22:23,198 basehttp 19804 6130216960 "GET /admin/myapp5/category/add/ HTTP/1.1" 200 12221
INFO 2024-05-06 13:22:23,218 basehttp 19804 6130216960 "GET /admin/jsi18n/ HTTP/1.1" 200 17546
INFO 2024-05-06 13:22:30,345 basehttp 19804 6130216960 "POST /admin/myapp5/category/add/ HTTP/1.1" 302 0
INFO 2024-05-06 13:22:30,360 basehttp 19804 6130216960 "GET /admin/myapp5/category/ HTTP/1.1" 200 13445
INFO 2024-05-06 13:22:30,383 basehttp 19804 6130216960 "GET /admin/jsi18n/ HTTP/1.1" 200 17546
INFO 2024-05-06 13:22:31,920 basehttp 19804 6130216960 "GET /admin/myapp5/category/add/ HTTP/1.1" 200 12221
INFO 2024-05-06 13:22:31,936 basehttp 19804 6130216960 "GET /admin/jsi18n/ HTTP/1.1" 200 17546
INFO 2024-05-06 13:22:37,338 basehttp 19804 6130216960 "POST /admin/myapp5/category/add/ HTTP/1.1" 302 0
INFO 2024-05-06 13:22:37,351 basehttp 19804 6130216960 "GET /admin/myapp5/category/ HTTP/1.1" 200 13786
INFO 2024-05-06 13:22:37,375 basehttp 19804 6130216960 "GET /admin/jsi18n/ HTTP/1.1" 200 17546
INFO 2024-05-06 13:22:39,738 basehttp 19804 6130216960 "GET /admin/myapp5/category/add/ HTTP/1.1" 200 12221
INFO 2024-05-06 13:22:39,755 basehttp 19804 6130216960 "GET /admin/jsi18n/ HTTP/1.1" 200 17546
INFO 2024-05-06 13:22:51,285 basehttp 19804 6130216960 "POST /admin/myapp5/category/add/ HTTP/1.1" 302 0
INFO 2024-05-06 13:22:51,306 basehttp 19804 6130216960 "GET /admin/myapp5/category/ HTTP/1.1" 200 14131
INFO 2024-05-06 13:22:51,329 basehttp 19804 6130216960 "GET /admin/jsi18n/ HTTP/1.1" 200 17546
INFO 2024-05-06 13:22:54,028 basehttp 19804 6130216960 "GET /admin/myapp5/category/add/ HTTP/1.1" 200 12221
INFO 2024-05-06 13:22:54,047 basehttp 19804 6130216960 "GET /admin/jsi18n/ HTTP/1.1" 200 17546
INFO 2024-05-06 13:23:00,081 basehttp 19804 6130216960 "POST /admin/myapp5/category/add/ HTTP/1.1" 302 0
INFO 2024-05-06 13:23:00,099 basehttp 19804 6130216960 "GET /admin/myapp5/category/ HTTP/1.1" 200 14474
INFO 2024-05-06 13:23:00,121 basehttp 19804 6130216960 "GET /admin/jsi18n/ HTTP/1.1" 200 17546
INFO 2024-05-06 13:23:06,380 basehttp 19804 6130216960 "GET /admin/myapp5/product/ HTTP/1.1" 200 11373
INFO 2024-05-06 13:23:06,399 basehttp 19804 6130216960 "GET /admin/jsi18n/ HTTP/1.1" 200 17546
INFO 2024-05-06 13:23:07,897 basehttp 19804 6130216960 "GET /admin/myapp5/product/add/ HTTP/1.1" 200 14221
INFO 2024-05-06 13:23:07,922 basehttp 19804 6130216960 "GET /admin/jsi18n/ HTTP/1.1" 200 17546
INFO 2024-05-06 13:23:20,224 basehttp 19804 6130216960 "POST /admin/myapp5/product/add/ HTTP/1.1" 302 0
INFO 2024-05-06 13:23:20,239 basehttp 19804 6130216960 "GET /admin/myapp5/product/ HTTP/1.1" 200 13107
INFO 2024-05-06 13:23:20,257 basehttp 19804 6130216960 "GET /admin/jsi18n/ HTTP/1.1" 200 17546
INFO 2024-05-06 13:23:22,923 basehttp 19804 6130216960 "GET /admin/myapp5/product/add/ HTTP/1.1" 200 14221
INFO 2024-05-06 13:23:22,948 basehttp 19804 6130216960 "GET /admin/jsi18n/ HTTP/1.1" 200 17546
INFO 2024-05-06 13:24:04,537 basehttp 19804 6130216960 "POST /admin/myapp5/product/add/ HTTP/1.1" 302 0
INFO 2024-05-06 13:24:04,553 basehttp 19804 6130216960 "GET /admin/myapp5/product/ HTTP/1.1" 200 13458
INFO 2024-05-06 13:24:04,573 basehttp 19804 6130216960 "GET /admin/jsi18n/ HTTP/1.1" 200 17546
INFO 2024-05-06 13:24:08,047 basehttp 19804 6130216960 "GET /admin/myapp5/product/add/ HTTP/1.1" 200 14221
INFO 2024-05-06 13:24:08,075 basehttp 19804 6130216960 "GET /admin/jsi18n/ HTTP/1.1" 200 17546
INFO 2024-05-06 13:24:18,207 basehttp 19804 6130216960 "POST /admin/myapp5/product/add/ HTTP/1.1" 302 0
INFO 2024-05-06 13:24:18,226 basehttp 19804 6130216960 "GET /admin/myapp5/product/ HTTP/1.1" 200 13786
INFO 2024-05-06 13:24:18,245 basehttp 19804 6130216960 "GET /admin/jsi18n/ HTTP/1.1" 200 17546
INFO 2024-05-06 13:24:37,221 basehttp 19804 6130216960 "GET /admin/myapp5/product/add/ HTTP/1.1" 200 14221
INFO 2024-05-06 13:24:37,247 basehttp 19804 6130216960 "GET /admin/jsi18n/ HTTP/1.1" 200 17546
INFO 2024-05-06 13:24:50,997 basehttp 19804 6130216960 "POST /admin/myapp5/product/add/ HTTP/1.1" 302 0
INFO 2024-05-06 13:24:51,019 basehttp 19804 6130216960 "GET /admin/myapp5/product/add/ HTTP/1.1" 200 14506
INFO 2024-05-06 13:24:51,038 basehttp 19804 6130216960 "GET /admin/jsi18n/ HTTP/1.1" 200 17546
INFO 2024-05-06 13:25:00,840 basehttp 19804 6130216960 "POST /admin/myapp5/product/add/ HTTP/1.1" 302 0
INFO 2024-05-06 13:25:00,853 basehttp 19804 6130216960 "GET /admin/myapp5/product/add/ HTTP/1.1" 200 14514
INFO 2024-05-06 13:25:00,877 basehttp 19804 6130216960 "GET /admin/jsi18n/ HTTP/1.1" 200 17546
INFO 2024-05-06 13:25:06,025 basehttp 19804 6130216960 "GET /admin/myapp5/product/ HTTP/1.1" 200 14258
INFO 2024-05-06 13:25:06,045 basehttp 19804 6130216960 "GET /admin/jsi18n/ HTTP/1.1" 200 17546
INFO 2024-05-06 13:26:49,730 basehttp 19804 6130216960 "GET /admin/myapp3/author/ HTTP/1.1" 200 17180
INFO 2024-05-06 13:26:49,755 basehttp 19804 6130216960 "GET /admin/jsi18n/ HTTP/1.1" 200 17546
INFO 2024-05-06 13:26:52,947 basehttp 19804 6130216960 "GET /admin/myapp3/post/ HTTP/1.1" 200 47039
INFO 2024-05-06 13:26:52,966 basehttp 19804 6130216960 "GET /admin/jsi18n/ HTTP/1.1" 200 17546
INFO 2024-05-06 13:26:57,620 basehttp 19804 6130216960 "GET /admin/myapp3/post/98/change/ HTTP/1.1" 200 16074
INFO 2024-05-06 13:26:57,645 basehttp 19804 6130216960 "GET /admin/jsi18n/ HTTP/1.1" 200 17546
INFO 2024-05-06 13:43:40,106 basehttp 19804 6130216960 "GET /admin/myapp3/author HTTP/1.1" 301 0
INFO 2024-05-06 13:43:40,140 basehttp 19804 6130216960 "GET /admin/myapp3/author/ HTTP/1.1" 200 17180
INFO 2024-05-06 13:43:40,158 basehttp 19804 6130216960 "GET /admin/jsi18n/ HTTP/1.1" 200 17546
INFO 2024-05-06 13:44:20,143 autoreload 19804 8346892992 /Users/ainurshamsutdinov/Projects/geekbrains/django/1-lecture-django/myproject/myapp3/models.py changed, reloading.
INFO 2024-05-06 13:44:20,361 autoreload 19921 8346892992 Watching for file changes with StatReloader
INFO 2024-05-06 13:44:23,483 basehttp 19921 6129659904 "GET /admin/myapp3/author/ HTTP/1.1" 200 17708
INFO 2024-05-06 13:44:23,501 basehttp 19921 6129659904 "GET /admin/jsi18n/ HTTP/1.1" 200 17546
INFO 2024-05-06 13:44:32,636 autoreload 19921 8346892992 /Users/ainurshamsutdinov/Projects/geekbrains/django/1-lecture-django/myproject/myapp3/models.py changed, reloading.
INFO 2024-05-06 13:44:32,797 autoreload 19929 8346892992 Watching for file changes with StatReloader
INFO 2024-05-06 13:44:35,539 basehttp 19929 6156562432 "GET /admin/myapp3/author/ HTTP/1.1" 200 17732
INFO 2024-05-06 13:44:35,550 basehttp 19929 6156562432 "GET /admin/jsi18n/ HTTP/1.1" 200 17546
INFO 2024-05-06 13:47:24,184 autoreload 19929 8346892992 /Users/ainurshamsutdinov/Projects/geekbrains/django/1-lecture-django/myproject/myapp5/models.py changed, reloading.
INFO 2024-05-06 13:47:24,380 autoreload 20060 8346892992 Watching for file changes with StatReloader
INFO 2024-05-06 14:02:37,627 autoreload 20154 8346892992 Watching for file changes with StatReloader
INFO 2024-05-06 14:02:38,538 basehttp 20154 6124171264 "GET /admin/myapp5// HTTP/1.1" 302 0
INFO 2024-05-06 14:02:38,554 basehttp 20154 6124171264 "GET /admin/login/?next=/admin/myapp5// HTTP/1.1" 200 4375
ERROR 2024-05-06 14:02:52,211 log 20154 6124171264 Internal Server Error: /admin/login/
Traceback (most recent call last):
  File "/Users/ainurshamsutdinov/Projects/geekbrains/django/1-lecture-django/.venv/lib/python3.12/site-packages/django/db/backends/base/base.py", line 299, in _commit
    return self.connection.commit()
           ^^^^^^^^^^^^^^^^^^^^^^^^
sqlite3.OperationalError: database is locked

The above exception was the direct cause of the following exception:

Traceback (most recent call last):
  File "/Users/ainurshamsutdinov/Projects/geekbrains/django/1-lecture-django/.venv/lib/python3.12/site-packages/django/core/handlers/exception.py", line 55, in inner
    response = get_response(request)
               ^^^^^^^^^^^^^^^^^^^^^
  File "/Users/ainurshamsutdinov/Projects/geekbrains/django/1-lecture-django/.venv/lib/python3.12/site-packages/django/core/handlers/base.py", line 197, in _get_response
    response = wrapped_callback(request, *callback_args, **callback_kwargs)
               ^^^^^^^^^^^^^^^^^^^^^^^^^^^^^^^^^^^^^^^^^^^^^^^^^^^^^^^^^^^^
  File "/Users/ainurshamsutdinov/Projects/geekbrains/django/1-lecture-django/.venv/lib/python3.12/site-packages/django/utils/decorators.py", line 48, in _wrapper
    return bound_method(*args, **kwargs)
           ^^^^^^^^^^^^^^^^^^^^^^^^^^^^^
  File "/Users/ainurshamsutdinov/Projects/geekbrains/django/1-lecture-django/.venv/lib/python3.12/site-packages/django/views/decorators/cache.py", line 80, in _view_wrapper
    response = view_func(request, *args, **kwargs)
               ^^^^^^^^^^^^^^^^^^^^^^^^^^^^^^^^^^^
  File "/Users/ainurshamsutdinov/Projects/geekbrains/django/1-lecture-django/.venv/lib/python3.12/site-packages/django/contrib/admin/sites.py", line 440, in login
    return LoginView.as_view(**defaults)(request)
           ^^^^^^^^^^^^^^^^^^^^^^^^^^^^^^^^^^^^^^
  File "/Users/ainurshamsutdinov/Projects/geekbrains/django/1-lecture-django/.venv/lib/python3.12/site-packages/django/views/generic/base.py", line 104, in view
    return self.dispatch(request, *args, **kwargs)
           ^^^^^^^^^^^^^^^^^^^^^^^^^^^^^^^^^^^^^^^
  File "/Users/ainurshamsutdinov/Projects/geekbrains/django/1-lecture-django/.venv/lib/python3.12/site-packages/django/utils/decorators.py", line 48, in _wrapper
    return bound_method(*args, **kwargs)
           ^^^^^^^^^^^^^^^^^^^^^^^^^^^^^
  File "/Users/ainurshamsutdinov/Projects/geekbrains/django/1-lecture-django/.venv/lib/python3.12/site-packages/django/views/decorators/debug.py", line 143, in sensitive_post_parameters_wrapper
    return view(request, *args, **kwargs)
           ^^^^^^^^^^^^^^^^^^^^^^^^^^^^^^
  File "/Users/ainurshamsutdinov/Projects/geekbrains/django/1-lecture-django/.venv/lib/python3.12/site-packages/django/utils/decorators.py", line 48, in _wrapper
    return bound_method(*args, **kwargs)
           ^^^^^^^^^^^^^^^^^^^^^^^^^^^^^
  File "/Users/ainurshamsutdinov/Projects/geekbrains/django/1-lecture-django/.venv/lib/python3.12/site-packages/django/utils/decorators.py", line 188, in _view_wrapper
    result = _process_exception(request, e)
             ^^^^^^^^^^^^^^^^^^^^^^^^^^^^^^
  File "/Users/ainurshamsutdinov/Projects/geekbrains/django/1-lecture-django/.venv/lib/python3.12/site-packages/django/utils/decorators.py", line 186, in _view_wrapper
    response = view_func(request, *args, **kwargs)
               ^^^^^^^^^^^^^^^^^^^^^^^^^^^^^^^^^^^
  File "/Users/ainurshamsutdinov/Projects/geekbrains/django/1-lecture-django/.venv/lib/python3.12/site-packages/django/utils/decorators.py", line 48, in _wrapper
    return bound_method(*args, **kwargs)
           ^^^^^^^^^^^^^^^^^^^^^^^^^^^^^
  File "/Users/ainurshamsutdinov/Projects/geekbrains/django/1-lecture-django/.venv/lib/python3.12/site-packages/django/views/decorators/cache.py", line 80, in _view_wrapper
    response = view_func(request, *args, **kwargs)
               ^^^^^^^^^^^^^^^^^^^^^^^^^^^^^^^^^^^
  File "/Users/ainurshamsutdinov/Projects/geekbrains/django/1-lecture-django/.venv/lib/python3.12/site-packages/django/contrib/auth/views.py", line 88, in dispatch
    return super().dispatch(request, *args, **kwargs)
           ^^^^^^^^^^^^^^^^^^^^^^^^^^^^^^^^^^^^^^^^^^
  File "/Users/ainurshamsutdinov/Projects/geekbrains/django/1-lecture-django/.venv/lib/python3.12/site-packages/django/views/generic/base.py", line 143, in dispatch
    return handler(request, *args, **kwargs)
           ^^^^^^^^^^^^^^^^^^^^^^^^^^^^^^^^^
  File "/Users/ainurshamsutdinov/Projects/geekbrains/django/1-lecture-django/.venv/lib/python3.12/site-packages/django/views/generic/edit.py", line 151, in post
    return self.form_valid(form)
           ^^^^^^^^^^^^^^^^^^^^^
  File "/Users/ainurshamsutdinov/Projects/geekbrains/django/1-lecture-django/.venv/lib/python3.12/site-packages/django/contrib/auth/views.py", line 107, in form_valid
    auth_login(self.request, form.get_user())
  File "/Users/ainurshamsutdinov/Projects/geekbrains/django/1-lecture-django/.venv/lib/python3.12/site-packages/django/contrib/auth/__init__.py", line 126, in login
    request.session.cycle_key()
  File "/Users/ainurshamsutdinov/Projects/geekbrains/django/1-lecture-django/.venv/lib/python3.12/site-packages/django/contrib/sessions/backends/base.py", line 304, in cycle_key
    self.create()
  File "/Users/ainurshamsutdinov/Projects/geekbrains/django/1-lecture-django/.venv/lib/python3.12/site-packages/django/contrib/sessions/backends/db.py", line 54, in create
    self.save(must_create=True)
  File "/Users/ainurshamsutdinov/Projects/geekbrains/django/1-lecture-django/.venv/lib/python3.12/site-packages/django/contrib/sessions/backends/db.py", line 85, in save
    with transaction.atomic(using=using):
  File "/Users/ainurshamsutdinov/Projects/geekbrains/django/1-lecture-django/.venv/lib/python3.12/site-packages/django/db/transaction.py", line 263, in __exit__
    connection.commit()
  File "/Users/ainurshamsutdinov/Projects/geekbrains/django/1-lecture-django/.venv/lib/python3.12/site-packages/django/utils/asyncio.py", line 26, in inner
    return func(*args, **kwargs)
           ^^^^^^^^^^^^^^^^^^^^^
  File "/Users/ainurshamsutdinov/Projects/geekbrains/django/1-lecture-django/.venv/lib/python3.12/site-packages/django/db/backends/base/base.py", line 323, in commit
    self._commit()
  File "/Users/ainurshamsutdinov/Projects/geekbrains/django/1-lecture-django/.venv/lib/python3.12/site-packages/django/db/backends/base/base.py", line 298, in _commit
    with debug_transaction(self, "COMMIT"), self.wrap_database_errors:
  File "/Users/ainurshamsutdinov/Projects/geekbrains/django/1-lecture-django/.venv/lib/python3.12/site-packages/django/db/utils.py", line 91, in __exit__
    raise dj_exc_value.with_traceback(traceback) from exc_value
  File "/Users/ainurshamsutdinov/Projects/geekbrains/django/1-lecture-django/.venv/lib/python3.12/site-packages/django/db/backends/base/base.py", line 299, in _commit
    return self.connection.commit()
           ^^^^^^^^^^^^^^^^^^^^^^^^
django.db.utils.OperationalError: database is locked
ERROR 2024-05-06 14:02:52,215 basehttp 20154 6124171264 "POST /admin/login/?next=/admin/myapp5// HTTP/1.1" 500 181804
INFO 2024-05-06 14:02:52,215 basehttp 20154 6124171264 - Broken pipe from ('127.0.0.1', 54105)
ERROR 2024-05-06 14:02:57,549 log 20154 6140997632 Internal Server Error: /admin/login/
Traceback (most recent call last):
  File "/Users/ainurshamsutdinov/Projects/geekbrains/django/1-lecture-django/.venv/lib/python3.12/site-packages/django/db/backends/base/base.py", line 299, in _commit
    return self.connection.commit()
           ^^^^^^^^^^^^^^^^^^^^^^^^
sqlite3.OperationalError: database is locked

The above exception was the direct cause of the following exception:

Traceback (most recent call last):
  File "/Users/ainurshamsutdinov/Projects/geekbrains/django/1-lecture-django/.venv/lib/python3.12/site-packages/django/core/handlers/exception.py", line 55, in inner
    response = get_response(request)
               ^^^^^^^^^^^^^^^^^^^^^
  File "/Users/ainurshamsutdinov/Projects/geekbrains/django/1-lecture-django/.venv/lib/python3.12/site-packages/django/core/handlers/base.py", line 197, in _get_response
    response = wrapped_callback(request, *callback_args, **callback_kwargs)
               ^^^^^^^^^^^^^^^^^^^^^^^^^^^^^^^^^^^^^^^^^^^^^^^^^^^^^^^^^^^^
  File "/Users/ainurshamsutdinov/Projects/geekbrains/django/1-lecture-django/.venv/lib/python3.12/site-packages/django/utils/decorators.py", line 48, in _wrapper
    return bound_method(*args, **kwargs)
           ^^^^^^^^^^^^^^^^^^^^^^^^^^^^^
  File "/Users/ainurshamsutdinov/Projects/geekbrains/django/1-lecture-django/.venv/lib/python3.12/site-packages/django/views/decorators/cache.py", line 80, in _view_wrapper
    response = view_func(request, *args, **kwargs)
               ^^^^^^^^^^^^^^^^^^^^^^^^^^^^^^^^^^^
  File "/Users/ainurshamsutdinov/Projects/geekbrains/django/1-lecture-django/.venv/lib/python3.12/site-packages/django/contrib/admin/sites.py", line 440, in login
    return LoginView.as_view(**defaults)(request)
           ^^^^^^^^^^^^^^^^^^^^^^^^^^^^^^^^^^^^^^
  File "/Users/ainurshamsutdinov/Projects/geekbrains/django/1-lecture-django/.venv/lib/python3.12/site-packages/django/views/generic/base.py", line 104, in view
    return self.dispatch(request, *args, **kwargs)
           ^^^^^^^^^^^^^^^^^^^^^^^^^^^^^^^^^^^^^^^
  File "/Users/ainurshamsutdinov/Projects/geekbrains/django/1-lecture-django/.venv/lib/python3.12/site-packages/django/utils/decorators.py", line 48, in _wrapper
    return bound_method(*args, **kwargs)
           ^^^^^^^^^^^^^^^^^^^^^^^^^^^^^
  File "/Users/ainurshamsutdinov/Projects/geekbrains/django/1-lecture-django/.venv/lib/python3.12/site-packages/django/views/decorators/debug.py", line 143, in sensitive_post_parameters_wrapper
    return view(request, *args, **kwargs)
           ^^^^^^^^^^^^^^^^^^^^^^^^^^^^^^
  File "/Users/ainurshamsutdinov/Projects/geekbrains/django/1-lecture-django/.venv/lib/python3.12/site-packages/django/utils/decorators.py", line 48, in _wrapper
    return bound_method(*args, **kwargs)
           ^^^^^^^^^^^^^^^^^^^^^^^^^^^^^
  File "/Users/ainurshamsutdinov/Projects/geekbrains/django/1-lecture-django/.venv/lib/python3.12/site-packages/django/utils/decorators.py", line 188, in _view_wrapper
    result = _process_exception(request, e)
             ^^^^^^^^^^^^^^^^^^^^^^^^^^^^^^
  File "/Users/ainurshamsutdinov/Projects/geekbrains/django/1-lecture-django/.venv/lib/python3.12/site-packages/django/utils/decorators.py", line 186, in _view_wrapper
    response = view_func(request, *args, **kwargs)
               ^^^^^^^^^^^^^^^^^^^^^^^^^^^^^^^^^^^
  File "/Users/ainurshamsutdinov/Projects/geekbrains/django/1-lecture-django/.venv/lib/python3.12/site-packages/django/utils/decorators.py", line 48, in _wrapper
    return bound_method(*args, **kwargs)
           ^^^^^^^^^^^^^^^^^^^^^^^^^^^^^
  File "/Users/ainurshamsutdinov/Projects/geekbrains/django/1-lecture-django/.venv/lib/python3.12/site-packages/django/views/decorators/cache.py", line 80, in _view_wrapper
    response = view_func(request, *args, **kwargs)
               ^^^^^^^^^^^^^^^^^^^^^^^^^^^^^^^^^^^
  File "/Users/ainurshamsutdinov/Projects/geekbrains/django/1-lecture-django/.venv/lib/python3.12/site-packages/django/contrib/auth/views.py", line 88, in dispatch
    return super().dispatch(request, *args, **kwargs)
           ^^^^^^^^^^^^^^^^^^^^^^^^^^^^^^^^^^^^^^^^^^
  File "/Users/ainurshamsutdinov/Projects/geekbrains/django/1-lecture-django/.venv/lib/python3.12/site-packages/django/views/generic/base.py", line 143, in dispatch
    return handler(request, *args, **kwargs)
           ^^^^^^^^^^^^^^^^^^^^^^^^^^^^^^^^^
  File "/Users/ainurshamsutdinov/Projects/geekbrains/django/1-lecture-django/.venv/lib/python3.12/site-packages/django/views/generic/edit.py", line 151, in post
    return self.form_valid(form)
           ^^^^^^^^^^^^^^^^^^^^^
  File "/Users/ainurshamsutdinov/Projects/geekbrains/django/1-lecture-django/.venv/lib/python3.12/site-packages/django/contrib/auth/views.py", line 107, in form_valid
    auth_login(self.request, form.get_user())
  File "/Users/ainurshamsutdinov/Projects/geekbrains/django/1-lecture-django/.venv/lib/python3.12/site-packages/django/contrib/auth/__init__.py", line 126, in login
    request.session.cycle_key()
  File "/Users/ainurshamsutdinov/Projects/geekbrains/django/1-lecture-django/.venv/lib/python3.12/site-packages/django/contrib/sessions/backends/base.py", line 304, in cycle_key
    self.create()
  File "/Users/ainurshamsutdinov/Projects/geekbrains/django/1-lecture-django/.venv/lib/python3.12/site-packages/django/contrib/sessions/backends/db.py", line 54, in create
    self.save(must_create=True)
  File "/Users/ainurshamsutdinov/Projects/geekbrains/django/1-lecture-django/.venv/lib/python3.12/site-packages/django/contrib/sessions/backends/db.py", line 85, in save
    with transaction.atomic(using=using):
  File "/Users/ainurshamsutdinov/Projects/geekbrains/django/1-lecture-django/.venv/lib/python3.12/site-packages/django/db/transaction.py", line 263, in __exit__
    connection.commit()
  File "/Users/ainurshamsutdinov/Projects/geekbrains/django/1-lecture-django/.venv/lib/python3.12/site-packages/django/utils/asyncio.py", line 26, in inner
    return func(*args, **kwargs)
           ^^^^^^^^^^^^^^^^^^^^^
  File "/Users/ainurshamsutdinov/Projects/geekbrains/django/1-lecture-django/.venv/lib/python3.12/site-packages/django/db/backends/base/base.py", line 323, in commit
    self._commit()
  File "/Users/ainurshamsutdinov/Projects/geekbrains/django/1-lecture-django/.venv/lib/python3.12/site-packages/django/db/backends/base/base.py", line 298, in _commit
    with debug_transaction(self, "COMMIT"), self.wrap_database_errors:
  File "/Users/ainurshamsutdinov/Projects/geekbrains/django/1-lecture-django/.venv/lib/python3.12/site-packages/django/db/utils.py", line 91, in __exit__
    raise dj_exc_value.with_traceback(traceback) from exc_value
  File "/Users/ainurshamsutdinov/Projects/geekbrains/django/1-lecture-django/.venv/lib/python3.12/site-packages/django/db/backends/base/base.py", line 299, in _commit
    return self.connection.commit()
           ^^^^^^^^^^^^^^^^^^^^^^^^
django.db.utils.OperationalError: database is locked
ERROR 2024-05-06 14:02:57,553 basehttp 20154 6140997632 "POST /admin/login/?next=/admin/myapp5// HTTP/1.1" 500 181804
INFO 2024-05-06 14:03:07,559 basehttp 20154 6140997632 "GET /admin/ HTTP/1.1" 302 0
INFO 2024-05-06 14:03:07,568 basehttp 20154 6140997632 "GET /admin/login/?next=/admin/ HTTP/1.1" 200 4359
ERROR 2024-05-06 14:03:23,308 log 20154 6140997632 Internal Server Error: /admin/login/
Traceback (most recent call last):
  File "/Users/ainurshamsutdinov/Projects/geekbrains/django/1-lecture-django/.venv/lib/python3.12/site-packages/django/db/backends/base/base.py", line 299, in _commit
    return self.connection.commit()
           ^^^^^^^^^^^^^^^^^^^^^^^^
sqlite3.OperationalError: database is locked

The above exception was the direct cause of the following exception:

Traceback (most recent call last):
  File "/Users/ainurshamsutdinov/Projects/geekbrains/django/1-lecture-django/.venv/lib/python3.12/site-packages/django/core/handlers/exception.py", line 55, in inner
    response = get_response(request)
               ^^^^^^^^^^^^^^^^^^^^^
  File "/Users/ainurshamsutdinov/Projects/geekbrains/django/1-lecture-django/.venv/lib/python3.12/site-packages/django/core/handlers/base.py", line 197, in _get_response
    response = wrapped_callback(request, *callback_args, **callback_kwargs)
               ^^^^^^^^^^^^^^^^^^^^^^^^^^^^^^^^^^^^^^^^^^^^^^^^^^^^^^^^^^^^
  File "/Users/ainurshamsutdinov/Projects/geekbrains/django/1-lecture-django/.venv/lib/python3.12/site-packages/django/utils/decorators.py", line 48, in _wrapper
    return bound_method(*args, **kwargs)
           ^^^^^^^^^^^^^^^^^^^^^^^^^^^^^
  File "/Users/ainurshamsutdinov/Projects/geekbrains/django/1-lecture-django/.venv/lib/python3.12/site-packages/django/views/decorators/cache.py", line 80, in _view_wrapper
    response = view_func(request, *args, **kwargs)
               ^^^^^^^^^^^^^^^^^^^^^^^^^^^^^^^^^^^
  File "/Users/ainurshamsutdinov/Projects/geekbrains/django/1-lecture-django/.venv/lib/python3.12/site-packages/django/contrib/admin/sites.py", line 440, in login
    return LoginView.as_view(**defaults)(request)
           ^^^^^^^^^^^^^^^^^^^^^^^^^^^^^^^^^^^^^^
  File "/Users/ainurshamsutdinov/Projects/geekbrains/django/1-lecture-django/.venv/lib/python3.12/site-packages/django/views/generic/base.py", line 104, in view
    return self.dispatch(request, *args, **kwargs)
           ^^^^^^^^^^^^^^^^^^^^^^^^^^^^^^^^^^^^^^^
  File "/Users/ainurshamsutdinov/Projects/geekbrains/django/1-lecture-django/.venv/lib/python3.12/site-packages/django/utils/decorators.py", line 48, in _wrapper
    return bound_method(*args, **kwargs)
           ^^^^^^^^^^^^^^^^^^^^^^^^^^^^^
  File "/Users/ainurshamsutdinov/Projects/geekbrains/django/1-lecture-django/.venv/lib/python3.12/site-packages/django/views/decorators/debug.py", line 143, in sensitive_post_parameters_wrapper
    return view(request, *args, **kwargs)
           ^^^^^^^^^^^^^^^^^^^^^^^^^^^^^^
  File "/Users/ainurshamsutdinov/Projects/geekbrains/django/1-lecture-django/.venv/lib/python3.12/site-packages/django/utils/decorators.py", line 48, in _wrapper
    return bound_method(*args, **kwargs)
           ^^^^^^^^^^^^^^^^^^^^^^^^^^^^^
  File "/Users/ainurshamsutdinov/Projects/geekbrains/django/1-lecture-django/.venv/lib/python3.12/site-packages/django/utils/decorators.py", line 188, in _view_wrapper
    result = _process_exception(request, e)
             ^^^^^^^^^^^^^^^^^^^^^^^^^^^^^^
  File "/Users/ainurshamsutdinov/Projects/geekbrains/django/1-lecture-django/.venv/lib/python3.12/site-packages/django/utils/decorators.py", line 186, in _view_wrapper
    response = view_func(request, *args, **kwargs)
               ^^^^^^^^^^^^^^^^^^^^^^^^^^^^^^^^^^^
  File "/Users/ainurshamsutdinov/Projects/geekbrains/django/1-lecture-django/.venv/lib/python3.12/site-packages/django/utils/decorators.py", line 48, in _wrapper
    return bound_method(*args, **kwargs)
           ^^^^^^^^^^^^^^^^^^^^^^^^^^^^^
  File "/Users/ainurshamsutdinov/Projects/geekbrains/django/1-lecture-django/.venv/lib/python3.12/site-packages/django/views/decorators/cache.py", line 80, in _view_wrapper
    response = view_func(request, *args, **kwargs)
               ^^^^^^^^^^^^^^^^^^^^^^^^^^^^^^^^^^^
  File "/Users/ainurshamsutdinov/Projects/geekbrains/django/1-lecture-django/.venv/lib/python3.12/site-packages/django/contrib/auth/views.py", line 88, in dispatch
    return super().dispatch(request, *args, **kwargs)
           ^^^^^^^^^^^^^^^^^^^^^^^^^^^^^^^^^^^^^^^^^^
  File "/Users/ainurshamsutdinov/Projects/geekbrains/django/1-lecture-django/.venv/lib/python3.12/site-packages/django/views/generic/base.py", line 143, in dispatch
    return handler(request, *args, **kwargs)
           ^^^^^^^^^^^^^^^^^^^^^^^^^^^^^^^^^
  File "/Users/ainurshamsutdinov/Projects/geekbrains/django/1-lecture-django/.venv/lib/python3.12/site-packages/django/views/generic/edit.py", line 151, in post
    return self.form_valid(form)
           ^^^^^^^^^^^^^^^^^^^^^
  File "/Users/ainurshamsutdinov/Projects/geekbrains/django/1-lecture-django/.venv/lib/python3.12/site-packages/django/contrib/auth/views.py", line 107, in form_valid
    auth_login(self.request, form.get_user())
  File "/Users/ainurshamsutdinov/Projects/geekbrains/django/1-lecture-django/.venv/lib/python3.12/site-packages/django/contrib/auth/__init__.py", line 126, in login
    request.session.cycle_key()
  File "/Users/ainurshamsutdinov/Projects/geekbrains/django/1-lecture-django/.venv/lib/python3.12/site-packages/django/contrib/sessions/backends/base.py", line 304, in cycle_key
    self.create()
  File "/Users/ainurshamsutdinov/Projects/geekbrains/django/1-lecture-django/.venv/lib/python3.12/site-packages/django/contrib/sessions/backends/db.py", line 54, in create
    self.save(must_create=True)
  File "/Users/ainurshamsutdinov/Projects/geekbrains/django/1-lecture-django/.venv/lib/python3.12/site-packages/django/contrib/sessions/backends/db.py", line 85, in save
    with transaction.atomic(using=using):
  File "/Users/ainurshamsutdinov/Projects/geekbrains/django/1-lecture-django/.venv/lib/python3.12/site-packages/django/db/transaction.py", line 263, in __exit__
    connection.commit()
  File "/Users/ainurshamsutdinov/Projects/geekbrains/django/1-lecture-django/.venv/lib/python3.12/site-packages/django/utils/asyncio.py", line 26, in inner
    return func(*args, **kwargs)
           ^^^^^^^^^^^^^^^^^^^^^
  File "/Users/ainurshamsutdinov/Projects/geekbrains/django/1-lecture-django/.venv/lib/python3.12/site-packages/django/db/backends/base/base.py", line 323, in commit
    self._commit()
  File "/Users/ainurshamsutdinov/Projects/geekbrains/django/1-lecture-django/.venv/lib/python3.12/site-packages/django/db/backends/base/base.py", line 298, in _commit
    with debug_transaction(self, "COMMIT"), self.wrap_database_errors:
  File "/Users/ainurshamsutdinov/Projects/geekbrains/django/1-lecture-django/.venv/lib/python3.12/site-packages/django/db/utils.py", line 91, in __exit__
    raise dj_exc_value.with_traceback(traceback) from exc_value
  File "/Users/ainurshamsutdinov/Projects/geekbrains/django/1-lecture-django/.venv/lib/python3.12/site-packages/django/db/backends/base/base.py", line 299, in _commit
    return self.connection.commit()
           ^^^^^^^^^^^^^^^^^^^^^^^^
django.db.utils.OperationalError: database is locked
ERROR 2024-05-06 14:03:23,310 basehttp 20154 6140997632 "POST /admin/login/?next=/admin/ HTTP/1.1" 500 181596
INFO 2024-05-06 14:03:33,427 basehttp 20154 6140997632 "GET /admin/login/?next=/admin/ HTTP/1.1" 200 4359
INFO 2024-05-06 14:03:42,218 basehttp 20154 6140997632 "POST /admin/login/?next=/admin/ HTTP/1.1" 302 0
INFO 2024-05-06 14:03:42,226 basehttp 20154 6140997632 "GET /admin/ HTTP/1.1" 200 14956
INFO 2024-05-06 14:03:42,236 basehttp 20154 6140997632 "GET /static/admin/css/dashboard.css HTTP/1.1" 200 441
INFO 2024-05-06 14:03:42,253 basehttp 20154 6140997632 "GET /static/admin/img/icon-addlink.svg HTTP/1.1" 200 331
INFO 2024-05-06 14:03:42,253 basehttp 20154 6157824000 "GET /static/admin/img/icon-changelink.svg HTTP/1.1" 200 380
INFO 2024-05-06 14:03:55,616 basehttp 20154 6157824000 "GET /admin/myapp5/product/ HTTP/1.1" 200 14258
INFO 2024-05-06 14:03:55,647 basehttp 20154 6157824000 "GET /static/admin/css/changelists.css HTTP/1.1" 200 6811
INFO 2024-05-06 14:03:55,652 basehttp 20154 6174650368 "GET /static/admin/js/jquery.init.js HTTP/1.1" 200 347
INFO 2024-05-06 14:03:55,652 basehttp 20154 6191476736 "GET /static/admin/js/core.js HTTP/1.1" 200 6208
INFO 2024-05-06 14:03:55,654 basehttp 20154 6208303104 "GET /static/admin/js/admin/RelatedObjectLookups.js HTTP/1.1" 200 9042
INFO 2024-05-06 14:03:55,654 basehttp 20154 6140997632 "GET /admin/jsi18n/ HTTP/1.1" 200 17546
INFO 2024-05-06 14:03:55,654 basehttp 20154 6157824000 "GET /static/admin/js/actions.js HTTP/1.1" 200 8067
INFO 2024-05-06 14:03:55,654 basehttp 20154 6191476736 "GET /static/admin/js/prepopulate.js HTTP/1.1" 200 1531
INFO 2024-05-06 14:03:55,655 basehttp 20154 6174650368 "GET /static/admin/js/urlify.js HTTP/1.1" 200 7887
INFO 2024-05-06 14:03:55,656 basehttp 20154 6124171264 "GET /static/admin/js/vendor/jquery/jquery.js HTTP/1.1" 200 285314
INFO 2024-05-06 14:03:55,657 basehttp 20154 6208303104 "GET /static/admin/js/vendor/xregexp/xregexp.js HTTP/1.1" 200 325171
INFO 2024-05-06 14:03:55,660 basehttp 20154 6208303104 "GET /static/admin/js/filters.js HTTP/1.1" 200 978
INFO 2024-05-06 14:03:55,671 basehttp 20154 6208303104 "GET /static/admin/img/tooltag-add.svg HTTP/1.1" 200 331
INFO 2024-05-06 14:04:10,560 basehttp 20154 6208303104 "GET /admin/myapp5/product/add/ HTTP/1.1" 200 16744
INFO 2024-05-06 14:04:10,572 basehttp 20154 6208303104 "GET /static/admin/css/forms.css HTTP/1.1" 200 9090
INFO 2024-05-06 14:04:10,575 basehttp 20154 6124171264 "GET /admin/jsi18n/ HTTP/1.1" 200 17546
INFO 2024-05-06 14:04:10,576 basehttp 20154 6174650368 "GET /static/admin/js/prepopulate_init.js HTTP/1.1" 200 586
INFO 2024-05-06 14:04:10,579 basehttp 20154 6174650368 "GET /static/admin/img/icon-viewlink.svg HTTP/1.1" 200 581
INFO 2024-05-06 14:04:10,579 basehttp 20154 6208303104 "GET /static/admin/css/widgets.css HTTP/1.1" 200 11800
INFO 2024-05-06 14:04:10,580 basehttp 20154 6208303104 "GET /static/admin/js/change_form.js HTTP/1.1" 200 606
INFO 2024-05-06 14:04:28,770 basehttp 20154 6208303104 "POST /admin/myapp5/product/add/ HTTP/1.1" 200 17197
INFO 2024-05-06 14:04:28,805 basehttp 20154 6208303104 "GET /admin/jsi18n/ HTTP/1.1" 200 17546
INFO 2024-05-06 14:04:39,855 basehttp 20154 6208303104 "POST /admin/myapp5/product/add/ HTTP/1.1" 200 17190
INFO 2024-05-06 14:04:39,872 basehttp 20154 6208303104 "GET /admin/jsi18n/ HTTP/1.1" 200 17546
INFO 2024-05-06 14:05:21,694 basehttp 20154 6208303104 "GET /admin/myapp5/product/ HTTP/1.1" 200 14258
INFO 2024-05-06 14:05:21,718 basehttp 20154 6208303104 "GET /admin/jsi18n/ HTTP/1.1" 200 17546
INFO 2024-05-06 14:05:22,979 basehttp 20154 6208303104 "GET /admin/myapp5/product/5/change/ HTTP/1.1" 200 17009
INFO 2024-05-06 14:05:22,996 basehttp 20154 6208303104 "GET /admin/jsi18n/ HTTP/1.1" 200 17546
INFO 2024-05-06 14:05:48,661 basehttp 20154 6208303104 "POST /admin/myapp5/product/5/change/ HTTP/1.1" 302 0
INFO 2024-05-06 14:05:48,679 basehttp 20154 6208303104 "GET /admin/myapp5/product/add/ HTTP/1.1" 200 17020
INFO 2024-05-06 14:05:48,703 basehttp 20154 6208303104 "GET /admin/jsi18n/ HTTP/1.1" 200 17546
INFO 2024-05-06 14:05:48,712 basehttp 20154 6208303104 "GET /static/admin/img/icon-yes.svg HTTP/1.1" 200 436
INFO 2024-05-06 14:05:52,338 basehttp 20154 6208303104 "POST /admin/myapp5/product/add/ HTTP/1.1" 200 17047
INFO 2024-05-06 14:05:52,356 basehttp 20154 6208303104 "GET /admin/jsi18n/ HTTP/1.1" 200 17546
INFO 2024-05-06 14:05:56,808 basehttp 20154 6208303104 "GET /admin/myapp5/product/ HTTP/1.1" 200 14258
INFO 2024-05-06 14:05:56,831 basehttp 20154 6208303104 "GET /admin/jsi18n/ HTTP/1.1" 200 17546
INFO 2024-05-06 14:05:58,919 basehttp 20154 6208303104 "GET /admin/myapp5/product/2/change/ HTTP/1.1" 200 17001
INFO 2024-05-06 14:05:58,940 basehttp 20154 6208303104 "GET /admin/jsi18n/ HTTP/1.1" 200 17546
INFO 2024-05-06 14:06:17,156 basehttp 20154 6208303104 "POST /admin/myapp5/product/2/change/ HTTP/1.1" 302 0
INFO 2024-05-06 14:06:17,174 basehttp 20154 6208303104 "GET /admin/myapp5/product/add/ HTTP/1.1" 200 17018
INFO 2024-05-06 14:06:17,199 basehttp 20154 6208303104 "GET /admin/jsi18n/ HTTP/1.1" 200 17546
INFO 2024-05-06 14:06:21,488 basehttp 20154 6208303104 "GET /admin/myapp5/product/ HTTP/1.1" 200 14258
INFO 2024-05-06 14:06:21,508 basehttp 20154 6208303104 "GET /admin/jsi18n/ HTTP/1.1" 200 17546
INFO 2024-05-06 14:06:23,167 basehttp 20154 6208303104 "GET /admin/myapp5/product/3/change/ HTTP/1.1" 200 16977
INFO 2024-05-06 14:06:23,193 basehttp 20154 6208303104 "GET /admin/jsi18n/ HTTP/1.1" 200 17546
INFO 2024-05-06 14:06:24,167 basehttp 20154 6208303104 "GET /admin/myapp5/product/ HTTP/1.1" 200 14258
INFO 2024-05-06 14:06:25,247 basehttp 20154 6208303104 "GET /admin/myapp5/product/1/change/ HTTP/1.1" 200 16985
INFO 2024-05-06 14:06:25,264 basehttp 20154 6208303104 "GET /admin/jsi18n/ HTTP/1.1" 200 17546
INFO 2024-05-06 14:06:25,997 basehttp 20154 6208303104 "GET /admin/myapp5/product/ HTTP/1.1" 200 14258
INFO 2024-05-06 14:06:27,325 basehttp 20154 6208303104 "GET /admin/myapp5/product/5/change/ HTTP/1.1" 200 17086
INFO 2024-05-06 14:06:27,357 basehttp 20154 6208303104 "GET /admin/jsi18n/ HTTP/1.1" 200 17546
INFO 2024-05-06 14:06:28,971 basehttp 20154 6208303104 "GET /admin/myapp5/product/ HTTP/1.1" 200 14258
INFO 2024-05-06 14:06:29,939 basehttp 20154 6208303104 "GET /admin/myapp5/product/3/change/ HTTP/1.1" 200 16977
INFO 2024-05-06 14:06:29,957 basehttp 20154 6208303104 "GET /admin/jsi18n/ HTTP/1.1" 200 17546
INFO 2024-05-06 14:06:39,003 basehttp 20154 6208303104 "POST /admin/myapp5/product/3/change/ HTTP/1.1" 302 0
INFO 2024-05-06 14:06:39,019 basehttp 20154 6208303104 "GET /admin/myapp5/product/ HTTP/1.1" 200 14472
INFO 2024-05-06 14:06:39,046 basehttp 20154 6208303104 "GET /admin/jsi18n/ HTTP/1.1" 200 17546
INFO 2024-05-06 14:09:29,251 autoreload 20154 8346892992 /Users/ainurshamsutdinov/Projects/geekbrains/django/1-lecture-django/myproject/myapp5/admin.py changed, reloading.
INFO 2024-05-06 14:09:29,516 autoreload 20225 8346892992 Watching for file changes with StatReloader
INFO 2024-05-06 14:10:01,216 basehttp 20225 6136967168 "GET /admin/myapp5/product/ HTTP/1.1" 200 14258
INFO 2024-05-06 14:10:01,230 basehttp 20225 6136967168 "GET /admin/jsi18n/ HTTP/1.1" 200 17546
INFO 2024-05-06 14:10:03,162 basehttp 20225 6136967168 "GET /admin/myapp5/product/4/change/ HTTP/1.1" 200 16977
INFO 2024-05-06 14:10:03,181 basehttp 20225 6136967168 "GET /admin/jsi18n/ HTTP/1.1" 200 17546
INFO 2024-05-06 14:10:05,767 basehttp 20225 6136967168 "GET /admin/myapp5/product/ HTTP/1.1" 200 14258
INFO 2024-05-06 14:11:00,694 basehttp 20225 6136967168 "GET /admin/myapp5/product/ HTTP/1.1" 200 14258
INFO 2024-05-06 14:11:00,710 basehttp 20225 6136967168 "GET /admin/jsi18n/ HTTP/1.1" 200 17546
INFO 2024-05-06 14:13:24,974 autoreload 20240 8346892992 Watching for file changes with StatReloader
INFO 2024-05-06 14:13:29,754 basehttp 20240 6195310592 "GET /admin/myapp5/product/ HTTP/1.1" 200 14258
INFO 2024-05-06 14:13:29,773 basehttp 20240 6195310592 "GET /admin/jsi18n/ HTTP/1.1" 200 17546
INFO 2024-05-06 14:13:33,394 basehttp 20240 6195310592 "GET /admin/myapp5/ HTTP/1.1" 200 5863
INFO 2024-05-06 14:13:46,434 basehttp 20240 6195310592 "GET /admin/myapp5/ HTTP/1.1" 200 5863
INFO 2024-05-06 14:13:47,443 basehttp 20240 6195310592 "GET /admin/myapp5/product/ HTTP/1.1" 200 14258
INFO 2024-05-06 14:16:41,765 basehttp 20240 6195310592 "GET /admin/myapp5/product/ HTTP/1.1" 200 14258
INFO 2024-05-06 14:16:41,783 basehttp 20240 6195310592 "GET /admin/jsi18n/ HTTP/1.1" 200 17546
INFO 2024-05-06 14:16:44,862 basehttp 20240 6195310592 "GET /admin/myapp5/ HTTP/1.1" 200 5863
INFO 2024-05-06 14:16:45,838 basehttp 20240 6195310592 "GET /admin/myapp5/product/ HTTP/1.1" 200 14258
INFO 2024-05-06 14:16:47,502 basehttp 20240 6195310592 "GET /admin/myapp5/category/ HTTP/1.1" 200 14256
INFO 2024-05-06 14:16:47,519 basehttp 20240 6195310592 "GET /admin/jsi18n/ HTTP/1.1" 200 17546
INFO 2024-05-06 14:17:12,181 autoreload 20240 8346892992 /Users/ainurshamsutdinov/Projects/geekbrains/django/1-lecture-django/myproject/myapp5/admin.py changed, reloading.
INFO 2024-05-06 14:17:12,431 autoreload 20286 8346892992 Watching for file changes with StatReloader
INFO 2024-05-06 14:17:20,639 autoreload 20286 8346892992 /Users/ainurshamsutdinov/Projects/geekbrains/django/1-lecture-django/myproject/myapp5/admin.py changed, reloading.
INFO 2024-05-06 14:17:20,899 autoreload 20293 8346892992 Watching for file changes with StatReloader
INFO 2024-05-06 14:18:17,802 autoreload 20293 8346892992 /Users/ainurshamsutdinov/Projects/geekbrains/django/1-lecture-django/myproject/myapp5/admin.py changed, reloading.
INFO 2024-05-06 14:18:18,023 autoreload 20299 8346892992 Watching for file changes with StatReloader
INFO 2024-05-06 14:18:20,755 basehttp 20299 6127431680 "GET /admin/myapp5/category/ HTTP/1.1" 200 14256
INFO 2024-05-06 14:18:20,767 basehttp 20299 6127431680 "GET /admin/jsi18n/ HTTP/1.1" 200 17546
INFO 2024-05-06 14:18:22,039 basehttp 20299 6127431680 "GET /admin/myapp5/category/ HTTP/1.1" 200 14256
INFO 2024-05-06 14:18:22,055 basehttp 20299 6127431680 "GET /admin/jsi18n/ HTTP/1.1" 200 17546
INFO 2024-05-06 14:18:24,676 basehttp 20299 6127431680 "GET /admin/myapp5/ HTTP/1.1" 200 5863
INFO 2024-05-06 14:18:26,303 basehttp 20299 6127431680 "GET /admin/myapp5/category/ HTTP/1.1" 200 14256
INFO 2024-05-06 14:18:30,290 autoreload 20307 8346892992 Watching for file changes with StatReloader
INFO 2024-05-06 14:18:34,894 basehttp 20307 6123483136 "POST /admin/logout/ HTTP/1.1" 200 3817
INFO 2024-05-06 14:18:36,440 basehttp 20307 6123483136 "GET /admin/ HTTP/1.1" 302 0
INFO 2024-05-06 14:18:36,454 basehttp 20307 6123483136 "GET /admin/login/?next=/admin/ HTTP/1.1" 200 4359
INFO 2024-05-06 14:18:44,660 basehttp 20307 6123483136 "POST /admin/login/?next=/admin/ HTTP/1.1" 302 0
INFO 2024-05-06 14:18:44,668 basehttp 20307 6123483136 "GET /admin/ HTTP/1.1" 200 14979
INFO 2024-05-06 14:18:48,295 basehttp 20307 6123483136 "GET /admin/myapp5/ HTTP/1.1" 200 5863
INFO 2024-05-06 14:18:50,174 basehttp 20307 6123483136 "GET /admin/myapp5/product/ HTTP/1.1" 200 15752
INFO 2024-05-06 14:18:50,194 basehttp 20307 6123483136 "GET /admin/jsi18n/ HTTP/1.1" 200 17546
INFO 2024-05-06 14:18:50,205 basehttp 20307 6123483136 "GET /static/admin/img/sorting-icons.svg HTTP/1.1" 200 1097
INFO 2024-05-06 14:18:57,240 basehttp 20307 6123483136 "GET /admin/myapp5/category/ HTTP/1.1" 200 14256
INFO 2024-05-06 14:18:57,258 basehttp 20307 6123483136 "GET /admin/jsi18n/ HTTP/1.1" 200 17546
INFO 2024-05-06 14:19:00,196 basehttp 20307 6123483136 "GET /admin/myapp5/product/ HTTP/1.1" 200 15752
INFO 2024-05-06 14:19:00,218 basehttp 20307 6123483136 "GET /admin/jsi18n/ HTTP/1.1" 200 17546
INFO 2024-05-06 14:19:11,163 basehttp 20307 6123483136 "GET /admin/myapp5/product/?o=-2.-3 HTTP/1.1" 200 15936
INFO 2024-05-06 14:19:11,180 basehttp 20307 6123483136 "GET /admin/jsi18n/ HTTP/1.1" 200 17546
INFO 2024-05-06 14:19:11,966 basehttp 20307 6123483136 "GET /admin/myapp5/product/?o=2.-3 HTTP/1.1" 200 15926
INFO 2024-05-06 14:19:11,988 basehttp 20307 6123483136 "GET /admin/jsi18n/ HTTP/1.1" 200 17546
INFO 2024-05-06 14:19:12,622 basehttp 20307 6123483136 "GET /admin/myapp5/product/?o=-2.-3 HTTP/1.1" 200 15936
INFO 2024-05-06 14:19:12,641 basehttp 20307 6123483136 "GET /admin/jsi18n/ HTTP/1.1" 200 17546
INFO 2024-05-06 14:19:13,966 basehttp 20307 6123483136 "GET /admin/myapp5/product/?o=-2.3 HTTP/1.1" 200 15926
INFO 2024-05-06 14:19:13,984 basehttp 20307 6123483136 "GET /admin/jsi18n/ HTTP/1.1" 200 17546
INFO 2024-05-06 14:19:14,727 basehttp 20307 6123483136 "GET /admin/myapp5/product/?o=-2.-3 HTTP/1.1" 200 15936
INFO 2024-05-06 14:19:14,744 basehttp 20307 6123483136 "GET /admin/jsi18n/ HTTP/1.1" 200 17546
INFO 2024-05-06 14:20:37,629 autoreload 20307 8346892992 /Users/ainurshamsutdinov/Projects/geekbrains/django/1-lecture-django/myproject/myapp5/admin.py changed, reloading.
INFO 2024-05-06 14:20:37,896 autoreload 20342 8346892992 Watching for file changes with StatReloader
INFO 2024-05-06 14:20:46,439 basehttp 20342 6194229248 "GET /admin/myapp5/product/?o=-2.-3 HTTP/1.1" 200 17422
INFO 2024-05-06 14:20:46,449 basehttp 20342 6194229248 "GET /admin/jsi18n/ HTTP/1.1" 200 17546
INFO 2024-05-06 14:20:48,943 basehttp 20342 6194229248 "GET /admin/myapp5/product/?date_added__gte=2024-04-29+00%3A00%3A00%2B00%3A00&date_added__lt=2024-05-07+00%3A00%3A00%2B00%3A00&o=-2.-3 HTTP/1.1" 200 19365
INFO 2024-05-06 14:20:48,963 basehttp 20342 6194229248 "GET /admin/jsi18n/ HTTP/1.1" 200 17546
INFO 2024-05-06 14:20:49,996 basehttp 20342 6194229248 "GET /admin/myapp5/product/?date_added__gte=2024-05-06+00%3A00%3A00%2B00%3A00&date_added__lt=2024-05-07+00%3A00%3A00%2B00%3A00&o=-2.-3 HTTP/1.1" 200 19365
INFO 2024-05-06 14:20:50,024 basehttp 20342 6194229248 "GET /admin/jsi18n/ HTTP/1.1" 200 17546
INFO 2024-05-06 14:20:50,957 basehttp 20342 6194229248 "GET /admin/myapp5/product/?o=-2.-3 HTTP/1.1" 200 17422
INFO 2024-05-06 14:20:50,976 basehttp 20342 6194229248 "GET /admin/jsi18n/ HTTP/1.1" 200 17546
INFO 2024-05-06 14:20:52,298 basehttp 20342 6194229248 "GET /admin/myapp5/product/?date_added__gte=2024-01-01+00%3A00%3A00%2B00%3A00&date_added__lt=2025-01-01+00%3A00%3A00%2B00%3A00&o=-2.-3 HTTP/1.1" 200 19365
INFO 2024-05-06 14:20:52,331 basehttp 20342 6194229248 "GET /admin/jsi18n/ HTTP/1.1" 200 17546
INFO 2024-05-06 14:20:53,542 basehttp 20342 6194229248 "GET /admin/myapp5/product/?date_added__gte=2024-01-01+00%3A00%3A00%2B00%3A00&date_added__lt=2025-01-01+00%3A00%3A00%2B00%3A00&o=-2.-3&price=999999.99 HTTP/1.1" 200 19745
INFO 2024-05-06 14:20:53,559 basehttp 20342 6194229248 "GET /admin/jsi18n/ HTTP/1.1" 200 17546
INFO 2024-05-06 14:20:54,981 basehttp 20342 6194229248 "GET /admin/myapp5/product/?o=-2.-3&price=999999.99 HTTP/1.1" 200 17913
INFO 2024-05-06 14:20:54,998 basehttp 20342 6194229248 "GET /admin/jsi18n/ HTTP/1.1" 200 17546
INFO 2024-05-06 14:20:55,825 basehttp 20342 6194229248 "GET /admin/myapp5/product/?date_added__gte=2024-05-06+00%3A00%3A00%2B00%3A00&date_added__lt=2024-05-07+00%3A00%3A00%2B00%3A00&o=-2.-3&price=999999.99 HTTP/1.1" 200 19745
INFO 2024-05-06 14:20:55,845 basehttp 20342 6194229248 "GET /admin/jsi18n/ HTTP/1.1" 200 17546
INFO 2024-05-06 14:20:56,429 basehttp 20342 6194229248 "GET /admin/myapp5/product/?date_added__gte=2024-04-29+00%3A00%3A00%2B00%3A00&date_added__lt=2024-05-07+00%3A00%3A00%2B00%3A00&o=-2.-3&price=999999.99 HTTP/1.1" 200 19745
INFO 2024-05-06 14:20:56,457 basehttp 20342 6194229248 "GET /admin/jsi18n/ HTTP/1.1" 200 17546
INFO 2024-05-06 14:20:56,949 basehttp 20342 6194229248 "GET /admin/myapp5/product/?date_added__gte=2024-01-01+00%3A00%3A00%2B00%3A00&date_added__lt=2025-01-01+00%3A00%3A00%2B00%3A00&o=-2.-3&price=999999.99 HTTP/1.1" 200 19745
INFO 2024-05-06 14:20:56,969 basehttp 20342 6194229248 "GET /admin/jsi18n/ HTTP/1.1" 200 17546
INFO 2024-05-06 14:20:58,850 basehttp 20342 6194229248 "GET /admin/myapp5/product/?date_added__gte=2024-05-01+00%3A00%3A00%2B00%3A00&date_added__lt=2024-06-01+00%3A00%3A00%2B00%3A00&o=-2.-3&price=999999.99 HTTP/1.1" 200 19745
INFO 2024-05-06 14:20:58,879 basehttp 20342 6194229248 "GET /admin/jsi18n/ HTTP/1.1" 200 17546
INFO 2024-05-06 14:20:59,378 basehttp 20342 6194229248 "GET /admin/myapp5/product/?date_added__gte=2024-04-29+00%3A00%3A00%2B00%3A00&date_added__lt=2024-05-07+00%3A00%3A00%2B00%3A00&o=-2.-3&price=999999.99 HTTP/1.1" 200 19745
INFO 2024-05-06 14:20:59,398 basehttp 20342 6194229248 "GET /admin/jsi18n/ HTTP/1.1" 200 17546
INFO 2024-05-06 14:22:05,454 autoreload 20342 8346892992 /Users/ainurshamsutdinov/Projects/geekbrains/django/1-lecture-django/myproject/myapp5/admin.py changed, reloading.
INFO 2024-05-06 14:22:05,701 autoreload 20365 8346892992 Watching for file changes with StatReloader
INFO 2024-05-06 14:22:09,364 basehttp 20365 6158462976 "GET /admin/myapp5/product/?date_added__gte=2024-04-29+00%3A00%3A00%2B00%3A00&date_added__lt=2024-05-07+00%3A00%3A00%2B00%3A00&o=-2.-3&price=999999.99 HTTP/1.1" 200 20349
INFO 2024-05-06 14:22:09,384 basehttp 20365 6175289344 "GET /static/admin/img/search.svg HTTP/1.1" 200 458
INFO 2024-05-06 14:22:09,384 basehttp 20365 6158462976 "GET /admin/jsi18n/ HTTP/1.1" 200 17546
INFO 2024-05-06 14:22:19,003 basehttp 20365 6158462976 "GET /admin/myapp5/product/?q=%D0%B3%D1%80%D0%B5%D1%87%D0%BA%D0%B0&date_added__gte=2024-04-29+00%3A00%3A00%2B00%3A00&date_added__lt=2024-05-07+00%3A00%3A00%2B00%3A00&o=-2.-3&price=999999.99 HTTP/1.1" 200 15394
INFO 2024-05-06 14:22:19,033 basehttp 20365 6158462976 "GET /admin/jsi18n/ HTTP/1.1" 200 17546
INFO 2024-05-06 14:22:22,727 basehttp 20365 6158462976 "GET /admin/myapp5/product/?q=%D0%B3%D1%80%D0%B5%D1%87%D0%B0&date_added__gte=2024-04-29+00%3A00%3A00%2B00%3A00&date_added__lt=2024-05-07+00%3A00%3A00%2B00%3A00&o=-2.-3&price=999999.99 HTTP/1.1" 200 15328
INFO 2024-05-06 14:22:22,744 basehttp 20365 6158462976 "GET /admin/jsi18n/ HTTP/1.1" 200 17546
INFO 2024-05-06 14:22:32,606 basehttp 20365 6158462976 "GET /admin/myapp5/product/?q=%D0%93%D1%80%D0%B5%D1%87%D0%B0&date_added__gte=2024-04-29+00%3A00%3A00%2B00%3A00&date_added__lt=2024-05-07+00%3A00%3A00%2B00%3A00&o=-2.-3&price=999999.99 HTTP/1.1" 200 15328
INFO 2024-05-06 14:22:32,630 basehttp 20365 6158462976 "GET /admin/jsi18n/ HTTP/1.1" 200 17546
INFO 2024-05-06 14:22:33,615 basehttp 20365 6158462976 "GET /admin/myapp5/product/?q=%D0%B3%D1%80%D0%B5%D1%87%D0%B0&date_added__gte=2024-04-29+00%3A00%3A00%2B00%3A00&date_added__lt=2024-05-07+00%3A00%3A00%2B00%3A00&o=-2.-3&price=999999.99 HTTP/1.1" 200 15328
INFO 2024-05-06 14:22:34,299 basehttp 20365 6158462976 "GET /admin/myapp5/product/?q=%D0%B3%D1%80%D0%B5%D1%87%D0%BA%D0%B0&date_added__gte=2024-04-29+00%3A00%3A00%2B00%3A00&date_added__lt=2024-05-07+00%3A00%3A00%2B00%3A00&o=-2.-3&price=999999.99 HTTP/1.1" 200 15394
INFO 2024-05-06 14:22:34,858 basehttp 20365 6158462976 "GET /admin/myapp5/product/?date_added__gte=2024-04-29+00%3A00%3A00%2B00%3A00&date_added__lt=2024-05-07+00%3A00%3A00%2B00%3A00&o=-2.-3&price=999999.99 HTTP/1.1" 200 20349
INFO 2024-05-06 14:23:24,044 autoreload 20365 8346892992 /Users/ainurshamsutdinov/Projects/geekbrains/django/1-lecture-django/myproject/myapp5/admin.py changed, reloading.
INFO 2024-05-06 14:23:24,233 autoreload 20389 8346892992 Watching for file changes with StatReloader
INFO 2024-05-06 14:23:29,272 basehttp 20389 6160789504 "GET /admin/myapp5/product/?date_added__gte=2024-04-29+00%3A00%3A00%2B00%3A00&date_added__lt=2024-05-07+00%3A00%3A00%2B00%3A00&o=-2.-3&price=999999.99 HTTP/1.1" 200 20349
INFO 2024-05-06 14:23:29,283 basehttp 20389 6160789504 "GET /admin/jsi18n/ HTTP/1.1" 200 17546
INFO 2024-05-06 14:23:36,564 basehttp 20389 6160789504 "GET /admin/myapp5/product/?q=%D0%93%D1%80%D0%B5%D1%87%D0%B0&date_added__gte=2024-04-29+00%3A00%3A00%2B00%3A00&date_added__lt=2024-05-07+00%3A00%3A00%2B00%3A00&o=-2.-3&price=999999.99 HTTP/1.1" 200 18760
INFO 2024-05-06 14:23:36,587 basehttp 20389 6160789504 "GET /admin/jsi18n/ HTTP/1.1" 200 17546
INFO 2024-05-06 14:23:40,069 basehttp 20389 6160789504 "GET /admin/myapp5/product/3/change/?_changelist_filters=q%3D%25D0%2593%25D1%2580%25D0%25B5%25D1%2587%25D0%25B0%26date_added__gte%3D2024-04-29%2B00%253A00%253A00%252B00%253A00%26date_added__lt%3D2024-05-07%2B00%253A00%253A00%252B00%253A00%26o%3D-2.-3%26price%3D999999.99 HTTP/1.1" 200 17707
INFO 2024-05-06 14:23:40,097 basehttp 20389 6160789504 "GET /admin/jsi18n/ HTTP/1.1" 200 17546
INFO 2024-05-06 14:23:47,944 basehttp 20389 6160789504 "POST /admin/myapp5/product/3/change/?_changelist_filters=q%3D%25D0%2593%25D1%2580%25D0%25B5%25D1%2587%25D0%25B0%26date_added__gte%3D2024-04-29%2B00%253A00%253A00%252B00%253A00%26date_added__lt%3D2024-05-07%2B00%253A00%253A00%252B00%253A00%26o%3D-2.-3%26price%3D999999.99 HTTP/1.1" 302 0
INFO 2024-05-06 14:23:47,966 basehttp 20389 6160789504 "GET /admin/myapp5/product/?q=%D0%93%D1%80%D0%B5%D1%87%D0%B0&date_added__gte=2024-04-29+00%3A00%3A00%2B00%3A00&date_added__lt=2024-05-07+00%3A00%3A00%2B00%3A00&o=-2.-3&price=999999.99 HTTP/1.1" 200 18974
INFO 2024-05-06 14:23:47,989 basehttp 20389 6160789504 "GET /admin/jsi18n/ HTTP/1.1" 200 17546
INFO 2024-05-06 14:23:52,571 basehttp 20389 6160789504 "GET /admin/myapp5/product/?q=%D0%B3%D1%80%D0%B5%D1%87%D0%BA%D0%B0&date_added__gte=2024-04-29+00%3A00%3A00%2B00%3A00&date_added__lt=2024-05-07+00%3A00%3A00%2B00%3A00&o=-2.-3&price=999999.99 HTTP/1.1" 200 18878
INFO 2024-05-06 14:23:52,601 basehttp 20389 6160789504 "GET /admin/jsi18n/ HTTP/1.1" 200 17546
INFO 2024-05-06 14:40:59,410 autoreload 20389 8346892992 /Users/ainurshamsutdinov/Projects/geekbrains/django/1-lecture-django/myproject/myapp5/admin.py changed, reloading.
INFO 2024-05-06 14:40:59,668 autoreload 20464 8346892992 Watching for file changes with StatReloader
INFO 2024-05-06 14:41:05,125 basehttp 20464 6156480512 "GET /admin/myapp5/product/?q=%D0%B3%D1%80%D0%B5%D1%87%D0%BA%D0%B0&date_added__gte=2024-04-29+00%3A00%3A00%2B00%3A00&date_added__lt=2024-05-07+00%3A00%3A00%2B00%3A00&o=-2.-3&price=999999.99 HTTP/1.1" 200 19057
INFO 2024-05-06 14:41:05,148 basehttp 20464 6156480512 "GET /admin/jsi18n/ HTTP/1.1" 200 17546
INFO 2024-05-06 14:41:38,349 autoreload 20464 8346892992 /Users/ainurshamsutdinov/Projects/geekbrains/django/1-lecture-django/myproject/myapp5/admin.py changed, reloading.
INFO 2024-05-06 14:41:38,507 autoreload 20479 8346892992 Watching for file changes with StatReloader
INFO 2024-05-06 14:41:40,467 basehttp 20479 6131167232 "GET /admin/myapp5/product/?q=%D0%B3%D1%80%D0%B5%D1%87%D0%BA%D0%B0&date_added__gte=2024-04-29+00%3A00%3A00%2B00%3A00&date_added__lt=2024-05-07+00%3A00%3A00%2B00%3A00&o=-2.-3&price=999999.99 HTTP/1.1" 200 19089
INFO 2024-05-06 14:41:40,481 basehttp 20479 6131167232 "GET /admin/jsi18n/ HTTP/1.1" 200 17546
INFO 2024-05-06 14:41:52,831 autoreload 20479 8346892992 /Users/ainurshamsutdinov/Projects/geekbrains/django/1-lecture-django/myproject/myapp5/admin.py changed, reloading.
INFO 2024-05-06 14:41:52,998 autoreload 20487 8346892992 Watching for file changes with StatReloader
INFO 2024-05-06 14:41:56,396 basehttp 20487 6190968832 "GET /admin/myapp5/product/?q=%D0%B3%D1%80%D0%B5%D1%87%D0%BA%D0%B0&date_added__gte=2024-04-29+00%3A00%3A00%2B00%3A00&date_added__lt=2024-05-07+00%3A00%3A00%2B00%3A00&o=-2.-3&price=999999.99 HTTP/1.1" 200 19087
INFO 2024-05-06 14:41:56,409 basehttp 20487 6190968832 "GET /admin/jsi18n/ HTTP/1.1" 200 17546
INFO 2024-05-06 14:42:57,723 basehttp 20487 6190968832 "GET /admin/myapp5/product/ HTTP/1.1" 200 17690
INFO 2024-05-06 14:42:57,741 basehttp 20487 6190968832 "GET /admin/jsi18n/ HTTP/1.1" 200 17546
INFO 2024-05-06 14:44:50,198 basehttp 20487 6190968832 "GET /admin/myapp5/product/ HTTP/1.1" 200 17690
INFO 2024-05-06 14:44:50,219 basehttp 20487 6190968832 "GET /admin/jsi18n/ HTTP/1.1" 200 17546
INFO 2024-05-06 14:46:26,019 basehttp 20487 6190968832 "GET /admin/myapp5/product/ HTTP/1.1" 200 17690
INFO 2024-05-06 14:46:26,038 basehttp 20487 6190968832 "GET /admin/jsi18n/ HTTP/1.1" 200 17546
INFO 2024-05-06 14:46:29,425 basehttp 20487 6190968832 "GET /admin/myapp5/category/ HTTP/1.1" 200 14256
INFO 2024-05-06 14:46:29,455 basehttp 20487 6190968832 "GET /admin/jsi18n/ HTTP/1.1" 200 17546
INFO 2024-05-06 14:46:33,684 basehttp 20487 6190968832 "GET /admin/myapp5/product/ HTTP/1.1" 200 17690
INFO 2024-05-06 14:46:33,703 basehttp 20487 6190968832 "GET /admin/jsi18n/ HTTP/1.1" 200 17546
INFO 2024-05-06 14:48:25,071 basehttp 20487 6190968832 "GET /admin/myapp5/product/ HTTP/1.1" 200 17690
INFO 2024-05-06 14:48:25,088 basehttp 20487 6190968832 "GET /admin/jsi18n/ HTTP/1.1" 200 17546
INFO 2024-05-06 14:48:25,963 basehttp 20487 6190968832 "GET /admin/myapp4/user/ HTTP/1.1" 200 13714
INFO 2024-05-06 14:48:25,987 basehttp 20487 6190968832 "GET /admin/jsi18n/ HTTP/1.1" 200 17546
INFO 2024-05-06 14:48:30,898 basehttp 20487 6190968832 "GET /admin/myapp3/author/ HTTP/1.1" 200 17732
INFO 2024-05-06 14:48:30,917 basehttp 20487 6190968832 "GET /admin/jsi18n/ HTTP/1.1" 200 17546
INFO 2024-05-06 14:48:33,105 basehttp 20487 6190968832 "GET /admin/auth/user/ HTTP/1.1" 200 16412
INFO 2024-05-06 14:48:33,136 basehttp 20487 6190968832 "GET /admin/jsi18n/ HTTP/1.1" 200 17546
INFO 2024-05-06 14:48:41,280 basehttp 20487 6190968832 "GET /admin/auth/user/1/change/ HTTP/1.1" 200 29284
INFO 2024-05-06 14:48:41,307 basehttp 20487 6241447936 "GET /static/admin/js/SelectBox.js HTTP/1.1" 200 4530
INFO 2024-05-06 14:48:41,308 basehttp 20487 6207795200 "GET /static/admin/js/calendar.js HTTP/1.1" 200 9141
INFO 2024-05-06 14:48:41,309 basehttp 20487 6258274304 "GET /static/admin/js/SelectFilter2.js HTTP/1.1" 200 15492
INFO 2024-05-06 14:48:41,309 basehttp 20487 6190968832 "GET /admin/jsi18n/ HTTP/1.1" 200 17546
INFO 2024-05-06 14:48:41,309 basehttp 20487 6224621568 "GET /static/admin/js/admin/DateTimeShortcuts.js HTTP/1.1" 200 19319
INFO 2024-05-06 14:48:41,333 basehttp 20487 6190968832 "GET /static/admin/img/selector-icons.svg HTTP/1.1" 200 3291
INFO 2024-05-06 14:48:41,333 basehttp 20487 6258274304 "GET /static/admin/img/icon-unknown-alt.svg HTTP/1.1" 200 655
INFO 2024-05-06 14:48:41,334 basehttp 20487 6224621568 "GET /static/admin/img/icon-unknown.svg HTTP/1.1" 200 655
INFO 2024-05-06 14:48:41,334 basehttp 20487 6241447936 "GET /static/admin/img/icon-clock.svg HTTP/1.1" 200 677
INFO 2024-05-06 14:48:41,334 basehttp 20487 6207795200 "GET /static/admin/img/icon-calendar.svg HTTP/1.1" 200 1086
INFO 2024-05-06 14:48:48,561 basehttp 20487 6207795200 "POST /admin/auth/user/1/change/ HTTP/1.1" 302 0
INFO 2024-05-06 14:48:48,574 basehttp 20487 6207795200 "GET /admin/auth/user/ HTTP/1.1" 200 16633
INFO 2024-05-06 14:48:48,600 basehttp 20487 6207795200 "GET /admin/jsi18n/ HTTP/1.1" 200 17546
INFO 2024-05-06 14:48:50,566 basehttp 20487 6207795200 "GET /admin/myapp5/product/ HTTP/1.1" 200 17690
INFO 2024-05-06 14:48:50,586 basehttp 20487 6207795200 "GET /admin/jsi18n/ HTTP/1.1" 200 17546
INFO 2024-05-06 14:49:24,848 autoreload 20487 8346892992 /Users/ainurshamsutdinov/Projects/geekbrains/django/1-lecture-django/myproject/myapp5/admin.py changed, reloading.
INFO 2024-05-06 14:49:25,091 autoreload 20514 8346892992 Watching for file changes with StatReloader
INFO 2024-05-06 14:50:16,750 autoreload 20514 8346892992 /Users/ainurshamsutdinov/Projects/geekbrains/django/1-lecture-django/myproject/myapp5/admin.py changed, reloading.
INFO 2024-05-06 14:50:17,000 autoreload 20562 8346892992 Watching for file changes with StatReloader
INFO 2024-05-06 14:50:20,071 basehttp 20562 6170619904 "GET /admin/myapp5/product/ HTTP/1.1" 200 17787
INFO 2024-05-06 14:50:20,082 basehttp 20562 6170619904 "GET /admin/jsi18n/ HTTP/1.1" 200 17546
INFO 2024-05-06 14:51:37,578 basehttp 20562 6170619904 "POST /admin/myapp5/product/ HTTP/1.1" 302 0
INFO 2024-05-06 14:51:37,599 basehttp 20562 6170619904 "GET /admin/myapp5/product/ HTTP/1.1" 200 18057
INFO 2024-05-06 14:51:37,624 basehttp 20562 6170619904 "GET /admin/jsi18n/ HTTP/1.1" 200 17546
INFO 2024-05-06 14:51:37,636 basehttp 20562 6170619904 "GET /static/admin/img/icon-alert.svg HTTP/1.1" 200 504
INFO 2024-05-06 14:51:50,264 basehttp 20562 6170619904 "GET /admin/myapp5/product/4/change/ HTTP/1.1" 200 16977
INFO 2024-05-06 14:51:50,283 basehttp 20562 6170619904 "GET /admin/jsi18n/ HTTP/1.1" 200 17546
INFO 2024-05-06 14:51:56,985 basehttp 20562 6170619904 "POST /admin/myapp5/product/4/change/ HTTP/1.1" 302 0
INFO 2024-05-06 14:51:57,005 basehttp 20562 6170619904 "GET /admin/myapp5/product/4/change/ HTTP/1.1" 200 17268
INFO 2024-05-06 14:51:57,034 basehttp 20562 6170619904 "GET /admin/jsi18n/ HTTP/1.1" 200 17546
INFO 2024-05-06 14:51:58,638 basehttp 20562 6170619904 "POST /admin/myapp5/product/4/change/ HTTP/1.1" 302 0
INFO 2024-05-06 14:51:58,658 basehttp 20562 6170619904 "GET /admin/myapp5/product/ HTTP/1.1" 200 18001
INFO 2024-05-06 14:51:58,677 basehttp 20562 6170619904 "GET /admin/jsi18n/ HTTP/1.1" 200 17546
INFO 2024-05-06 14:52:00,480 basehttp 20562 6170619904 "GET /admin/myapp5/product/2/change/ HTTP/1.1" 200 17036
INFO 2024-05-06 14:52:00,500 basehttp 20562 6170619904 "GET /admin/jsi18n/ HTTP/1.1" 200 17546
INFO 2024-05-06 14:52:04,572 basehttp 20562 6170619904 "POST /admin/myapp5/product/2/change/ HTTP/1.1" 302 0
INFO 2024-05-06 14:52:04,598 basehttp 20562 6170619904 "GET /admin/myapp5/product/ HTTP/1.1" 200 18009
INFO 2024-05-06 14:52:04,613 basehttp 20562 6170619904 "GET /admin/jsi18n/ HTTP/1.1" 200 17546
INFO 2024-05-06 14:52:05,672 basehttp 20562 6170619904 "GET /admin/myapp5/product/4/change/ HTTP/1.1" 200 16977
INFO 2024-05-06 14:52:05,700 basehttp 20562 6170619904 "GET /admin/jsi18n/ HTTP/1.1" 200 17546
INFO 2024-05-06 14:52:07,347 basehttp 20562 6170619904 "POST /admin/myapp5/product/4/change/ HTTP/1.1" 302 0
INFO 2024-05-06 14:52:07,376 basehttp 20562 6170619904 "GET /admin/myapp5/product/ HTTP/1.1" 200 18003
INFO 2024-05-06 14:52:07,403 basehttp 20562 6170619904 "GET /admin/jsi18n/ HTTP/1.1" 200 17546
INFO 2024-05-06 14:52:08,473 basehttp 20562 6170619904 "GET /admin/myapp5/product/4/change/ HTTP/1.1" 200 16977
INFO 2024-05-06 14:52:08,502 basehttp 20562 6170619904 "GET /admin/jsi18n/ HTTP/1.1" 200 17546
INFO 2024-05-06 14:52:09,278 basehttp 20562 6170619904 "GET /admin/myapp5/product/ HTTP/1.1" 200 17789
INFO 2024-05-06 14:52:10,316 basehttp 20562 6170619904 "GET /admin/myapp5/product/1/change/ HTTP/1.1" 200 16985
INFO 2024-05-06 14:52:10,333 basehttp 20562 6170619904 "GET /admin/jsi18n/ HTTP/1.1" 200 17546
INFO 2024-05-06 14:52:14,699 basehttp 20562 6170619904 "POST /admin/myapp5/product/1/change/ HTTP/1.1" 302 0
INFO 2024-05-06 14:52:14,719 basehttp 20562 6170619904 "GET /admin/myapp5/product/ HTTP/1.1" 200 18009
INFO 2024-05-06 14:52:14,753 basehttp 20562 6170619904 "GET /admin/jsi18n/ HTTP/1.1" 200 17546
INFO 2024-05-06 14:52:15,785 basehttp 20562 6170619904 "GET /admin/myapp5/product/5/change/ HTTP/1.1" 200 17086
INFO 2024-05-06 14:52:15,799 basehttp 20562 6170619904 "GET /admin/jsi18n/ HTTP/1.1" 200 17546
INFO 2024-05-06 14:52:19,202 basehttp 20562 6170619904 "POST /admin/myapp5/product/5/change/ HTTP/1.1" 302 0
INFO 2024-05-06 14:52:19,224 basehttp 20562 6170619904 "GET /admin/myapp5/product/ HTTP/1.1" 200 18017
INFO 2024-05-06 14:52:19,257 basehttp 20562 6170619904 "GET /admin/jsi18n/ HTTP/1.1" 200 17546
INFO 2024-05-06 14:52:20,111 basehttp 20562 6170619904 "GET /admin/myapp5/product/3/change/ HTTP/1.1" 200 17008
INFO 2024-05-06 14:52:20,129 basehttp 20562 6170619904 "GET /admin/jsi18n/ HTTP/1.1" 200 17546
INFO 2024-05-06 14:52:25,245 basehttp 20562 6170619904 "POST /admin/myapp5/product/3/change/ HTTP/1.1" 302 0
INFO 2024-05-06 14:52:25,264 basehttp 20562 6170619904 "GET /admin/myapp5/product/ HTTP/1.1" 200 18011
INFO 2024-05-06 14:52:25,292 basehttp 20562 6170619904 "GET /admin/jsi18n/ HTTP/1.1" 200 17546
INFO 2024-05-06 14:52:33,993 basehttp 20562 6170619904 "POST /admin/myapp5/product/ HTTP/1.1" 302 0
INFO 2024-05-06 14:52:34,021 basehttp 20562 6170619904 "GET /admin/myapp5/product/ HTTP/1.1" 200 18067
INFO 2024-05-06 14:52:34,039 basehttp 20562 6170619904 "GET /admin/jsi18n/ HTTP/1.1" 200 17546
INFO 2024-05-06 14:52:43,995 basehttp 20562 6170619904 "POST /admin/myapp5/product/ HTTP/1.1" 302 0
INFO 2024-05-06 14:52:44,013 basehttp 20562 6170619904 "GET /admin/myapp5/product/ HTTP/1.1" 200 17795
INFO 2024-05-06 14:52:44,037 basehttp 20562 6170619904 "GET /admin/jsi18n/ HTTP/1.1" 200 17546
INFO 2024-05-06 14:55:38,540 autoreload 20562 8346892992 /Users/ainurshamsutdinov/Projects/geekbrains/django/1-lecture-django/myproject/myapp5/admin.py changed, reloading.
INFO 2024-05-06 14:55:38,752 autoreload 20590 8346892992 Watching for file changes with StatReloader
INFO 2024-05-06 14:55:58,091 autoreload 20590 8346892992 /Users/ainurshamsutdinov/Projects/geekbrains/django/1-lecture-django/myproject/myapp5/admin.py changed, reloading.
INFO 2024-05-06 14:55:58,244 autoreload 20601 8346892992 Watching for file changes with StatReloader
INFO 2024-05-06 14:56:11,031 basehttp 20601 6158249984 "GET /admin/myapp5/product/2/change/ HTTP/1.1" 200 16248
INFO 2024-05-06 14:56:11,051 basehttp 20601 6158249984 "GET /admin/jsi18n/ HTTP/1.1" 200 17546
INFO 2024-05-06 14:56:21,242 basehttp 20601 6158249984 "POST /admin/myapp5/product/2/change/ HTTP/1.1" 302 0
INFO 2024-05-06 14:56:21,276 basehttp 20601 6158249984 "GET /admin/myapp5/product/ HTTP/1.1" 200 18013
INFO 2024-05-06 14:56:21,301 basehttp 20601 6158249984 "GET /admin/jsi18n/ HTTP/1.1" 200 17546
INFO 2024-05-06 14:56:30,174 basehttp 20601 6158249984 "GET /admin/myapp5/product/1/change/ HTTP/1.1" 200 16197
INFO 2024-05-06 14:56:30,197 basehttp 20601 6158249984 "GET /admin/jsi18n/ HTTP/1.1" 200 17546
INFO 2024-05-06 14:56:50,939 basehttp 20601 6158249984 "POST /admin/myapp5/product/1/change/ HTTP/1.1" 302 0
INFO 2024-05-06 14:56:50,963 basehttp 20601 6158249984 "GET /admin/myapp5/product/ HTTP/1.1" 200 18009
INFO 2024-05-06 14:56:50,986 basehttp 20601 6158249984 "GET /admin/jsi18n/ HTTP/1.1" 200 17546
INFO 2024-05-06 14:59:28,840 autoreload 20601 8346892992 /Users/ainurshamsutdinov/Projects/geekbrains/django/1-lecture-django/myproject/myapp5/admin.py changed, reloading.
INFO 2024-05-06 14:59:29,088 autoreload 20621 8346892992 Watching for file changes with StatReloader
INFO 2024-05-06 14:59:31,727 basehttp 20621 6191968256 "GET /admin/myapp5/product/ HTTP/1.1" 200 17793
INFO 2024-05-06 14:59:31,745 basehttp 20621 6191968256 "GET /admin/jsi18n/ HTTP/1.1" 200 17546
INFO 2024-05-06 14:59:32,888 basehttp 20621 6191968256 "GET /admin/myapp5/product/2/change/ HTTP/1.1" 200 15713
INFO 2024-05-06 14:59:32,908 basehttp 20621 6191968256 "GET /admin/jsi18n/ HTTP/1.1" 200 17546
INFO 2024-05-06 14:59:46,477 autoreload 20621 8346892992 /Users/ainurshamsutdinov/Projects/geekbrains/django/1-lecture-django/myproject/myapp5/admin.py changed, reloading.
INFO 2024-05-06 14:59:46,707 autoreload 20628 8346892992 Watching for file changes with StatReloader
INFO 2024-05-06 14:59:48,169 basehttp 20628 6161297408 "GET /admin/myapp5/product/2/change/ HTTP/1.1" 200 16248
INFO 2024-05-06 14:59:48,186 basehttp 20628 6161297408 "GET /admin/jsi18n/ HTTP/1.1" 200 17546
INFO 2024-05-06 15:02:02,246 autoreload 20628 8346892992 /Users/ainurshamsutdinov/Projects/geekbrains/django/1-lecture-django/myproject/myapp5/admin.py changed, reloading.
INFO 2024-05-06 15:02:02,486 autoreload 20657 8346892992 Watching for file changes with StatReloader
INFO 2024-05-06 15:02:28,870 autoreload 20657 8346892992 /Users/ainurshamsutdinov/Projects/geekbrains/django/1-lecture-django/myproject/myapp5/admin.py changed, reloading.
INFO 2024-05-06 15:02:29,044 autoreload 20666 8346892992 Watching for file changes with StatReloader
INFO 2024-05-06 15:03:48,060 autoreload 20666 8346892992 /Users/ainurshamsutdinov/Projects/geekbrains/django/1-lecture-django/myproject/myapp5/admin.py changed, reloading.
INFO 2024-05-06 15:03:48,259 autoreload 20681 8346892992 Watching for file changes with StatReloader
INFO 2024-05-06 15:05:29,532 autoreload 20681 8346892992 /Users/ainurshamsutdinov/Projects/geekbrains/django/1-lecture-django/myproject/myapp5/admin.py changed, reloading.
INFO 2024-05-06 15:05:29,674 autoreload 20690 8346892992 Watching for file changes with StatReloader
INFO 2024-05-06 15:07:09,004 autoreload 20690 8346892992 /Users/ainurshamsutdinov/Projects/geekbrains/django/1-lecture-django/myproject/myapp5/admin.py changed, reloading.
INFO 2024-05-06 15:07:09,242 autoreload 20699 8346892992 Watching for file changes with StatReloader
INFO 2024-05-06 15:07:54,875 autoreload 20699 8346892992 /Users/ainurshamsutdinov/Projects/geekbrains/django/1-lecture-django/myproject/myapp5/admin.py changed, reloading.
INFO 2024-05-06 15:07:55,100 autoreload 20709 8346892992 Watching for file changes with StatReloader
INFO 2024-05-06 15:08:54,868 autoreload 20709 8346892992 /Users/ainurshamsutdinov/Projects/geekbrains/django/1-lecture-django/myproject/myapp5/admin.py changed, reloading.
INFO 2024-05-06 15:08:55,039 autoreload 20718 8346892992 Watching for file changes with StatReloader
INFO 2024-05-06 15:10:28,204 autoreload 20718 8346892992 /Users/ainurshamsutdinov/Projects/geekbrains/django/1-lecture-django/myproject/myapp5/admin.py changed, reloading.
INFO 2024-05-06 15:10:28,442 autoreload 20729 8346892992 Watching for file changes with StatReloader
INFO 2024-05-06 15:11:23,683 basehttp 20729 6196260864 "GET /admin/myapp5/product/2/change/ HTTP/1.1" 200 18161
INFO 2024-05-06 15:11:23,700 basehttp 20729 6213087232 "GET /static/admin/js/collapse.js HTTP/1.1" 200 1803
INFO 2024-05-06 15:11:23,702 basehttp 20729 6196260864 "GET /admin/jsi18n/ HTTP/1.1" 200 17546
INFO 2024-05-06 15:24:32,454 autoreload 20840 8346892992 Watching for file changes with StatReloader
INFO 2024-05-06 15:24:34,838 basehttp 20840 6136475648 "GET /admin/myapp5/product/2/change/ HTTP/1.1" 200 18161
INFO 2024-05-06 15:24:34,864 basehttp 20840 6136475648 "GET /admin/jsi18n/ HTTP/1.1" 200 17546
INFO 2024-05-06 15:24:45,328 basehttp 20840 6136475648 "POST /admin/myapp5/product/2/change/ HTTP/1.1" 302 0
INFO 2024-05-06 15:24:45,360 basehttp 20840 6136475648 "GET /admin/myapp5/product/ HTTP/1.1" 200 18013
INFO 2024-05-06 15:24:45,378 basehttp 20840 6136475648 "GET /admin/jsi18n/ HTTP/1.1" 200 17546
INFO 2024-05-06 15:25:39,899 basehttp 20840 6136475648 "GET /admin/myapp5/product/2/change/ HTTP/1.1" 200 18161
INFO 2024-05-06 15:25:39,934 basehttp 20840 6136475648 "GET /admin/jsi18n/ HTTP/1.1" 200 17546
INFO 2024-05-06 22:59:29,309 autoreload 25902 8346892992 Watching for file changes with StatReloader
WARNING 2024-05-06 22:59:37,632 log 25902 6162051072 Not Found: /sem_4/edit/item/3
WARNING 2024-05-06 22:59:37,632 basehttp 25902 6162051072 "GET /sem_4/edit/item/3 HTTP/1.1" 404 12830
WARNING 2024-05-06 23:00:11,463 log 25902 6162051072 Not Found: /sem_4/forms
WARNING 2024-05-06 23:00:11,463 basehttp 25902 6162051072 "GET /sem_4/forms HTTP/1.1" 404 12806
INFO 2024-05-06 23:00:11,485 basehttp 25902 6162051072 "GET /static/debug_toolbar/css/toolbar.css HTTP/1.1" 200 12621
INFO 2024-05-06 23:00:11,487 basehttp 25902 6195703808 "GET /static/debug_toolbar/css/print.css HTTP/1.1" 200 43
INFO 2024-05-06 23:00:11,487 basehttp 25902 6178877440 "GET /static/debug_toolbar/js/toolbar.js HTTP/1.1" 200 13578
INFO 2024-05-06 23:00:11,491 basehttp 25902 6178877440 "GET /static/debug_toolbar/js/utils.js HTTP/1.1" 200 4527
WARNING 2024-05-06 23:00:24,770 log 25902 6178877440 Not Found: /sem_4/user
WARNING 2024-05-06 23:00:24,770 basehttp 25902 6178877440 "GET /sem_4/user HTTP/1.1" 404 12802
WARNING 2024-05-06 23:00:40,891 log 25902 6178877440 Not Found: /les3/user
WARNING 2024-05-06 23:00:40,892 basehttp 25902 6178877440 "GET /les3/user HTTP/1.1" 404 14920
INFO 2024-05-06 23:00:49,559 basehttp 25902 6178877440 "GET /les4/user HTTP/1.1" 301 0
INFO 2024-05-06 23:00:49,586 basehttp 25902 6195703808 "GET /les4/user/ HTTP/1.1" 200 11007
INFO 2024-05-10 20:52:34,175 autoreload 2104 8386443968 Watching for file changes with StatReloader
INFO 2024-05-10 20:52:53,263 basehttp 2104 6196834304 "GET / HTTP/1.1" 200 10410
INFO 2024-05-10 20:52:53,272 basehttp 2104 6230487040 "GET /static/debug_toolbar/css/print.css HTTP/1.1" 200 43
INFO 2024-05-10 20:52:53,272 basehttp 2104 6213660672 "GET /static/debug_toolbar/js/toolbar.js HTTP/1.1" 200 13578
INFO 2024-05-10 20:52:53,272 basehttp 2104 6196834304 "GET /static/debug_toolbar/css/toolbar.css HTTP/1.1" 200 12621
INFO 2024-05-10 20:52:53,276 basehttp 2104 6196834304 "GET /static/debug_toolbar/js/utils.js HTTP/1.1" 200 4527
WARNING 2024-05-10 20:52:53,302 log 2104 6196834304 Not Found: /favicon.ico
WARNING 2024-05-10 20:52:53,303 basehttp 2104 6196834304 "GET /favicon.ico HTTP/1.1" 404 12804
INFO 2024-05-10 20:53:10,975 basehttp 2104 6196834304 "GET /admin/ HTTP/1.1" 200 25182
INFO 2024-05-10 20:53:10,985 basehttp 2104 6230487040 "GET /static/admin/css/dark_mode.css HTTP/1.1" 200 2682
INFO 2024-05-10 20:53:10,986 basehttp 2104 6213660672 "GET /static/admin/css/nav_sidebar.css HTTP/1.1" 200 2810
INFO 2024-05-10 20:53:10,986 basehttp 2104 6196834304 "GET /static/admin/css/base.css HTTP/1.1" 200 21544
INFO 2024-05-10 20:53:10,986 basehttp 2104 6247313408 "GET /static/admin/css/dashboard.css HTTP/1.1" 200 441
INFO 2024-05-10 20:53:10,986 basehttp 2104 6264139776 "GET /static/admin/css/responsive.css HTTP/1.1" 200 17905
INFO 2024-05-10 20:53:10,986 basehttp 2104 6280966144 "GET /static/admin/js/theme.js HTTP/1.1" 200 1943
INFO 2024-05-10 20:53:10,988 basehttp 2104 6213660672 "GET /static/admin/js/nav_sidebar.js HTTP/1.1" 200 3063
INFO 2024-05-10 20:53:10,991 basehttp 2104 6280966144 "GET /static/admin/img/icon-changelink.svg HTTP/1.1" 200 380
INFO 2024-05-10 20:53:10,991 basehttp 2104 6213660672 "GET /static/admin/img/icon-addlink.svg HTTP/1.1" 200 331
INFO 2024-05-11 00:28:20,812 autoreload 3793 8386443968 Watching for file changes with StatReloader
INFO 2024-05-11 00:29:40,668 autoreload 3793 8386443968 /Users/ainurshamsutdinov/Projects/geekbrains/django/1-lecture-django/myproject/myproject/urls.py changed, reloading.
INFO 2024-05-11 00:29:40,867 autoreload 3808 8386443968 Watching for file changes with StatReloader
INFO 2024-05-11 00:40:53,202 autoreload 4009 8386443968 Watching for file changes with StatReloader
WARNING 2024-05-11 00:41:03,622 log 4009 6161215488 Not Found: /les6/admin
WARNING 2024-05-11 00:41:03,622 basehttp 4009 6161215488 "GET /les6/admin HTTP/1.1" 404 13316
INFO 2024-05-11 00:41:13,599 basehttp 4009 6161215488 "GET /les6/db HTTP/1.1" 301 0
INFO 2024-05-11 00:41:13,650 basehttp 4009 6178041856 "GET /les6/db/ HTTP/1.1" 200 10500
INFO 2024-05-11 00:41:24,580 basehttp 4009 6178041856 "GET /les6/view/ HTTP/1.1" 200 10467
INFO 2024-05-11 00:41:34,893 basehttp 4009 6178041856 "GET /les6/template/ HTTP/1.1" 200 10480
INFO 2024-05-11 02:00:29,000 autoreload 4009 8386443968 /Users/ainurshamsutdinov/Projects/geekbrains/django/1-lecture-django/myproject/myproject/settings.py changed, reloading.
INFO 2024-05-11 02:00:29,196 autoreload 4324 8386443968 Watching for file changes with StatReloader
INFO 2024-05-11 02:00:56,903 autoreload 4324 8386443968 /Users/ainurshamsutdinov/Projects/geekbrains/django/1-lecture-django/myproject/myproject/settings.py changed, reloading.
INFO 2024-05-11 02:00:57,061 autoreload 4336 8386443968 Watching for file changes with StatReloader
INFO 2024-05-11 02:02:05,489 autoreload 4336 8386443968 /Users/ainurshamsutdinov/Projects/geekbrains/django/1-lecture-django/myproject/myproject/settings.py changed, reloading.
INFO 2024-05-11 02:02:05,667 autoreload 4351 8386443968 Watching for file changes with StatReloader
INFO 2024-05-11 02:04:59,032 autoreload 4351 8386443968 /Users/ainurshamsutdinov/Projects/geekbrains/django/1-lecture-django/myproject/myproject/settings.py changed, reloading.
INFO 2024-05-11 02:04:59,208 autoreload 4390 8386443968 Watching for file changes with StatReloader
INFO 2024-05-11 02:05:23,786 autoreload 4390 8386443968 /Users/ainurshamsutdinov/Projects/geekbrains/django/1-lecture-django/myproject/myproject/settings.py changed, reloading.
INFO 2024-05-11 02:05:23,951 autoreload 4395 8386443968 Watching for file changes with StatReloader
INFO 2024-05-11 02:06:41,593 autoreload 4395 8386443968 /Users/ainurshamsutdinov/Projects/geekbrains/django/1-lecture-django/myproject/myproject/settings.py changed, reloading.
INFO 2024-05-11 02:06:41,783 autoreload 4419 8386443968 Watching for file changes with StatReloader
INFO 2024-05-11 02:19:54,942 autoreload 4419 8386443968 /Users/ainurshamsutdinov/Projects/geekbrains/django/1-lecture-django/myproject/myproject/settings.py changed, reloading.
INFO 2024-05-11 02:19:55,095 autoreload 4494 8386443968 Watching for file changes with StatReloader
INFO 2024-05-11 02:21:25,346 autoreload 4494 8386443968 /Users/ainurshamsutdinov/Projects/geekbrains/django/1-lecture-django/myproject/myproject/settings.py changed, reloading.
INFO 2024-05-11 02:21:25,486 autoreload 4510 8386443968 Watching for file changes with StatReloader
INFO 2024-05-11 02:22:51,581 autoreload 4510 8386443968 /Users/ainurshamsutdinov/Projects/geekbrains/django/1-lecture-django/myproject/myproject/settings.py changed, reloading.
INFO 2024-05-11 02:22:51,741 autoreload 4533 8386443968 Watching for file changes with StatReloader
INFO 2024-05-11 02:23:10,064 autoreload 4533 8386443968 /Users/ainurshamsutdinov/Projects/geekbrains/django/1-lecture-django/myproject/myproject/settings.py changed, reloading.
INFO 2024-05-11 02:23:10,226 autoreload 4540 8386443968 Watching for file changes with StatReloader
